<?xml version="1.0" encoding="UTF-8"?>
<testsuite name="com.globantx.cardinalevaluator.CucumberConfig" tests="155" skipped="0" failures="0" errors="0" timestamp="2022-07-14T00:53:40" hostname="EC-IT00018" time="3.565">
  <properties/>
  <testcase name="El objetivo es que traduzca frases de todo tipo, que tengan numeros escritos en letras adentro, como por ejemplo: &quot;Quisiera transferir ciento cincuenta pesos a Juan Perez que vive en la calle Rivadavia cuarenta y tres&quot;-&gt; &quot;Quisiera transferir 150 pesos a Juan Perez que vive en la calle Rivadavia 43&quot; - Identificar numeros en una frase" classname="com.globantx.cardinalevaluator.CucumberConfig" time="2.979"/>
  <testcase name="El objetivo es que traduzca frases de todo tipo, que tengan numeros escritos en letras adentro, como por ejemplo: &quot;Quisiera transferir ciento cincuenta pesos a Juan Perez que vive en la calle Rivadavia cuarenta y tres&quot;-&gt; &quot;Quisiera transferir 150 pesos a Juan Perez que vive en la calle Rivadavia 43&quot; - Identificar dos un valor a transferir y una calle" classname="com.globantx.cardinalevaluator.CucumberConfig" time="0.008"/>
  <testcase name="El objetivo es que traduzca frases de todo tipo, que tengan numeros escritos en letras adentro, como por ejemplo: &quot;Quisiera transferir ciento cincuenta pesos a Juan Perez que vive en la calle Rivadavia cuarenta y tres&quot;-&gt; &quot;Quisiera transferir 150 pesos a Juan Perez que vive en la calle Rivadavia 43&quot; - Si la frase es un numero cardinal menor a veinte, se escribe directamente su correspondiente valor numerico - Examples - Example #1" classname="com.globantx.cardinalevaluator.CucumberConfig" time="0.006"/>
  <testcase name="El objetivo es que traduzca frases de todo tipo, que tengan numeros escritos en letras adentro, como por ejemplo: &quot;Quisiera transferir ciento cincuenta pesos a Juan Perez que vive en la calle Rivadavia cuarenta y tres&quot;-&gt; &quot;Quisiera transferir 150 pesos a Juan Perez que vive en la calle Rivadavia 43&quot; - Si la frase es un numero cardinal menor a veinte, se escribe directamente su correspondiente valor numerico - Examples - Example #2" classname="com.globantx.cardinalevaluator.CucumberConfig" time="0.006"/>
  <testcase name="El objetivo es que traduzca frases de todo tipo, que tengan numeros escritos en letras adentro, como por ejemplo: &quot;Quisiera transferir ciento cincuenta pesos a Juan Perez que vive en la calle Rivadavia cuarenta y tres&quot;-&gt; &quot;Quisiera transferir 150 pesos a Juan Perez que vive en la calle Rivadavia 43&quot; - Si la frase es un numero cardinal menor a veinte, se escribe directamente su correspondiente valor numerico - Examples - Example #3" classname="com.globantx.cardinalevaluator.CucumberConfig" time="0.006"/>
  <testcase name="El objetivo es que traduzca frases de todo tipo, que tengan numeros escritos en letras adentro, como por ejemplo: &quot;Quisiera transferir ciento cincuenta pesos a Juan Perez que vive en la calle Rivadavia cuarenta y tres&quot;-&gt; &quot;Quisiera transferir 150 pesos a Juan Perez que vive en la calle Rivadavia 43&quot; - Si la frase es un numero cardinal menor a veinte, se escribe directamente su correspondiente valor numerico - Examples - Example #4" classname="com.globantx.cardinalevaluator.CucumberConfig" time="0.006"/>
  <testcase name="El objetivo es que traduzca frases de todo tipo, que tengan numeros escritos en letras adentro, como por ejemplo: &quot;Quisiera transferir ciento cincuenta pesos a Juan Perez que vive en la calle Rivadavia cuarenta y tres&quot;-&gt; &quot;Quisiera transferir 150 pesos a Juan Perez que vive en la calle Rivadavia 43&quot; - Si la frase es un numero cardinal menor a veinte, se escribe directamente su correspondiente valor numerico - Examples - Example #5" classname="com.globantx.cardinalevaluator.CucumberConfig" time="0.007"/>
  <testcase name="El objetivo es que traduzca frases de todo tipo, que tengan numeros escritos en letras adentro, como por ejemplo: &quot;Quisiera transferir ciento cincuenta pesos a Juan Perez que vive en la calle Rivadavia cuarenta y tres&quot;-&gt; &quot;Quisiera transferir 150 pesos a Juan Perez que vive en la calle Rivadavia 43&quot; - Si la frase es un numero cardinal menor a veinte, se escribe directamente su correspondiente valor numerico - Examples - Example #6" classname="com.globantx.cardinalevaluator.CucumberConfig" time="0.005"/>
  <testcase name="El objetivo es que traduzca frases de todo tipo, que tengan numeros escritos en letras adentro, como por ejemplo: &quot;Quisiera transferir ciento cincuenta pesos a Juan Perez que vive en la calle Rivadavia cuarenta y tres&quot;-&gt; &quot;Quisiera transferir 150 pesos a Juan Perez que vive en la calle Rivadavia 43&quot; - Si la frase es un numero cardinal menor a veinte, se escribe directamente su correspondiente valor numerico - Examples - Example #7" classname="com.globantx.cardinalevaluator.CucumberConfig" time="0.005"/>
  <testcase name="El objetivo es que traduzca frases de todo tipo, que tengan numeros escritos en letras adentro, como por ejemplo: &quot;Quisiera transferir ciento cincuenta pesos a Juan Perez que vive en la calle Rivadavia cuarenta y tres&quot;-&gt; &quot;Quisiera transferir 150 pesos a Juan Perez que vive en la calle Rivadavia 43&quot; - Si la frase es un numero cardinal menor a veinte, se escribe directamente su correspondiente valor numerico - Examples - Example #8" classname="com.globantx.cardinalevaluator.CucumberConfig" time="0.006"/>
  <testcase name="El objetivo es que traduzca frases de todo tipo, que tengan numeros escritos en letras adentro, como por ejemplo: &quot;Quisiera transferir ciento cincuenta pesos a Juan Perez que vive en la calle Rivadavia cuarenta y tres&quot;-&gt; &quot;Quisiera transferir 150 pesos a Juan Perez que vive en la calle Rivadavia 43&quot; - Si la frase es un numero cardinal menor a veinte, se escribe directamente su correspondiente valor numerico - Examples - Example #9" classname="com.globantx.cardinalevaluator.CucumberConfig" time="0.007"/>
  <testcase name="El objetivo es que traduzca frases de todo tipo, que tengan numeros escritos en letras adentro, como por ejemplo: &quot;Quisiera transferir ciento cincuenta pesos a Juan Perez que vive en la calle Rivadavia cuarenta y tres&quot;-&gt; &quot;Quisiera transferir 150 pesos a Juan Perez que vive en la calle Rivadavia 43&quot; - Si la frase es un numero cardinal menor a veinte, se escribe directamente su correspondiente valor numerico - Examples - Example #10" classname="com.globantx.cardinalevaluator.CucumberConfig" time="0.006"/>
  <testcase name="El objetivo es que traduzca frases de todo tipo, que tengan numeros escritos en letras adentro, como por ejemplo: &quot;Quisiera transferir ciento cincuenta pesos a Juan Perez que vive en la calle Rivadavia cuarenta y tres&quot;-&gt; &quot;Quisiera transferir 150 pesos a Juan Perez que vive en la calle Rivadavia 43&quot; - Si la frase es un numero cardinal menor a veinte, se escribe directamente su correspondiente valor numerico - Examples - Example #11" classname="com.globantx.cardinalevaluator.CucumberConfig" time="0.009"/>
  <testcase name="El objetivo es que traduzca frases de todo tipo, que tengan numeros escritos en letras adentro, como por ejemplo: &quot;Quisiera transferir ciento cincuenta pesos a Juan Perez que vive en la calle Rivadavia cuarenta y tres&quot;-&gt; &quot;Quisiera transferir 150 pesos a Juan Perez que vive en la calle Rivadavia 43&quot; - Si la frase es un numero cardinal menor a veinte, se escribe directamente su correspondiente valor numerico - Examples - Example #12" classname="com.globantx.cardinalevaluator.CucumberConfig" time="0.008"/>
  <testcase name="El objetivo es que traduzca frases de todo tipo, que tengan numeros escritos en letras adentro, como por ejemplo: &quot;Quisiera transferir ciento cincuenta pesos a Juan Perez que vive en la calle Rivadavia cuarenta y tres&quot;-&gt; &quot;Quisiera transferir 150 pesos a Juan Perez que vive en la calle Rivadavia 43&quot; - Si la frase es un numero cardinal menor a veinte, se escribe directamente su correspondiente valor numerico - Examples - Example #13" classname="com.globantx.cardinalevaluator.CucumberConfig" time="0.006"/>
  <testcase name="El objetivo es que traduzca frases de todo tipo, que tengan numeros escritos en letras adentro, como por ejemplo: &quot;Quisiera transferir ciento cincuenta pesos a Juan Perez que vive en la calle Rivadavia cuarenta y tres&quot;-&gt; &quot;Quisiera transferir 150 pesos a Juan Perez que vive en la calle Rivadavia 43&quot; - Si la frase es un numero cardinal menor a veinte, se escribe directamente su correspondiente valor numerico - Examples - Example #14" classname="com.globantx.cardinalevaluator.CucumberConfig" time="0.01"/>
  <testcase name="El objetivo es que traduzca frases de todo tipo, que tengan numeros escritos en letras adentro, como por ejemplo: &quot;Quisiera transferir ciento cincuenta pesos a Juan Perez que vive en la calle Rivadavia cuarenta y tres&quot;-&gt; &quot;Quisiera transferir 150 pesos a Juan Perez que vive en la calle Rivadavia 43&quot; - Si la frase es un numero cardinal menor a veinte, se escribe directamente su correspondiente valor numerico - Examples - Example #15" classname="com.globantx.cardinalevaluator.CucumberConfig" time="0.005"/>
  <testcase name="El objetivo es que traduzca frases de todo tipo, que tengan numeros escritos en letras adentro, como por ejemplo: &quot;Quisiera transferir ciento cincuenta pesos a Juan Perez que vive en la calle Rivadavia cuarenta y tres&quot;-&gt; &quot;Quisiera transferir 150 pesos a Juan Perez que vive en la calle Rivadavia 43&quot; - Si la frase es un numero cardinal menor a veinte, se escribe directamente su correspondiente valor numerico - Examples - Example #16" classname="com.globantx.cardinalevaluator.CucumberConfig" time="0.007"/>
  <testcase name="El objetivo es que traduzca frases de todo tipo, que tengan numeros escritos en letras adentro, como por ejemplo: &quot;Quisiera transferir ciento cincuenta pesos a Juan Perez que vive en la calle Rivadavia cuarenta y tres&quot;-&gt; &quot;Quisiera transferir 150 pesos a Juan Perez que vive en la calle Rivadavia 43&quot; - Si la frase es un numero cardinal menor a veinte, se escribe directamente su correspondiente valor numerico - Examples - Example #17" classname="com.globantx.cardinalevaluator.CucumberConfig" time="0.006"/>
  <testcase name="El objetivo es que traduzca frases de todo tipo, que tengan numeros escritos en letras adentro, como por ejemplo: &quot;Quisiera transferir ciento cincuenta pesos a Juan Perez que vive en la calle Rivadavia cuarenta y tres&quot;-&gt; &quot;Quisiera transferir 150 pesos a Juan Perez que vive en la calle Rivadavia 43&quot; - Si la frase es un numero cardinal menor a veinte, se escribe directamente su correspondiente valor numerico - Examples - Example #18" classname="com.globantx.cardinalevaluator.CucumberConfig" time="0.005"/>
  <testcase name="El objetivo es que traduzca frases de todo tipo, que tengan numeros escritos en letras adentro, como por ejemplo: &quot;Quisiera transferir ciento cincuenta pesos a Juan Perez que vive en la calle Rivadavia cuarenta y tres&quot;-&gt; &quot;Quisiera transferir 150 pesos a Juan Perez que vive en la calle Rivadavia 43&quot; - Si la frase es un numero cardinal menor a veinte, se escribe directamente su correspondiente valor numerico - Examples - Example #19" classname="com.globantx.cardinalevaluator.CucumberConfig" time="0.005"/>
  <testcase name="El objetivo es que traduzca frases de todo tipo, que tengan numeros escritos en letras adentro, como por ejemplo: &quot;Quisiera transferir ciento cincuenta pesos a Juan Perez que vive en la calle Rivadavia cuarenta y tres&quot;-&gt; &quot;Quisiera transferir 150 pesos a Juan Perez que vive en la calle Rivadavia 43&quot; - Si la frase es un numero cardinal menor a veinte, se escribe directamente su correspondiente valor numerico - Examples - Example #20" classname="com.globantx.cardinalevaluator.CucumberConfig" time="0.005"/>
  <testcase name="El objetivo es que traduzca frases de todo tipo, que tengan numeros escritos en letras adentro, como por ejemplo: &quot;Quisiera transferir ciento cincuenta pesos a Juan Perez que vive en la calle Rivadavia cuarenta y tres&quot;-&gt; &quot;Quisiera transferir 150 pesos a Juan Perez que vive en la calle Rivadavia 43&quot; - Validar escenarios de numeros que sean invalidos - Examples - Example #1" classname="com.globantx.cardinalevaluator.CucumberConfig" time="0.006"/>
  <testcase name="El objetivo es que traduzca frases de todo tipo, que tengan numeros escritos en letras adentro, como por ejemplo: &quot;Quisiera transferir ciento cincuenta pesos a Juan Perez que vive en la calle Rivadavia cuarenta y tres&quot;-&gt; &quot;Quisiera transferir 150 pesos a Juan Perez que vive en la calle Rivadavia 43&quot; - Validar escenarios de numeros que sean invalidos - Examples - Example #2" classname="com.globantx.cardinalevaluator.CucumberConfig" time="0.004"/>
  <testcase name="El objetivo es que traduzca frases de todo tipo, que tengan numeros escritos en letras adentro, como por ejemplo: &quot;Quisiera transferir ciento cincuenta pesos a Juan Perez que vive en la calle Rivadavia cuarenta y tres&quot;-&gt; &quot;Quisiera transferir 150 pesos a Juan Perez que vive en la calle Rivadavia 43&quot; - Validar escenarios de numeros que sean invalidos - Examples - Example #3" classname="com.globantx.cardinalevaluator.CucumberConfig" time="0.005"/>
  <testcase name="El objetivo es que traduzca frases de todo tipo, que tengan numeros escritos en letras adentro, como por ejemplo: &quot;Quisiera transferir ciento cincuenta pesos a Juan Perez que vive en la calle Rivadavia cuarenta y tres&quot;-&gt; &quot;Quisiera transferir 150 pesos a Juan Perez que vive en la calle Rivadavia 43&quot; - Validar escenarios de numeros que sean invalidos - Examples - Example #4" classname="com.globantx.cardinalevaluator.CucumberConfig" time="0.005"/>
  <testcase name="El objetivo es que traduzca frases de todo tipo, que tengan numeros escritos en letras adentro, como por ejemplo: &quot;Quisiera transferir ciento cincuenta pesos a Juan Perez que vive en la calle Rivadavia cuarenta y tres&quot;-&gt; &quot;Quisiera transferir 150 pesos a Juan Perez que vive en la calle Rivadavia 43&quot; - Validar escenarios de numeros que sean invalidos - Examples - Example #5" classname="com.globantx.cardinalevaluator.CucumberConfig" time="0.005"/>
  <testcase name="El objetivo es que traduzca frases de todo tipo, que tengan numeros escritos en letras adentro, como por ejemplo: &quot;Quisiera transferir ciento cincuenta pesos a Juan Perez que vive en la calle Rivadavia cuarenta y tres&quot;-&gt; &quot;Quisiera transferir 150 pesos a Juan Perez que vive en la calle Rivadavia 43&quot; - Validar escenarios de numeros que sean invalidos - Examples - Example #6" classname="com.globantx.cardinalevaluator.CucumberConfig" time="0.004"/>
  <testcase name="El objetivo es que traduzca frases de todo tipo, que tengan numeros escritos en letras adentro, como por ejemplo: &quot;Quisiera transferir ciento cincuenta pesos a Juan Perez que vive en la calle Rivadavia cuarenta y tres&quot;-&gt; &quot;Quisiera transferir 150 pesos a Juan Perez que vive en la calle Rivadavia 43&quot; - Validar escenarios de numeros que sean invalidos - Examples - Example #7" classname="com.globantx.cardinalevaluator.CucumberConfig" time="0.004"/>
  <testcase name="El objetivo es que traduzca frases de todo tipo, que tengan numeros escritos en letras adentro, como por ejemplo: &quot;Quisiera transferir ciento cincuenta pesos a Juan Perez que vive en la calle Rivadavia cuarenta y tres&quot;-&gt; &quot;Quisiera transferir 150 pesos a Juan Perez que vive en la calle Rivadavia 43&quot; - Validar escenarios de numeros que sean invalidos - Examples - Example #8" classname="com.globantx.cardinalevaluator.CucumberConfig" time="0.004"/>
  <testcase name="El objetivo es que traduzca frases de todo tipo, que tengan numeros escritos en letras adentro, como por ejemplo: &quot;Quisiera transferir ciento cincuenta pesos a Juan Perez que vive en la calle Rivadavia cuarenta y tres&quot;-&gt; &quot;Quisiera transferir 150 pesos a Juan Perez que vive en la calle Rivadavia 43&quot; - Validar escenarios de numeros que sean invalidos - Examples - Example #9" classname="com.globantx.cardinalevaluator.CucumberConfig" time="0.004"/>
  <testcase name="El objetivo es que traduzca frases de todo tipo, que tengan numeros escritos en letras adentro, como por ejemplo: &quot;Quisiera transferir ciento cincuenta pesos a Juan Perez que vive en la calle Rivadavia cuarenta y tres&quot;-&gt; &quot;Quisiera transferir 150 pesos a Juan Perez que vive en la calle Rivadavia 43&quot; - Validar escenarios de numeros que sean invalidos - Examples - Example #10" classname="com.globantx.cardinalevaluator.CucumberConfig" time="0.003"/>
  <testcase name="El objetivo es que traduzca frases de todo tipo, que tengan numeros escritos en letras adentro, como por ejemplo: &quot;Quisiera transferir ciento cincuenta pesos a Juan Perez que vive en la calle Rivadavia cuarenta y tres&quot;-&gt; &quot;Quisiera transferir 150 pesos a Juan Perez que vive en la calle Rivadavia 43&quot; - Validar escenarios de numeros que sean invalidos - Examples - Example #11" classname="com.globantx.cardinalevaluator.CucumberConfig" time="0.004"/>
  <testcase name="El objetivo es que traduzca frases de todo tipo, que tengan numeros escritos en letras adentro, como por ejemplo: &quot;Quisiera transferir ciento cincuenta pesos a Juan Perez que vive en la calle Rivadavia cuarenta y tres&quot;-&gt; &quot;Quisiera transferir 150 pesos a Juan Perez que vive en la calle Rivadavia 43&quot; - Validar escenarios de numeros que sean invalidos - Examples - Example #12" classname="com.globantx.cardinalevaluator.CucumberConfig" time="0.004"/>
  <testcase name="El objetivo es que traduzca frases de todo tipo, que tengan numeros escritos en letras adentro, como por ejemplo: &quot;Quisiera transferir ciento cincuenta pesos a Juan Perez que vive en la calle Rivadavia cuarenta y tres&quot;-&gt; &quot;Quisiera transferir 150 pesos a Juan Perez que vive en la calle Rivadavia 43&quot; - Si la frase es un numero cardinal mayor a 20 y menor o igual a 99, se escribe directamente su correspondiente valor numerico o se compone - Examples - Example #1" classname="com.globantx.cardinalevaluator.CucumberConfig" time="0.005"/>
  <testcase name="El objetivo es que traduzca frases de todo tipo, que tengan numeros escritos en letras adentro, como por ejemplo: &quot;Quisiera transferir ciento cincuenta pesos a Juan Perez que vive en la calle Rivadavia cuarenta y tres&quot;-&gt; &quot;Quisiera transferir 150 pesos a Juan Perez que vive en la calle Rivadavia 43&quot; - Si la frase es un numero cardinal mayor a 20 y menor o igual a 99, se escribe directamente su correspondiente valor numerico o se compone - Examples - Example #2" classname="com.globantx.cardinalevaluator.CucumberConfig" time="0.006"/>
  <testcase name="El objetivo es que traduzca frases de todo tipo, que tengan numeros escritos en letras adentro, como por ejemplo: &quot;Quisiera transferir ciento cincuenta pesos a Juan Perez que vive en la calle Rivadavia cuarenta y tres&quot;-&gt; &quot;Quisiera transferir 150 pesos a Juan Perez que vive en la calle Rivadavia 43&quot; - Si la frase es un numero cardinal mayor a 20 y menor o igual a 99, se escribe directamente su correspondiente valor numerico o se compone - Examples - Example #3" classname="com.globantx.cardinalevaluator.CucumberConfig" time="0.006"/>
  <testcase name="El objetivo es que traduzca frases de todo tipo, que tengan numeros escritos en letras adentro, como por ejemplo: &quot;Quisiera transferir ciento cincuenta pesos a Juan Perez que vive en la calle Rivadavia cuarenta y tres&quot;-&gt; &quot;Quisiera transferir 150 pesos a Juan Perez que vive en la calle Rivadavia 43&quot; - Si la frase es un numero cardinal mayor a 20 y menor o igual a 99, se escribe directamente su correspondiente valor numerico o se compone - Examples - Example #4" classname="com.globantx.cardinalevaluator.CucumberConfig" time="0.005"/>
  <testcase name="El objetivo es que traduzca frases de todo tipo, que tengan numeros escritos en letras adentro, como por ejemplo: &quot;Quisiera transferir ciento cincuenta pesos a Juan Perez que vive en la calle Rivadavia cuarenta y tres&quot;-&gt; &quot;Quisiera transferir 150 pesos a Juan Perez que vive en la calle Rivadavia 43&quot; - Si la frase es un numero cardinal mayor a 20 y menor o igual a 99, se escribe directamente su correspondiente valor numerico o se compone - Examples - Example #5" classname="com.globantx.cardinalevaluator.CucumberConfig" time="0.004"/>
  <testcase name="El objetivo es que traduzca frases de todo tipo, que tengan numeros escritos en letras adentro, como por ejemplo: &quot;Quisiera transferir ciento cincuenta pesos a Juan Perez que vive en la calle Rivadavia cuarenta y tres&quot;-&gt; &quot;Quisiera transferir 150 pesos a Juan Perez que vive en la calle Rivadavia 43&quot; - Si la frase es un numero cardinal mayor a 20 y menor o igual a 99, se escribe directamente su correspondiente valor numerico o se compone - Examples - Example #6" classname="com.globantx.cardinalevaluator.CucumberConfig" time="0.004"/>
  <testcase name="El objetivo es que traduzca frases de todo tipo, que tengan numeros escritos en letras adentro, como por ejemplo: &quot;Quisiera transferir ciento cincuenta pesos a Juan Perez que vive en la calle Rivadavia cuarenta y tres&quot;-&gt; &quot;Quisiera transferir 150 pesos a Juan Perez que vive en la calle Rivadavia 43&quot; - Si la frase es un numero cardinal mayor a 20 y menor o igual a 99, se escribe directamente su correspondiente valor numerico o se compone - Examples - Example #7" classname="com.globantx.cardinalevaluator.CucumberConfig" time="0.004"/>
  <testcase name="El objetivo es que traduzca frases de todo tipo, que tengan numeros escritos en letras adentro, como por ejemplo: &quot;Quisiera transferir ciento cincuenta pesos a Juan Perez que vive en la calle Rivadavia cuarenta y tres&quot;-&gt; &quot;Quisiera transferir 150 pesos a Juan Perez que vive en la calle Rivadavia 43&quot; - Si la frase es un numero cardinal mayor a 20 y menor o igual a 99, se escribe directamente su correspondiente valor numerico o se compone - Examples - Example #8" classname="com.globantx.cardinalevaluator.CucumberConfig" time="0.004"/>
  <testcase name="El objetivo es que traduzca frases de todo tipo, que tengan numeros escritos en letras adentro, como por ejemplo: &quot;Quisiera transferir ciento cincuenta pesos a Juan Perez que vive en la calle Rivadavia cuarenta y tres&quot;-&gt; &quot;Quisiera transferir 150 pesos a Juan Perez que vive en la calle Rivadavia 43&quot; - Si la frase es un numero cardinal mayor a 20 y menor o igual a 99, se escribe directamente su correspondiente valor numerico o se compone - Examples - Example #9" classname="com.globantx.cardinalevaluator.CucumberConfig" time="0.004"/>
  <testcase name="El objetivo es que traduzca frases de todo tipo, que tengan numeros escritos en letras adentro, como por ejemplo: &quot;Quisiera transferir ciento cincuenta pesos a Juan Perez que vive en la calle Rivadavia cuarenta y tres&quot;-&gt; &quot;Quisiera transferir 150 pesos a Juan Perez que vive en la calle Rivadavia 43&quot; - Si la frase es un numero cardinal mayor a 20 y menor o igual a 99, se escribe directamente su correspondiente valor numerico o se compone - Examples - Example #10" classname="com.globantx.cardinalevaluator.CucumberConfig" time="0.004"/>
  <testcase name="El objetivo es que traduzca frases de todo tipo, que tengan numeros escritos en letras adentro, como por ejemplo: &quot;Quisiera transferir ciento cincuenta pesos a Juan Perez que vive en la calle Rivadavia cuarenta y tres&quot;-&gt; &quot;Quisiera transferir 150 pesos a Juan Perez que vive en la calle Rivadavia 43&quot; - Si la frase es un numero cardinal mayor a 20 y menor o igual a 99, se escribe directamente su correspondiente valor numerico o se compone - Examples - Example #11" classname="com.globantx.cardinalevaluator.CucumberConfig" time="0.003"/>
  <testcase name="El objetivo es que traduzca frases de todo tipo, que tengan numeros escritos en letras adentro, como por ejemplo: &quot;Quisiera transferir ciento cincuenta pesos a Juan Perez que vive en la calle Rivadavia cuarenta y tres&quot;-&gt; &quot;Quisiera transferir 150 pesos a Juan Perez que vive en la calle Rivadavia 43&quot; - Si la frase es un numero cardinal mayor a 20 y menor o igual a 99, se escribe directamente su correspondiente valor numerico o se compone - Examples - Example #12" classname="com.globantx.cardinalevaluator.CucumberConfig" time="0.004"/>
  <testcase name="El objetivo es que traduzca frases de todo tipo, que tengan numeros escritos en letras adentro, como por ejemplo: &quot;Quisiera transferir ciento cincuenta pesos a Juan Perez que vive en la calle Rivadavia cuarenta y tres&quot;-&gt; &quot;Quisiera transferir 150 pesos a Juan Perez que vive en la calle Rivadavia 43&quot; - Si la frase es un numero cardinal mayor a 20 y menor o igual a 99, se escribe directamente su correspondiente valor numerico o se compone - Examples - Example #13" classname="com.globantx.cardinalevaluator.CucumberConfig" time="0.004"/>
  <testcase name="El objetivo es que traduzca frases de todo tipo, que tengan numeros escritos en letras adentro, como por ejemplo: &quot;Quisiera transferir ciento cincuenta pesos a Juan Perez que vive en la calle Rivadavia cuarenta y tres&quot;-&gt; &quot;Quisiera transferir 150 pesos a Juan Perez que vive en la calle Rivadavia 43&quot; - Si la frase es un numero cardinal mayor a 20 y menor o igual a 99, se escribe directamente su correspondiente valor numerico o se compone - Examples - Example #14" classname="com.globantx.cardinalevaluator.CucumberConfig" time="0.003"/>
  <testcase name="El objetivo es que traduzca frases de todo tipo, que tengan numeros escritos en letras adentro, como por ejemplo: &quot;Quisiera transferir ciento cincuenta pesos a Juan Perez que vive en la calle Rivadavia cuarenta y tres&quot;-&gt; &quot;Quisiera transferir 150 pesos a Juan Perez que vive en la calle Rivadavia 43&quot; - Si la frase es un numero cardinal mayor a 20 y menor o igual a 99, se escribe directamente su correspondiente valor numerico o se compone - Examples - Example #15" classname="com.globantx.cardinalevaluator.CucumberConfig" time="0.004"/>
  <testcase name="El objetivo es que traduzca frases de todo tipo, que tengan numeros escritos en letras adentro, como por ejemplo: &quot;Quisiera transferir ciento cincuenta pesos a Juan Perez que vive en la calle Rivadavia cuarenta y tres&quot;-&gt; &quot;Quisiera transferir 150 pesos a Juan Perez que vive en la calle Rivadavia 43&quot; - Si la frase es un numero cardinal mayor a 20 y menor o igual a 99, se escribe directamente su correspondiente valor numerico o se compone - Examples - Example #16" classname="com.globantx.cardinalevaluator.CucumberConfig" time="0.004"/>
  <testcase name="El objetivo es que traduzca frases de todo tipo, que tengan numeros escritos en letras adentro, como por ejemplo: &quot;Quisiera transferir ciento cincuenta pesos a Juan Perez que vive en la calle Rivadavia cuarenta y tres&quot;-&gt; &quot;Quisiera transferir 150 pesos a Juan Perez que vive en la calle Rivadavia 43&quot; - Si la frase es un numero cardinal mayor a 20 y menor o igual a 99, se escribe directamente su correspondiente valor numerico o se compone - Examples - Example #17" classname="com.globantx.cardinalevaluator.CucumberConfig" time="0.003"/>
  <testcase name="El objetivo es que traduzca frases de todo tipo, que tengan numeros escritos en letras adentro, como por ejemplo: &quot;Quisiera transferir ciento cincuenta pesos a Juan Perez que vive en la calle Rivadavia cuarenta y tres&quot;-&gt; &quot;Quisiera transferir 150 pesos a Juan Perez que vive en la calle Rivadavia 43&quot; - Si la frase es un numero cardinal mayor a 20 y menor o igual a 99, se escribe directamente su correspondiente valor numerico o se compone - Examples - Example #18" classname="com.globantx.cardinalevaluator.CucumberConfig" time="0.004"/>
  <testcase name="El objetivo es que traduzca frases de todo tipo, que tengan numeros escritos en letras adentro, como por ejemplo: &quot;Quisiera transferir ciento cincuenta pesos a Juan Perez que vive en la calle Rivadavia cuarenta y tres&quot;-&gt; &quot;Quisiera transferir 150 pesos a Juan Perez que vive en la calle Rivadavia 43&quot; - Si la frase es un numero cardinal mayor a 20 y menor o igual a 99, se escribe directamente su correspondiente valor numerico o se compone - Examples - Example #19" classname="com.globantx.cardinalevaluator.CucumberConfig" time="0.004"/>
  <testcase name="El objetivo es que traduzca frases de todo tipo, que tengan numeros escritos en letras adentro, como por ejemplo: &quot;Quisiera transferir ciento cincuenta pesos a Juan Perez que vive en la calle Rivadavia cuarenta y tres&quot;-&gt; &quot;Quisiera transferir 150 pesos a Juan Perez que vive en la calle Rivadavia 43&quot; - Si la frase es un numero cardinal mayor a 20 y menor o igual a 99, se escribe directamente su correspondiente valor numerico o se compone - Examples - Example #20" classname="com.globantx.cardinalevaluator.CucumberConfig" time="0.003"/>
  <testcase name="El objetivo es que traduzca frases de todo tipo, que tengan numeros escritos en letras adentro, como por ejemplo: &quot;Quisiera transferir ciento cincuenta pesos a Juan Perez que vive en la calle Rivadavia cuarenta y tres&quot;-&gt; &quot;Quisiera transferir 150 pesos a Juan Perez que vive en la calle Rivadavia 43&quot; - Si la frase es un numero cardinal mayor a 20 y menor o igual a 99, se escribe directamente su correspondiente valor numerico o se compone - Examples - Example #21" classname="com.globantx.cardinalevaluator.CucumberConfig" time="0.004"/>
  <testcase name="El objetivo es que traduzca frases de todo tipo, que tengan numeros escritos en letras adentro, como por ejemplo: &quot;Quisiera transferir ciento cincuenta pesos a Juan Perez que vive en la calle Rivadavia cuarenta y tres&quot;-&gt; &quot;Quisiera transferir 150 pesos a Juan Perez que vive en la calle Rivadavia 43&quot; - Si la frase es un numero cardinal mayor a 20 y menor o igual a 99, se escribe directamente su correspondiente valor numerico o se compone - Examples - Example #22" classname="com.globantx.cardinalevaluator.CucumberConfig" time="0.004"/>
  <testcase name="El objetivo es que traduzca frases de todo tipo, que tengan numeros escritos en letras adentro, como por ejemplo: &quot;Quisiera transferir ciento cincuenta pesos a Juan Perez que vive en la calle Rivadavia cuarenta y tres&quot;-&gt; &quot;Quisiera transferir 150 pesos a Juan Perez que vive en la calle Rivadavia 43&quot; - Si la frase es un numero cardinal mayor a 20 y menor o igual a 99, se escribe directamente su correspondiente valor numerico o se compone - Examples - Example #23" classname="com.globantx.cardinalevaluator.CucumberConfig" time="0.003"/>
  <testcase name="El objetivo es que traduzca frases de todo tipo, que tengan numeros escritos en letras adentro, como por ejemplo: &quot;Quisiera transferir ciento cincuenta pesos a Juan Perez que vive en la calle Rivadavia cuarenta y tres&quot;-&gt; &quot;Quisiera transferir 150 pesos a Juan Perez que vive en la calle Rivadavia 43&quot; - Si la frase es un numero cardinal mayor a 20 y menor o igual a 99, se escribe directamente su correspondiente valor numerico o se compone - Examples - Example #24" classname="com.globantx.cardinalevaluator.CucumberConfig" time="0.004"/>
  <testcase name="El objetivo es que traduzca frases de todo tipo, que tengan numeros escritos en letras adentro, como por ejemplo: &quot;Quisiera transferir ciento cincuenta pesos a Juan Perez que vive en la calle Rivadavia cuarenta y tres&quot;-&gt; &quot;Quisiera transferir 150 pesos a Juan Perez que vive en la calle Rivadavia 43&quot; - Si la frase es un numero cardinal mayor a 20 y menor o igual a 99, se escribe directamente su correspondiente valor numerico o se compone - Examples - Example #25" classname="com.globantx.cardinalevaluator.CucumberConfig" time="0.003"/>
  <testcase name="El objetivo es que traduzca frases de todo tipo, que tengan numeros escritos en letras adentro, como por ejemplo: &quot;Quisiera transferir ciento cincuenta pesos a Juan Perez que vive en la calle Rivadavia cuarenta y tres&quot;-&gt; &quot;Quisiera transferir 150 pesos a Juan Perez que vive en la calle Rivadavia 43&quot; - Si la frase es un numero cardinal mayor a 20 y menor o igual a 99, se escribe directamente su correspondiente valor numerico o se compone - Examples - Example #26" classname="com.globantx.cardinalevaluator.CucumberConfig" time="0.004"/>
  <testcase name="El objetivo es que traduzca frases de todo tipo, que tengan numeros escritos en letras adentro, como por ejemplo: &quot;Quisiera transferir ciento cincuenta pesos a Juan Perez que vive en la calle Rivadavia cuarenta y tres&quot;-&gt; &quot;Quisiera transferir 150 pesos a Juan Perez que vive en la calle Rivadavia 43&quot; - Si la frase es un numero cardinal mayor a 20 y menor o igual a 99, se escribe directamente su correspondiente valor numerico o se compone - Examples - Example #27" classname="com.globantx.cardinalevaluator.CucumberConfig" time="0.005"/>
  <testcase name="El objetivo es que traduzca frases de todo tipo, que tengan numeros escritos en letras adentro, como por ejemplo: &quot;Quisiera transferir ciento cincuenta pesos a Juan Perez que vive en la calle Rivadavia cuarenta y tres&quot;-&gt; &quot;Quisiera transferir 150 pesos a Juan Perez que vive en la calle Rivadavia 43&quot; - Si la frase es un numero cardinal mayor a 20 y menor o igual a 99, se escribe directamente su correspondiente valor numerico o se compone - Examples - Example #28" classname="com.globantx.cardinalevaluator.CucumberConfig" time="0.003"/>
  <testcase name="El objetivo es que traduzca frases de todo tipo, que tengan numeros escritos en letras adentro, como por ejemplo: &quot;Quisiera transferir ciento cincuenta pesos a Juan Perez que vive en la calle Rivadavia cuarenta y tres&quot;-&gt; &quot;Quisiera transferir 150 pesos a Juan Perez que vive en la calle Rivadavia 43&quot; - Si la frase es un numero cardinal mayor a 20 y menor o igual a 99, se escribe directamente su correspondiente valor numerico o se compone - Examples - Example #29" classname="com.globantx.cardinalevaluator.CucumberConfig" time="0.003"/>
  <testcase name="El objetivo es que traduzca frases de todo tipo, que tengan numeros escritos en letras adentro, como por ejemplo: &quot;Quisiera transferir ciento cincuenta pesos a Juan Perez que vive en la calle Rivadavia cuarenta y tres&quot;-&gt; &quot;Quisiera transferir 150 pesos a Juan Perez que vive en la calle Rivadavia 43&quot; - Si la frase es un numero cardinal mayor a 20 y menor o igual a 99, se escribe directamente su correspondiente valor numerico o se compone - Examples - Example #30" classname="com.globantx.cardinalevaluator.CucumberConfig" time="0.003"/>
  <testcase name="El objetivo es que traduzca frases de todo tipo, que tengan numeros escritos en letras adentro, como por ejemplo: &quot;Quisiera transferir ciento cincuenta pesos a Juan Perez que vive en la calle Rivadavia cuarenta y tres&quot;-&gt; &quot;Quisiera transferir 150 pesos a Juan Perez que vive en la calle Rivadavia 43&quot; - Si la frase es un numero cardinal mayor a 20 y menor o igual a 99, se escribe directamente su correspondiente valor numerico o se compone - Examples - Example #31" classname="com.globantx.cardinalevaluator.CucumberConfig" time="0.003"/>
  <testcase name="El objetivo es que traduzca frases de todo tipo, que tengan numeros escritos en letras adentro, como por ejemplo: &quot;Quisiera transferir ciento cincuenta pesos a Juan Perez que vive en la calle Rivadavia cuarenta y tres&quot;-&gt; &quot;Quisiera transferir 150 pesos a Juan Perez que vive en la calle Rivadavia 43&quot; - Si la frase es un numero cardinal mayor a 20 y menor o igual a 99, se escribe directamente su correspondiente valor numerico o se compone - Examples - Example #32" classname="com.globantx.cardinalevaluator.CucumberConfig" time="0.003"/>
  <testcase name="El objetivo es que traduzca frases de todo tipo, que tengan numeros escritos en letras adentro, como por ejemplo: &quot;Quisiera transferir ciento cincuenta pesos a Juan Perez que vive en la calle Rivadavia cuarenta y tres&quot;-&gt; &quot;Quisiera transferir 150 pesos a Juan Perez que vive en la calle Rivadavia 43&quot; - Si la frase es un numero cardinal mayor a 20 y menor o igual a 99, se escribe directamente su correspondiente valor numerico o se compone - Examples - Example #33" classname="com.globantx.cardinalevaluator.CucumberConfig" time="0.003"/>
  <testcase name="El objetivo es que traduzca frases de todo tipo, que tengan numeros escritos en letras adentro, como por ejemplo: &quot;Quisiera transferir ciento cincuenta pesos a Juan Perez que vive en la calle Rivadavia cuarenta y tres&quot;-&gt; &quot;Quisiera transferir 150 pesos a Juan Perez que vive en la calle Rivadavia 43&quot; - Si la frase es un numero cardinal mayor a 20 y menor o igual a 99, se escribe directamente su correspondiente valor numerico o se compone - Examples - Example #34" classname="com.globantx.cardinalevaluator.CucumberConfig" time="0.003"/>
  <testcase name="El objetivo es que traduzca frases de todo tipo, que tengan numeros escritos en letras adentro, como por ejemplo: &quot;Quisiera transferir ciento cincuenta pesos a Juan Perez que vive en la calle Rivadavia cuarenta y tres&quot;-&gt; &quot;Quisiera transferir 150 pesos a Juan Perez que vive en la calle Rivadavia 43&quot; - Si la frase es un numero cardinal mayor a 20 y menor o igual a 99, se escribe directamente su correspondiente valor numerico o se compone - Examples - Example #35" classname="com.globantx.cardinalevaluator.CucumberConfig" time="0.003"/>
  <testcase name="El objetivo es que traduzca frases de todo tipo, que tengan numeros escritos en letras adentro, como por ejemplo: &quot;Quisiera transferir ciento cincuenta pesos a Juan Perez que vive en la calle Rivadavia cuarenta y tres&quot;-&gt; &quot;Quisiera transferir 150 pesos a Juan Perez que vive en la calle Rivadavia 43&quot; - Si la frase es un numero cardinal mayor a 20 y menor o igual a 99, se escribe directamente su correspondiente valor numerico o se compone - Examples - Example #36" classname="com.globantx.cardinalevaluator.CucumberConfig" time="0.002"/>
  <testcase name="El objetivo es que traduzca frases de todo tipo, que tengan numeros escritos en letras adentro, como por ejemplo: &quot;Quisiera transferir ciento cincuenta pesos a Juan Perez que vive en la calle Rivadavia cuarenta y tres&quot;-&gt; &quot;Quisiera transferir 150 pesos a Juan Perez que vive en la calle Rivadavia 43&quot; - Si la frase es un numero cardinal mayor a 20 y menor o igual a 99, se escribe directamente su correspondiente valor numerico o se compone - Examples - Example #37" classname="com.globantx.cardinalevaluator.CucumberConfig" time="0.003"/>
  <testcase name="El objetivo es que traduzca frases de todo tipo, que tengan numeros escritos en letras adentro, como por ejemplo: &quot;Quisiera transferir ciento cincuenta pesos a Juan Perez que vive en la calle Rivadavia cuarenta y tres&quot;-&gt; &quot;Quisiera transferir 150 pesos a Juan Perez que vive en la calle Rivadavia 43&quot; - Si la frase es un numero cardinal mayor a 20 y menor o igual a 99, se escribe directamente su correspondiente valor numerico o se compone - Examples - Example #38" classname="com.globantx.cardinalevaluator.CucumberConfig" time="0.003"/>
  <testcase name="El objetivo es que traduzca frases de todo tipo, que tengan numeros escritos en letras adentro, como por ejemplo: &quot;Quisiera transferir ciento cincuenta pesos a Juan Perez que vive en la calle Rivadavia cuarenta y tres&quot;-&gt; &quot;Quisiera transferir 150 pesos a Juan Perez que vive en la calle Rivadavia 43&quot; - Si la frase es un numero cardinal mayor a 20 y menor o igual a 99, se escribe directamente su correspondiente valor numerico o se compone - Examples - Example #39" classname="com.globantx.cardinalevaluator.CucumberConfig" time="0.003"/>
  <testcase name="El objetivo es que traduzca frases de todo tipo, que tengan numeros escritos en letras adentro, como por ejemplo: &quot;Quisiera transferir ciento cincuenta pesos a Juan Perez que vive en la calle Rivadavia cuarenta y tres&quot;-&gt; &quot;Quisiera transferir 150 pesos a Juan Perez que vive en la calle Rivadavia 43&quot; - Si la frase es un numero cardinal mayor a 20 y menor o igual a 99, se escribe directamente su correspondiente valor numerico o se compone - Examples - Example #40" classname="com.globantx.cardinalevaluator.CucumberConfig" time="0.006"/>
  <testcase name="El objetivo es que traduzca frases de todo tipo, que tengan numeros escritos en letras adentro, como por ejemplo: &quot;Quisiera transferir ciento cincuenta pesos a Juan Perez que vive en la calle Rivadavia cuarenta y tres&quot;-&gt; &quot;Quisiera transferir 150 pesos a Juan Perez que vive en la calle Rivadavia 43&quot; - Si la frase es un numero cardinal mayor a 20 y menor o igual a 99, se escribe directamente su correspondiente valor numerico o se compone - Examples - Example #41" classname="com.globantx.cardinalevaluator.CucumberConfig" time="0.002"/>
  <testcase name="El objetivo es que traduzca frases de todo tipo, que tengan numeros escritos en letras adentro, como por ejemplo: &quot;Quisiera transferir ciento cincuenta pesos a Juan Perez que vive en la calle Rivadavia cuarenta y tres&quot;-&gt; &quot;Quisiera transferir 150 pesos a Juan Perez que vive en la calle Rivadavia 43&quot; - Si la frase es un numero cardinal mayor a 20 y menor o igual a 99, se escribe directamente su correspondiente valor numerico o se compone - Examples - Example #42" classname="com.globantx.cardinalevaluator.CucumberConfig" time="0.003"/>
  <testcase name="El objetivo es que traduzca frases de todo tipo, que tengan numeros escritos en letras adentro, como por ejemplo: &quot;Quisiera transferir ciento cincuenta pesos a Juan Perez que vive en la calle Rivadavia cuarenta y tres&quot;-&gt; &quot;Quisiera transferir 150 pesos a Juan Perez que vive en la calle Rivadavia 43&quot; - Si la frase es un numero cardinal mayor a 20 y menor o igual a 99, se escribe directamente su correspondiente valor numerico o se compone - Examples - Example #43" classname="com.globantx.cardinalevaluator.CucumberConfig" time="0.002"/>
  <testcase name="El objetivo es que traduzca frases de todo tipo, que tengan numeros escritos en letras adentro, como por ejemplo: &quot;Quisiera transferir ciento cincuenta pesos a Juan Perez que vive en la calle Rivadavia cuarenta y tres&quot;-&gt; &quot;Quisiera transferir 150 pesos a Juan Perez que vive en la calle Rivadavia 43&quot; - Si la frase es un numero cardinal mayor a 20 y menor o igual a 99, se escribe directamente su correspondiente valor numerico o se compone - Examples - Example #44" classname="com.globantx.cardinalevaluator.CucumberConfig" time="0.002"/>
  <testcase name="El objetivo es que traduzca frases de todo tipo, que tengan numeros escritos en letras adentro, como por ejemplo: &quot;Quisiera transferir ciento cincuenta pesos a Juan Perez que vive en la calle Rivadavia cuarenta y tres&quot;-&gt; &quot;Quisiera transferir 150 pesos a Juan Perez que vive en la calle Rivadavia 43&quot; - Si la frase es un numero cardinal mayor a 20 y menor o igual a 99, se escribe directamente su correspondiente valor numerico o se compone - Examples - Example #45" classname="com.globantx.cardinalevaluator.CucumberConfig" time="0.002"/>
  <testcase name="El objetivo es que traduzca frases de todo tipo, que tengan numeros escritos en letras adentro, como por ejemplo: &quot;Quisiera transferir ciento cincuenta pesos a Juan Perez que vive en la calle Rivadavia cuarenta y tres&quot;-&gt; &quot;Quisiera transferir 150 pesos a Juan Perez que vive en la calle Rivadavia 43&quot; - Si la frase es un numero cardinal mayor a 20 y menor o igual a 99, se escribe directamente su correspondiente valor numerico o se compone - Examples - Example #46" classname="com.globantx.cardinalevaluator.CucumberConfig" time="0.003"/>
  <testcase name="El objetivo es que traduzca frases de todo tipo, que tengan numeros escritos en letras adentro, como por ejemplo: &quot;Quisiera transferir ciento cincuenta pesos a Juan Perez que vive en la calle Rivadavia cuarenta y tres&quot;-&gt; &quot;Quisiera transferir 150 pesos a Juan Perez que vive en la calle Rivadavia 43&quot; - Si la frase es un numero cardinal mayor a 20 y menor o igual a 99, se escribe directamente su correspondiente valor numerico o se compone - Examples - Example #47" classname="com.globantx.cardinalevaluator.CucumberConfig" time="0.003"/>
  <testcase name="El objetivo es que traduzca frases de todo tipo, que tengan numeros escritos en letras adentro, como por ejemplo: &quot;Quisiera transferir ciento cincuenta pesos a Juan Perez que vive en la calle Rivadavia cuarenta y tres&quot;-&gt; &quot;Quisiera transferir 150 pesos a Juan Perez que vive en la calle Rivadavia 43&quot; - Si la frase es un numero cardinal mayor a 20 y menor o igual a 99, se escribe directamente su correspondiente valor numerico o se compone - Examples - Example #48" classname="com.globantx.cardinalevaluator.CucumberConfig" time="0.003"/>
  <testcase name="El objetivo es que traduzca frases de todo tipo, que tengan numeros escritos en letras adentro, como por ejemplo: &quot;Quisiera transferir ciento cincuenta pesos a Juan Perez que vive en la calle Rivadavia cuarenta y tres&quot;-&gt; &quot;Quisiera transferir 150 pesos a Juan Perez que vive en la calle Rivadavia 43&quot; - Si la frase es un numero cardinal mayor a 20 y menor o igual a 99, se escribe directamente su correspondiente valor numerico o se compone - Examples - Example #49" classname="com.globantx.cardinalevaluator.CucumberConfig" time="0.003"/>
  <testcase name="El objetivo es que traduzca frases de todo tipo, que tengan numeros escritos en letras adentro, como por ejemplo: &quot;Quisiera transferir ciento cincuenta pesos a Juan Perez que vive en la calle Rivadavia cuarenta y tres&quot;-&gt; &quot;Quisiera transferir 150 pesos a Juan Perez que vive en la calle Rivadavia 43&quot; - Si la frase es un numero cardinal mayor a 20 y menor o igual a 99, se escribe directamente su correspondiente valor numerico o se compone - Examples - Example #50" classname="com.globantx.cardinalevaluator.CucumberConfig" time="0.003"/>
  <testcase name="El objetivo es que traduzca frases de todo tipo, que tengan numeros escritos en letras adentro, como por ejemplo: &quot;Quisiera transferir ciento cincuenta pesos a Juan Perez que vive en la calle Rivadavia cuarenta y tres&quot;-&gt; &quot;Quisiera transferir 150 pesos a Juan Perez que vive en la calle Rivadavia 43&quot; - Si la frase es un numero cardinal mayor a 20 y menor o igual a 99, se escribe directamente su correspondiente valor numerico o se compone - Examples - Example #51" classname="com.globantx.cardinalevaluator.CucumberConfig" time="0.003"/>
  <testcase name="El objetivo es que traduzca frases de todo tipo, que tengan numeros escritos en letras adentro, como por ejemplo: &quot;Quisiera transferir ciento cincuenta pesos a Juan Perez que vive en la calle Rivadavia cuarenta y tres&quot;-&gt; &quot;Quisiera transferir 150 pesos a Juan Perez que vive en la calle Rivadavia 43&quot; - Si la frase es un numero cardinal mayor a 20 y menor o igual a 99, se escribe directamente su correspondiente valor numerico o se compone - Examples - Example #52" classname="com.globantx.cardinalevaluator.CucumberConfig" time="0.003"/>
  <testcase name="El objetivo es que traduzca frases de todo tipo, que tengan numeros escritos en letras adentro, como por ejemplo: &quot;Quisiera transferir ciento cincuenta pesos a Juan Perez que vive en la calle Rivadavia cuarenta y tres&quot;-&gt; &quot;Quisiera transferir 150 pesos a Juan Perez que vive en la calle Rivadavia 43&quot; - Si la frase es un numero cardinal mayor a 20 y menor o igual a 99, se escribe directamente su correspondiente valor numerico o se compone - Examples - Example #53" classname="com.globantx.cardinalevaluator.CucumberConfig" time="0.003"/>
  <testcase name="El objetivo es que traduzca frases de todo tipo, que tengan numeros escritos en letras adentro, como por ejemplo: &quot;Quisiera transferir ciento cincuenta pesos a Juan Perez que vive en la calle Rivadavia cuarenta y tres&quot;-&gt; &quot;Quisiera transferir 150 pesos a Juan Perez que vive en la calle Rivadavia 43&quot; - Si la frase es un numero cardinal mayor a 20 y menor o igual a 99, se escribe directamente su correspondiente valor numerico o se compone - Examples - Example #54" classname="com.globantx.cardinalevaluator.CucumberConfig" time="0.004"/>
  <testcase name="El objetivo es que traduzca frases de todo tipo, que tengan numeros escritos en letras adentro, como por ejemplo: &quot;Quisiera transferir ciento cincuenta pesos a Juan Perez que vive en la calle Rivadavia cuarenta y tres&quot;-&gt; &quot;Quisiera transferir 150 pesos a Juan Perez que vive en la calle Rivadavia 43&quot; - Si la frase es un numero cardinal mayor a 20 y menor o igual a 99, se escribe directamente su correspondiente valor numerico o se compone - Examples - Example #55" classname="com.globantx.cardinalevaluator.CucumberConfig" time="0.004"/>
  <testcase name="El objetivo es que traduzca frases de todo tipo, que tengan numeros escritos en letras adentro, como por ejemplo: &quot;Quisiera transferir ciento cincuenta pesos a Juan Perez que vive en la calle Rivadavia cuarenta y tres&quot;-&gt; &quot;Quisiera transferir 150 pesos a Juan Perez que vive en la calle Rivadavia 43&quot; - Si la frase es un numero cardinal mayor a 20 y menor o igual a 99, se escribe directamente su correspondiente valor numerico o se compone - Examples - Example #56" classname="com.globantx.cardinalevaluator.CucumberConfig" time="0.003"/>
  <testcase name="El objetivo es que traduzca frases de todo tipo, que tengan numeros escritos en letras adentro, como por ejemplo: &quot;Quisiera transferir ciento cincuenta pesos a Juan Perez que vive en la calle Rivadavia cuarenta y tres&quot;-&gt; &quot;Quisiera transferir 150 pesos a Juan Perez que vive en la calle Rivadavia 43&quot; - Si la frase es un numero cardinal mayor a 20 y menor o igual a 99, se escribe directamente su correspondiente valor numerico o se compone - Examples - Example #57" classname="com.globantx.cardinalevaluator.CucumberConfig" time="0.002"/>
  <testcase name="El objetivo es que traduzca frases de todo tipo, que tengan numeros escritos en letras adentro, como por ejemplo: &quot;Quisiera transferir ciento cincuenta pesos a Juan Perez que vive en la calle Rivadavia cuarenta y tres&quot;-&gt; &quot;Quisiera transferir 150 pesos a Juan Perez que vive en la calle Rivadavia 43&quot; - Si la frase es un numero cardinal mayor a 20 y menor o igual a 99, se escribe directamente su correspondiente valor numerico o se compone - Examples - Example #58" classname="com.globantx.cardinalevaluator.CucumberConfig" time="0.002"/>
  <testcase name="El objetivo es que traduzca frases de todo tipo, que tengan numeros escritos en letras adentro, como por ejemplo: &quot;Quisiera transferir ciento cincuenta pesos a Juan Perez que vive en la calle Rivadavia cuarenta y tres&quot;-&gt; &quot;Quisiera transferir 150 pesos a Juan Perez que vive en la calle Rivadavia 43&quot; - Si la frase es un numero cardinal mayor a 20 y menor o igual a 99, se escribe directamente su correspondiente valor numerico o se compone - Examples - Example #59" classname="com.globantx.cardinalevaluator.CucumberConfig" time="0.003"/>
  <testcase name="El objetivo es que traduzca frases de todo tipo, que tengan numeros escritos en letras adentro, como por ejemplo: &quot;Quisiera transferir ciento cincuenta pesos a Juan Perez que vive en la calle Rivadavia cuarenta y tres&quot;-&gt; &quot;Quisiera transferir 150 pesos a Juan Perez que vive en la calle Rivadavia 43&quot; - Si la frase es un numero cardinal mayor a 20 y menor o igual a 99, se escribe directamente su correspondiente valor numerico o se compone - Examples - Example #60" classname="com.globantx.cardinalevaluator.CucumberConfig" time="0.003"/>
  <testcase name="El objetivo es que traduzca frases de todo tipo, que tengan numeros escritos en letras adentro, como por ejemplo: &quot;Quisiera transferir ciento cincuenta pesos a Juan Perez que vive en la calle Rivadavia cuarenta y tres&quot;-&gt; &quot;Quisiera transferir 150 pesos a Juan Perez que vive en la calle Rivadavia 43&quot; - Si la frase es un numero cardinal mayor a 20 y menor o igual a 99, se escribe directamente su correspondiente valor numerico o se compone - Examples - Example #61" classname="com.globantx.cardinalevaluator.CucumberConfig" time="0.003"/>
  <testcase name="El objetivo es que traduzca frases de todo tipo, que tengan numeros escritos en letras adentro, como por ejemplo: &quot;Quisiera transferir ciento cincuenta pesos a Juan Perez que vive en la calle Rivadavia cuarenta y tres&quot;-&gt; &quot;Quisiera transferir 150 pesos a Juan Perez que vive en la calle Rivadavia 43&quot; - Si la frase es un numero cardinal mayor a 20 y menor o igual a 99, se escribe directamente su correspondiente valor numerico o se compone - Examples - Example #62" classname="com.globantx.cardinalevaluator.CucumberConfig" time="0.003"/>
  <testcase name="El objetivo es que traduzca frases de todo tipo, que tengan numeros escritos en letras adentro, como por ejemplo: &quot;Quisiera transferir ciento cincuenta pesos a Juan Perez que vive en la calle Rivadavia cuarenta y tres&quot;-&gt; &quot;Quisiera transferir 150 pesos a Juan Perez que vive en la calle Rivadavia 43&quot; - Si la frase es un numero cardinal mayor a 20 y menor o igual a 99, se escribe directamente su correspondiente valor numerico o se compone - Examples - Example #63" classname="com.globantx.cardinalevaluator.CucumberConfig" time="0.002"/>
  <testcase name="El objetivo es que traduzca frases de todo tipo, que tengan numeros escritos en letras adentro, como por ejemplo: &quot;Quisiera transferir ciento cincuenta pesos a Juan Perez que vive en la calle Rivadavia cuarenta y tres&quot;-&gt; &quot;Quisiera transferir 150 pesos a Juan Perez que vive en la calle Rivadavia 43&quot; - Si la frase es un numero cardinal mayor a 20 y menor o igual a 99, se escribe directamente su correspondiente valor numerico o se compone - Examples - Example #64" classname="com.globantx.cardinalevaluator.CucumberConfig" time="0.002"/>
  <testcase name="El objetivo es que traduzca frases de todo tipo, que tengan numeros escritos en letras adentro, como por ejemplo: &quot;Quisiera transferir ciento cincuenta pesos a Juan Perez que vive en la calle Rivadavia cuarenta y tres&quot;-&gt; &quot;Quisiera transferir 150 pesos a Juan Perez que vive en la calle Rivadavia 43&quot; - Si la frase es un numero cardinal mayor a 20 y menor o igual a 99, se escribe directamente su correspondiente valor numerico o se compone - Examples - Example #65" classname="com.globantx.cardinalevaluator.CucumberConfig" time="0.002"/>
  <testcase name="El objetivo es que traduzca frases de todo tipo, que tengan numeros escritos en letras adentro, como por ejemplo: &quot;Quisiera transferir ciento cincuenta pesos a Juan Perez que vive en la calle Rivadavia cuarenta y tres&quot;-&gt; &quot;Quisiera transferir 150 pesos a Juan Perez que vive en la calle Rivadavia 43&quot; - Si la frase es un numero cardinal mayor a 20 y menor o igual a 99, se escribe directamente su correspondiente valor numerico o se compone - Examples - Example #66" classname="com.globantx.cardinalevaluator.CucumberConfig" time="0.003"/>
  <testcase name="El objetivo es que traduzca frases de todo tipo, que tengan numeros escritos en letras adentro, como por ejemplo: &quot;Quisiera transferir ciento cincuenta pesos a Juan Perez que vive en la calle Rivadavia cuarenta y tres&quot;-&gt; &quot;Quisiera transferir 150 pesos a Juan Perez que vive en la calle Rivadavia 43&quot; - Si la frase es un numero cardinal mayor a 20 y menor o igual a 99, se escribe directamente su correspondiente valor numerico o se compone - Examples - Example #67" classname="com.globantx.cardinalevaluator.CucumberConfig" time="0.003"/>
  <testcase name="El objetivo es que traduzca frases de todo tipo, que tengan numeros escritos en letras adentro, como por ejemplo: &quot;Quisiera transferir ciento cincuenta pesos a Juan Perez que vive en la calle Rivadavia cuarenta y tres&quot;-&gt; &quot;Quisiera transferir 150 pesos a Juan Perez que vive en la calle Rivadavia 43&quot; - Si la frase es un numero cardinal mayor a 20 y menor o igual a 99, se escribe directamente su correspondiente valor numerico o se compone - Examples - Example #68" classname="com.globantx.cardinalevaluator.CucumberConfig" time="0.003"/>
  <testcase name="El objetivo es que traduzca frases de todo tipo, que tengan numeros escritos en letras adentro, como por ejemplo: &quot;Quisiera transferir ciento cincuenta pesos a Juan Perez que vive en la calle Rivadavia cuarenta y tres&quot;-&gt; &quot;Quisiera transferir 150 pesos a Juan Perez que vive en la calle Rivadavia 43&quot; - Si la frase es un numero cardinal mayor a 20 y menor o igual a 99, se escribe directamente su correspondiente valor numerico o se compone - Examples - Example #69" classname="com.globantx.cardinalevaluator.CucumberConfig" time="0.003"/>
  <testcase name="El objetivo es que traduzca frases de todo tipo, que tengan numeros escritos en letras adentro, como por ejemplo: &quot;Quisiera transferir ciento cincuenta pesos a Juan Perez que vive en la calle Rivadavia cuarenta y tres&quot;-&gt; &quot;Quisiera transferir 150 pesos a Juan Perez que vive en la calle Rivadavia 43&quot; - Si la frase es un numero cardinal mayor a 20 y menor o igual a 99, se escribe directamente su correspondiente valor numerico o se compone - Examples - Example #70" classname="com.globantx.cardinalevaluator.CucumberConfig" time="0.002"/>
  <testcase name="El objetivo es que traduzca frases de todo tipo, que tengan numeros escritos en letras adentro, como por ejemplo: &quot;Quisiera transferir ciento cincuenta pesos a Juan Perez que vive en la calle Rivadavia cuarenta y tres&quot;-&gt; &quot;Quisiera transferir 150 pesos a Juan Perez que vive en la calle Rivadavia 43&quot; - Si la frase es un numero cardinal mayor a 20 y menor o igual a 99, se escribe directamente su correspondiente valor numerico o se compone - Examples - Example #71" classname="com.globantx.cardinalevaluator.CucumberConfig" time="0.002"/>
  <testcase name="El objetivo es que traduzca frases de todo tipo, que tengan numeros escritos en letras adentro, como por ejemplo: &quot;Quisiera transferir ciento cincuenta pesos a Juan Perez que vive en la calle Rivadavia cuarenta y tres&quot;-&gt; &quot;Quisiera transferir 150 pesos a Juan Perez que vive en la calle Rivadavia 43&quot; - Si la frase es un numero cardinal mayor a 20 y menor o igual a 99, se escribe directamente su correspondiente valor numerico o se compone - Examples - Example #72" classname="com.globantx.cardinalevaluator.CucumberConfig" time="0.003"/>
  <testcase name="El objetivo es que traduzca frases de todo tipo, que tengan numeros escritos en letras adentro, como por ejemplo: &quot;Quisiera transferir ciento cincuenta pesos a Juan Perez que vive en la calle Rivadavia cuarenta y tres&quot;-&gt; &quot;Quisiera transferir 150 pesos a Juan Perez que vive en la calle Rivadavia 43&quot; - Si la frase es un numero cardinal mayor a 20 y menor o igual a 99, se escribe directamente su correspondiente valor numerico o se compone - Examples - Example #73" classname="com.globantx.cardinalevaluator.CucumberConfig" time="0.002"/>
  <testcase name="El objetivo es que traduzca frases de todo tipo, que tengan numeros escritos en letras adentro, como por ejemplo: &quot;Quisiera transferir ciento cincuenta pesos a Juan Perez que vive en la calle Rivadavia cuarenta y tres&quot;-&gt; &quot;Quisiera transferir 150 pesos a Juan Perez que vive en la calle Rivadavia 43&quot; - Si la frase es un numero cardinal mayor a 20 y menor o igual a 99, se escribe directamente su correspondiente valor numerico o se compone - Examples - Example #74" classname="com.globantx.cardinalevaluator.CucumberConfig" time="0.003"/>
  <testcase name="El objetivo es que traduzca frases de todo tipo, que tengan numeros escritos en letras adentro, como por ejemplo: &quot;Quisiera transferir ciento cincuenta pesos a Juan Perez que vive en la calle Rivadavia cuarenta y tres&quot;-&gt; &quot;Quisiera transferir 150 pesos a Juan Perez que vive en la calle Rivadavia 43&quot; - Si la frase es un numero cardinal mayor a 20 y menor o igual a 99, se escribe directamente su correspondiente valor numerico o se compone - Examples - Example #75" classname="com.globantx.cardinalevaluator.CucumberConfig" time="0.002"/>
  <testcase name="El objetivo es que traduzca frases de todo tipo, que tengan numeros escritos en letras adentro, como por ejemplo: &quot;Quisiera transferir ciento cincuenta pesos a Juan Perez que vive en la calle Rivadavia cuarenta y tres&quot;-&gt; &quot;Quisiera transferir 150 pesos a Juan Perez que vive en la calle Rivadavia 43&quot; - Si la frase es un numero cardinal mayor a 20 y menor o igual a 99, se escribe directamente su correspondiente valor numerico o se compone - Examples - Example #76" classname="com.globantx.cardinalevaluator.CucumberConfig" time="0.002"/>
  <testcase name="El objetivo es que traduzca frases de todo tipo, que tengan numeros escritos en letras adentro, como por ejemplo: &quot;Quisiera transferir ciento cincuenta pesos a Juan Perez que vive en la calle Rivadavia cuarenta y tres&quot;-&gt; &quot;Quisiera transferir 150 pesos a Juan Perez que vive en la calle Rivadavia 43&quot; - Si la frase es un numero cardinal mayor a 20 y menor o igual a 99, se escribe directamente su correspondiente valor numerico o se compone - Examples - Example #77" classname="com.globantx.cardinalevaluator.CucumberConfig" time="0.002"/>
  <testcase name="El objetivo es que traduzca frases de todo tipo, que tengan numeros escritos en letras adentro, como por ejemplo: &quot;Quisiera transferir ciento cincuenta pesos a Juan Perez que vive en la calle Rivadavia cuarenta y tres&quot;-&gt; &quot;Quisiera transferir 150 pesos a Juan Perez que vive en la calle Rivadavia 43&quot; - Si la frase es un numero cardinal mayor a 20 y menor o igual a 99, se escribe directamente su correspondiente valor numerico o se compone - Examples - Example #78" classname="com.globantx.cardinalevaluator.CucumberConfig" time="0.003"/>
  <testcase name="El objetivo es que traduzca frases de todo tipo, que tengan numeros escritos en letras adentro, como por ejemplo: &quot;Quisiera transferir ciento cincuenta pesos a Juan Perez que vive en la calle Rivadavia cuarenta y tres&quot;-&gt; &quot;Quisiera transferir 150 pesos a Juan Perez que vive en la calle Rivadavia 43&quot; - Si la frase es un numero cardinal mayor a 20 y menor o igual a 99, se escribe directamente su correspondiente valor numerico o se compone - Examples - Example #79" classname="com.globantx.cardinalevaluator.CucumberConfig" time="0.002"/>
  <testcase name="El objetivo es que traduzca frases de todo tipo, que tengan numeros escritos en letras adentro, como por ejemplo: &quot;Quisiera transferir ciento cincuenta pesos a Juan Perez que vive en la calle Rivadavia cuarenta y tres&quot;-&gt; &quot;Quisiera transferir 150 pesos a Juan Perez que vive en la calle Rivadavia 43&quot; - Si la frase es un numero cardinal mayor a 20 y menor o igual a 99, se escribe directamente su correspondiente valor numerico o se compone - Examples - Example #80" classname="com.globantx.cardinalevaluator.CucumberConfig" time="0.003"/>
  <testcase name="El objetivo es que traduzca frases de todo tipo, que tengan numeros escritos en letras adentro, como por ejemplo: &quot;Quisiera transferir ciento cincuenta pesos a Juan Perez que vive en la calle Rivadavia cuarenta y tres&quot;-&gt; &quot;Quisiera transferir 150 pesos a Juan Perez que vive en la calle Rivadavia 43&quot; - Si la frase es un numero cardinal mayor a 20 y menor o igual a 99, se escribe directamente su correspondiente valor numerico o se compone - Examples - Example #81" classname="com.globantx.cardinalevaluator.CucumberConfig" time="0.002"/>
  <testcase name="El objetivo es que traduzca frases de todo tipo, que tengan numeros escritos en letras adentro, como por ejemplo: &quot;Quisiera transferir ciento cincuenta pesos a Juan Perez que vive en la calle Rivadavia cuarenta y tres&quot;-&gt; &quot;Quisiera transferir 150 pesos a Juan Perez que vive en la calle Rivadavia 43&quot; - Si la frase es un numero cardinal mayor a 20 y menor o igual a 99, se escribe directamente su correspondiente valor numerico o se compone - Examples - Example #82" classname="com.globantx.cardinalevaluator.CucumberConfig" time="0.003"/>
  <testcase name="El objetivo es que traduzca frases de todo tipo, que tengan numeros escritos en letras adentro, como por ejemplo: &quot;Quisiera transferir ciento cincuenta pesos a Juan Perez que vive en la calle Rivadavia cuarenta y tres&quot;-&gt; &quot;Quisiera transferir 150 pesos a Juan Perez que vive en la calle Rivadavia 43&quot; - Si la frase es un numero cardinal mayor a 20 y menor o igual a 99, se escribe directamente su correspondiente valor numerico o se compone - Examples - Example #83" classname="com.globantx.cardinalevaluator.CucumberConfig" time="0.003"/>
  <testcase name="El objetivo es que traduzca frases de todo tipo, que tengan numeros escritos en letras adentro, como por ejemplo: &quot;Quisiera transferir ciento cincuenta pesos a Juan Perez que vive en la calle Rivadavia cuarenta y tres&quot;-&gt; &quot;Quisiera transferir 150 pesos a Juan Perez que vive en la calle Rivadavia 43&quot; - Si la frase es un numero cardinal mayor a 20 y menor o igual a 99, se escribe directamente su correspondiente valor numerico o se compone - Examples - Example #84" classname="com.globantx.cardinalevaluator.CucumberConfig" time="0.003"/>
  <testcase name="El objetivo es que traduzca frases de todo tipo, que tengan numeros escritos en letras adentro, como por ejemplo: &quot;Quisiera transferir ciento cincuenta pesos a Juan Perez que vive en la calle Rivadavia cuarenta y tres&quot;-&gt; &quot;Quisiera transferir 150 pesos a Juan Perez que vive en la calle Rivadavia 43&quot; - Si la frase es un numero cardinal mayor a 20 y menor o igual a 99, se escribe directamente su correspondiente valor numerico o se compone - Examples - Example #85" classname="com.globantx.cardinalevaluator.CucumberConfig" time="0.003"/>
  <testcase name="El objetivo es que traduzca frases de todo tipo, que tengan numeros escritos en letras adentro, como por ejemplo: &quot;Quisiera transferir ciento cincuenta pesos a Juan Perez que vive en la calle Rivadavia cuarenta y tres&quot;-&gt; &quot;Quisiera transferir 150 pesos a Juan Perez que vive en la calle Rivadavia 43&quot; - Si la frase es un numero cardinal mayor a 20 y menor o igual a 99, se escribe directamente su correspondiente valor numerico o se compone - Examples - Example #86" classname="com.globantx.cardinalevaluator.CucumberConfig" time="0.003"/>
  <testcase name="El objetivo es que traduzca frases de todo tipo, que tengan numeros escritos en letras adentro, como por ejemplo: &quot;Quisiera transferir ciento cincuenta pesos a Juan Perez que vive en la calle Rivadavia cuarenta y tres&quot;-&gt; &quot;Quisiera transferir 150 pesos a Juan Perez que vive en la calle Rivadavia 43&quot; - Si la frase es un numero cardinal mayor a 20 y menor o igual a 99, se escribe directamente su correspondiente valor numerico o se compone - Examples - Example #87" classname="com.globantx.cardinalevaluator.CucumberConfig" time="0.003"/>
  <testcase name="El objetivo es que traduzca frases de todo tipo, que tengan numeros escritos en letras adentro, como por ejemplo: &quot;Quisiera transferir ciento cincuenta pesos a Juan Perez que vive en la calle Rivadavia cuarenta y tres&quot;-&gt; &quot;Quisiera transferir 150 pesos a Juan Perez que vive en la calle Rivadavia 43&quot; - Si la frase es un numero cardinal mayor a 20 y menor o igual a 99, se escribe directamente su correspondiente valor numerico o se compone - Examples - Example #88" classname="com.globantx.cardinalevaluator.CucumberConfig" time="0.002"/>
  <testcase name="El objetivo es que traduzca frases de todo tipo, que tengan numeros escritos en letras adentro, como por ejemplo: &quot;Quisiera transferir ciento cincuenta pesos a Juan Perez que vive en la calle Rivadavia cuarenta y tres&quot;-&gt; &quot;Quisiera transferir 150 pesos a Juan Perez que vive en la calle Rivadavia 43&quot; - Si la frase es un numero cardinal mayor a 20 y menor o igual a 99, se escribe directamente su correspondiente valor numerico o se compone - Examples - Example #89" classname="com.globantx.cardinalevaluator.CucumberConfig" time="0.002"/>
  <testcase name="El objetivo es que traduzca frases de todo tipo, que tengan numeros escritos en letras adentro, como por ejemplo: &quot;Quisiera transferir ciento cincuenta pesos a Juan Perez que vive en la calle Rivadavia cuarenta y tres&quot;-&gt; &quot;Quisiera transferir 150 pesos a Juan Perez que vive en la calle Rivadavia 43&quot; - Si la frase es un numero cardinal mayor a 20 y menor o igual a 99, se escribe directamente su correspondiente valor numerico o se compone - Examples - Example #90" classname="com.globantx.cardinalevaluator.CucumberConfig" time="0.004"/>
  <testcase name="El objetivo es que traduzca frases de todo tipo, que tengan numeros escritos en letras adentro, como por ejemplo: &quot;Quisiera transferir ciento cincuenta pesos a Juan Perez que vive en la calle Rivadavia cuarenta y tres&quot;-&gt; &quot;Quisiera transferir 150 pesos a Juan Perez que vive en la calle Rivadavia 43&quot; - Si la frase es un numero cardinal mayor a 20 y menor o igual a 99, se escribe directamente su correspondiente valor numerico o se compone - Examples - Example #91" classname="com.globantx.cardinalevaluator.CucumberConfig" time="0.002"/>
  <testcase name="El objetivo es que traduzca frases de todo tipo, que tengan numeros escritos en letras adentro, como por ejemplo: &quot;Quisiera transferir ciento cincuenta pesos a Juan Perez que vive en la calle Rivadavia cuarenta y tres&quot;-&gt; &quot;Quisiera transferir 150 pesos a Juan Perez que vive en la calle Rivadavia 43&quot; - Si la frase es un numero cardinal mayor a 20 y menor o igual a 99, se escribe directamente su correspondiente valor numerico o se compone - Examples - Example #92" classname="com.globantx.cardinalevaluator.CucumberConfig" time="0.002"/>
  <testcase name="El objetivo es que traduzca frases de todo tipo, que tengan numeros escritos en letras adentro, como por ejemplo: &quot;Quisiera transferir ciento cincuenta pesos a Juan Perez que vive en la calle Rivadavia cuarenta y tres&quot;-&gt; &quot;Quisiera transferir 150 pesos a Juan Perez que vive en la calle Rivadavia 43&quot; - Si la frase es un numero cardinal mayor a 20 y menor o igual a 99, se escribe directamente su correspondiente valor numerico o se compone - Examples - Example #93" classname="com.globantx.cardinalevaluator.CucumberConfig" time="0.002"/>
  <testcase name="El objetivo es que traduzca frases de todo tipo, que tengan numeros escritos en letras adentro, como por ejemplo: &quot;Quisiera transferir ciento cincuenta pesos a Juan Perez que vive en la calle Rivadavia cuarenta y tres&quot;-&gt; &quot;Quisiera transferir 150 pesos a Juan Perez que vive en la calle Rivadavia 43&quot; - Si la frase es un numero cardinal mayor a 20 y menor o igual a 99, se escribe directamente su correspondiente valor numerico o se compone - Examples - Example #94" classname="com.globantx.cardinalevaluator.CucumberConfig" time="0.003"/>
  <testcase name="El objetivo es que traduzca frases de todo tipo, que tengan numeros escritos en letras adentro, como por ejemplo: &quot;Quisiera transferir ciento cincuenta pesos a Juan Perez que vive en la calle Rivadavia cuarenta y tres&quot;-&gt; &quot;Quisiera transferir 150 pesos a Juan Perez que vive en la calle Rivadavia 43&quot; - Si la frase es un numero cardinal mayor a 20 y menor o igual a 99, se escribe directamente su correspondiente valor numerico o se compone - Examples - Example #95" classname="com.globantx.cardinalevaluator.CucumberConfig" time="0.003"/>
  <testcase name="El objetivo es que traduzca frases de todo tipo, que tengan numeros escritos en letras adentro, como por ejemplo: &quot;Quisiera transferir ciento cincuenta pesos a Juan Perez que vive en la calle Rivadavia cuarenta y tres&quot;-&gt; &quot;Quisiera transferir 150 pesos a Juan Perez que vive en la calle Rivadavia 43&quot; - Si la frase es un numero cardinal mayor a 20 y menor o igual a 99, se escribe directamente su correspondiente valor numerico o se compone - Examples - Example #96" classname="com.globantx.cardinalevaluator.CucumberConfig" time="0.002"/>
  <testcase name="El objetivo es que traduzca frases de todo tipo, que tengan numeros escritos en letras adentro, como por ejemplo: &quot;Quisiera transferir ciento cincuenta pesos a Juan Perez que vive en la calle Rivadavia cuarenta y tres&quot;-&gt; &quot;Quisiera transferir 150 pesos a Juan Perez que vive en la calle Rivadavia 43&quot; - Si la frase es un numero cardinal mayor a 20 y menor o igual a 99, se escribe directamente su correspondiente valor numerico o se compone - Examples - Example #97" classname="com.globantx.cardinalevaluator.CucumberConfig" time="0.004"/>
  <testcase name="El objetivo es que traduzca frases de todo tipo, que tengan numeros escritos en letras adentro, como por ejemplo: &quot;Quisiera transferir ciento cincuenta pesos a Juan Perez que vive en la calle Rivadavia cuarenta y tres&quot;-&gt; &quot;Quisiera transferir 150 pesos a Juan Perez que vive en la calle Rivadavia 43&quot; - Si la frase es un numero cardinal mayor a 20 y menor o igual a 99, se escribe directamente su correspondiente valor numerico o se compone - Examples - Example #98" classname="com.globantx.cardinalevaluator.CucumberConfig" time="0.003"/>
  <testcase name="El objetivo es que traduzca frases de todo tipo, que tengan numeros escritos en letras adentro, como por ejemplo: &quot;Quisiera transferir ciento cincuenta pesos a Juan Perez que vive en la calle Rivadavia cuarenta y tres&quot;-&gt; &quot;Quisiera transferir 150 pesos a Juan Perez que vive en la calle Rivadavia 43&quot; - Si la frase es un numero cardinal mayor a 20 y menor o igual a 99, se escribe directamente su correspondiente valor numerico o se compone - Examples - Example #99" classname="com.globantx.cardinalevaluator.CucumberConfig" time="0.003"/>
  <testcase name="El objetivo es que traduzca frases de todo tipo, que tengan numeros escritos en letras adentro, como por ejemplo: &quot;Quisiera transferir ciento cincuenta pesos a Juan Perez que vive en la calle Rivadavia cuarenta y tres&quot;-&gt; &quot;Quisiera transferir 150 pesos a Juan Perez que vive en la calle Rivadavia 43&quot; - Si la frase es un numero cardinal mayor a 20 y menor o igual a 99, se escribe directamente su correspondiente valor numerico o se compone - Examples - Example #100" classname="com.globantx.cardinalevaluator.CucumberConfig" time="0.003"/>
  <testcase name="El objetivo es que traduzca frases de todo tipo, que tengan numeros escritos en letras adentro, como por ejemplo: &quot;Quisiera transferir ciento cincuenta pesos a Juan Perez que vive en la calle Rivadavia cuarenta y tres&quot;-&gt; &quot;Quisiera transferir 150 pesos a Juan Perez que vive en la calle Rivadavia 43&quot; - Si la frase es un numero cardinal mayor a 20 y menor o igual a 99, se escribe directamente su correspondiente valor numerico o se compone - Examples - Example #101" classname="com.globantx.cardinalevaluator.CucumberConfig" time="0.003"/>
  <testcase name="El objetivo es que traduzca frases de todo tipo, que tengan numeros escritos en letras adentro, como por ejemplo: &quot;Quisiera transferir ciento cincuenta pesos a Juan Perez que vive en la calle Rivadavia cuarenta y tres&quot;-&gt; &quot;Quisiera transferir 150 pesos a Juan Perez que vive en la calle Rivadavia 43&quot; - Si la frase es un numero cardinal mayor a 20 y menor o igual a 99, se escribe directamente su correspondiente valor numerico o se compone - Examples - Example #102" classname="com.globantx.cardinalevaluator.CucumberConfig" time="0.002"/>
  <testcase name="El objetivo es que traduzca frases de todo tipo, que tengan numeros escritos en letras adentro, como por ejemplo: &quot;Quisiera transferir ciento cincuenta pesos a Juan Perez que vive en la calle Rivadavia cuarenta y tres&quot;-&gt; &quot;Quisiera transferir 150 pesos a Juan Perez que vive en la calle Rivadavia 43&quot; - Si la frase es un numero cardinal mayor a 20 y menor o igual a 99, se escribe directamente su correspondiente valor numerico o se compone - Examples - Example #103" classname="com.globantx.cardinalevaluator.CucumberConfig" time="0.003"/>
  <testcase name="El objetivo es que traduzca frases de todo tipo, que tengan numeros escritos en letras adentro, como por ejemplo: &quot;Quisiera transferir ciento cincuenta pesos a Juan Perez que vive en la calle Rivadavia cuarenta y tres&quot;-&gt; &quot;Quisiera transferir 150 pesos a Juan Perez que vive en la calle Rivadavia 43&quot; - Si la frase es un numero cardinal mayor a 20 y menor o igual a 99, se escribe directamente su correspondiente valor numerico o se compone - Examples - Example #104" classname="com.globantx.cardinalevaluator.CucumberConfig" time="0.003"/>
  <testcase name="El objetivo es que traduzca frases de todo tipo, que tengan numeros escritos en letras adentro, como por ejemplo: &quot;Quisiera transferir ciento cincuenta pesos a Juan Perez que vive en la calle Rivadavia cuarenta y tres&quot;-&gt; &quot;Quisiera transferir 150 pesos a Juan Perez que vive en la calle Rivadavia 43&quot; - Si la frase es un numero cardinal mayor a 20 y menor o igual a 99, se escribe directamente su correspondiente valor numerico o se compone - Examples - Example #105" classname="com.globantx.cardinalevaluator.CucumberConfig" time="0.002"/>
  <testcase name="El objetivo es que traduzca frases de todo tipo, que tengan numeros escritos en letras adentro, como por ejemplo: &quot;Quisiera transferir ciento cincuenta pesos a Juan Perez que vive en la calle Rivadavia cuarenta y tres&quot;-&gt; &quot;Quisiera transferir 150 pesos a Juan Perez que vive en la calle Rivadavia 43&quot; - Si la frase es un numero cardinal mayor a 20 y menor o igual a 99, se escribe directamente su correspondiente valor numerico o se compone - Examples - Example #106" classname="com.globantx.cardinalevaluator.CucumberConfig" time="0.003"/>
[...]
2022-07-13 19:53:43.983  INFO 38018 --- [    Test worker] .b.t.c.SpringBootTestContextBootstrapper : Loaded default TestExecutionListener class names from location [META-INF/spring.factories]: [org.springframework.boot.test.autoconfigure.restdocs.RestDocsTestExecutionListener, org.springframework.boot.test.autoconfigure.web.client.MockRestServiceServerResetTestExecutionListener, org.springframework.boot.test.autoconfigure.web.servlet.MockMvcPrintOnlyOnFailureTestExecutionListener, org.springframework.boot.test.autoconfigure.web.servlet.WebDriverTestExecutionListener, org.springframework.boot.test.autoconfigure.webservices.client.MockWebServiceServerTestExecutionListener, org.springframework.boot.test.mock.mockito.MockitoTestExecutionListener, org.springframework.boot.test.mock.mockito.ResetMocksTestExecutionListener, org.springframework.test.context.web.ServletTestExecutionListener, org.springframework.test.context.support.DirtiesContextBeforeModesTestExecutionListener, org.springframework.test.context.event.ApplicationEventsTestExecutionListener, org.springframework.test.context.support.DependencyInjectionTestExecutionListener, org.springframework.test.context.support.DirtiesContextTestExecutionListener, org.springframework.test.context.transaction.TransactionalTestExecutionListener, org.springframework.test.context.jdbc.SqlScriptsTestExecutionListener, org.springframework.test.context.event.EventPublishingTestExecutionListener]
2022-07-13 19:53:43.983  INFO 38018 --- [    Test worker] .b.t.c.SpringBootTestContextBootstrapper : Using TestExecutionListeners: [org.springframework.test.context.web.ServletTestExecutionListener@1e060d4b, org.springframework.test.context.support.DirtiesContextBeforeModesTestExecutionListener@2375cb0e, org.springframework.test.context.event.ApplicationEventsTestExecutionListener@7a6ccc46, org.springframework.boot.test.mock.mockito.MockitoTestExecutionListener@65ad56c2, org.springframework.boot.test.autoconfigure.SpringBootDependencyInjectionTestExecutionListener@4b6f7369, org.springframework.test.context.support.DirtiesContextTestExecutionListener@464fecb1, org.springframework.test.context.event.EventPublishingTestExecutionListener@5a5d16c2, org.springframework.boot.test.autoconfigure.restdocs.RestDocsTestExecutionListener@55c9400d, org.springframework.boot.test.autoconfigure.web.client.MockRestServiceServerResetTestExecutionListener@650d95e6, org.springframework.boot.test.autoconfigure.web.servlet.MockMvcPrintOnlyOnFailureTestExecutionListener@5c1ec792, org.springframework.boot.test.autoconfigure.web.servlet.WebDriverTestExecutionListener@6e4731d5, org.springframework.boot.test.autoconfigure.webservices.client.MockWebServiceServerTestExecutionListener@7111dd38, org.springframework.boot.test.mock.mockito.ResetMocksTestExecutionListener@783ac459]
2022-07-13 19:53:43.984  INFO 38018 --- [    Test worker] .b.t.c.SpringBootTestContextBootstrapper : Neither @ContextConfiguration nor @ContextHierarchy found for test class [com.globantx.cardinalevaluator.CucumberSpringConfiguration], using SpringBootContextLoader
2022-07-13 19:53:43.984  INFO 38018 --- [    Test worker] o.s.t.c.support.AbstractContextLoader    : Could not detect default resource locations for test class [com.globantx.cardinalevaluator.CucumberSpringConfiguration]: no resource found for suffixes {-context.xml, Context.groovy}.
2022-07-13 19:53:43.985  INFO 38018 --- [    Test worker] .b.t.c.SpringBootTestContextBootstrapper : Loaded default TestExecutionListener class names from location [META-INF/spring.factories]: [org.springframework.boot.test.autoconfigure.restdocs.RestDocsTestExecutionListener, org.springframework.boot.test.autoconfigure.web.client.MockRestServiceServerResetTestExecutionListener, org.springframework.boot.test.autoconfigure.web.servlet.MockMvcPrintOnlyOnFailureTestExecutionListener, org.springframework.boot.test.autoconfigure.web.servlet.WebDriverTestExecutionListener, org.springframework.boot.test.autoconfigure.webservices.client.MockWebServiceServerTestExecutionListener, org.springframework.boot.test.mock.mockito.MockitoTestExecutionListener, org.springframework.boot.test.mock.mockito.ResetMocksTestExecutionListener, org.springframework.test.context.web.ServletTestExecutionListener, org.springframework.test.context.support.DirtiesContextBeforeModesTestExecutionListener, org.springframework.test.context.event.ApplicationEventsTestExecutionListener, org.springframework.test.context.support.DependencyInjectionTestExecutionListener, org.springframework.test.context.support.DirtiesContextTestExecutionListener, org.springframework.test.context.transaction.TransactionalTestExecutionListener, org.springframework.test.context.jdbc.SqlScriptsTestExecutionListener, org.springframework.test.context.event.EventPublishingTestExecutionListener]
2022-07-13 19:53:43.985  INFO 38018 --- [    Test worker] .b.t.c.SpringBootTestContextBootstrapper : Using TestExecutionListeners: [org.springframework.test.context.web.ServletTestExecutionListener@5232be9b, org.springframework.test.context.support.DirtiesContextBeforeModesTestExecutionListener@5ace491, org.springframework.test.context.event.ApplicationEventsTestExecutionListener@7a2b0101, org.springframework.boot.test.mock.mockito.MockitoTestExecutionListener@549d1a11, org.springframework.boot.test.autoconfigure.SpringBootDependencyInjectionTestExecutionListener@139ca07f, org.springframework.test.context.support.DirtiesContextTestExecutionListener@717646f1, org.springframework.test.context.event.EventPublishingTestExecutionListener@537762d7, org.springframework.boot.test.autoconfigure.restdocs.RestDocsTestExecutionListener@6f06b73a, org.springframework.boot.test.autoconfigure.web.client.MockRestServiceServerResetTestExecutionListener@196f7dfd, org.springframework.boot.test.autoconfigure.web.servlet.MockMvcPrintOnlyOnFailureTestExecutionListener@5aede1ef, org.springframework.boot.test.autoconfigure.web.servlet.WebDriverTestExecutionListener@326451bf, org.springframework.boot.test.autoconfigure.webservices.client.MockWebServiceServerTestExecutionListener@68819fae, org.springframework.boot.test.mock.mockito.ResetMocksTestExecutionListener@ae397d6]
2022-07-13 19:53:43.987  INFO 38018 --- [    Test worker] .b.t.c.SpringBootTestContextBootstrapper : Neither @ContextConfiguration nor @ContextHierarchy found for test class [com.globantx.cardinalevaluator.CucumberSpringConfiguration], using SpringBootContextLoader
2022-07-13 19:53:43.987  INFO 38018 --- [    Test worker] o.s.t.c.support.AbstractContextLoader    : Could not detect default resource locations for test class [com.globantx.cardinalevaluator.CucumberSpringConfiguration]: no resource found for suffixes {-context.xml, Context.groovy}.
2022-07-13 19:53:43.988  INFO 38018 --- [    Test worker] .b.t.c.SpringBootTestContextBootstrapper : Loaded default TestExecutionListener class names from location [META-INF/spring.factories]: [org.springframework.boot.test.autoconfigure.restdocs.RestDocsTestExecutionListener, org.springframework.boot.test.autoconfigure.web.client.MockRestServiceServerResetTestExecutionListener, org.springframework.boot.test.autoconfigure.web.servlet.MockMvcPrintOnlyOnFailureTestExecutionListener, org.springframework.boot.test.autoconfigure.web.servlet.WebDriverTestExecutionListener, org.springframework.boot.test.autoconfigure.webservices.client.MockWebServiceServerTestExecutionListener, org.springframework.boot.test.mock.mockito.MockitoTestExecutionListener, org.springframework.boot.test.mock.mockito.ResetMocksTestExecutionListener, org.springframework.test.context.web.ServletTestExecutionListener, org.springframework.test.context.support.DirtiesContextBeforeModesTestExecutionListener, org.springframework.test.context.event.ApplicationEventsTestExecutionListener, org.springframework.test.context.support.DependencyInjectionTestExecutionListener, org.springframework.test.context.support.DirtiesContextTestExecutionListener, org.springframework.test.context.transaction.TransactionalTestExecutionListener, org.springframework.test.context.jdbc.SqlScriptsTestExecutionListener, org.springframework.test.context.event.EventPublishingTestExecutionListener]
2022-07-13 19:53:43.988  INFO 38018 --- [    Test worker] .b.t.c.SpringBootTestContextBootstrapper : Using TestExecutionListeners: [org.springframework.test.context.web.ServletTestExecutionListener@3f34edfc, org.springframework.test.context.support.DirtiesContextBeforeModesTestExecutionListener@2f4daa0c, org.springframework.test.context.event.ApplicationEventsTestExecutionListener@4bd52ca4, org.springframework.boot.test.mock.mockito.MockitoTestExecutionListener@5d9e5f2f, org.springframework.boot.test.autoconfigure.SpringBootDependencyInjectionTestExecutionListener@455d026d, org.springframework.test.context.support.DirtiesContextTestExecutionListener@782cd00, org.springframework.test.context.event.EventPublishingTestExecutionListener@65d07158, org.springframework.boot.test.autoconfigure.restdocs.RestDocsTestExecutionListener@4a182dea, org.springframework.boot.test.autoconfigure.web.client.MockRestServiceServerResetTestExecutionListener@677b00ae, org.springframework.boot.test.autoconfigure.web.servlet.MockMvcPrintOnlyOnFailureTestExecutionListener@76802b8c, org.springframework.boot.test.autoconfigure.web.servlet.WebDriverTestExecutionListener@10bcceb5, org.springframework.boot.test.autoconfigure.webservices.client.MockWebServiceServerTestExecutionListener@1b40c635, org.springframework.boot.test.mock.mockito.ResetMocksTestExecutionListener@2481db83]
2022-07-13 19:53:43.990  INFO 38018 --- [    Test worker] .b.t.c.SpringBootTestContextBootstrapper : Neither @ContextConfiguration nor @ContextHierarchy found for test class [com.globantx.cardinalevaluator.CucumberSpringConfiguration], using SpringBootContextLoader
2022-07-13 19:53:43.990  INFO 38018 --- [    Test worker] o.s.t.c.support.AbstractContextLoader    : Could not detect default resource locations for test class [com.globantx.cardinalevaluator.CucumberSpringConfiguration]: no resource found for suffixes {-context.xml, Context.groovy}.
2022-07-13 19:53:43.990  INFO 38018 --- [    Test worker] .b.t.c.SpringBootTestContextBootstrapper : Loaded default TestExecutionListener class names from location [META-INF/spring.factories]: [org.springframework.boot.test.autoconfigure.restdocs.RestDocsTestExecutionListener, org.springframework.boot.test.autoconfigure.web.client.MockRestServiceServerResetTestExecutionListener, org.springframework.boot.test.autoconfigure.web.servlet.MockMvcPrintOnlyOnFailureTestExecutionListener, org.springframework.boot.test.autoconfigure.web.servlet.WebDriverTestExecutionListener, org.springframework.boot.test.autoconfigure.webservices.client.MockWebServiceServerTestExecutionListener, org.springframework.boot.test.mock.mockito.MockitoTestExecutionListener, org.springframework.boot.test.mock.mockito.ResetMocksTestExecutionListener, org.springframework.test.context.web.ServletTestExecutionListener, org.springframework.test.context.support.DirtiesContextBeforeModesTestExecutionListener, org.springframework.test.context.event.ApplicationEventsTestExecutionListener, org.springframework.test.context.support.DependencyInjectionTestExecutionListener, org.springframework.test.context.support.DirtiesContextTestExecutionListener, org.springframework.test.context.transaction.TransactionalTestExecutionListener, org.springframework.test.context.jdbc.SqlScriptsTestExecutionListener, org.springframework.test.context.event.EventPublishingTestExecutionListener]
2022-07-13 19:53:43.991  INFO 38018 --- [    Test worker] .b.t.c.SpringBootTestContextBootstrapper : Using TestExecutionListeners: [org.springframework.test.context.web.ServletTestExecutionListener@532a48d4, org.springframework.test.context.support.DirtiesContextBeforeModesTestExecutionListener@2515ed62, org.springframework.test.context.event.ApplicationEventsTestExecutionListener@38f9e69b, org.springframework.boot.test.mock.mockito.MockitoTestExecutionListener@128e7fc4, org.springframework.boot.test.autoconfigure.SpringBootDependencyInjectionTestExecutionListener@13e3f9a9, org.springframework.test.context.support.DirtiesContextTestExecutionListener@1997784a, org.springframework.test.context.event.EventPublishingTestExecutionListener@6ead88dd, org.springframework.boot.test.autoconfigure.restdocs.RestDocsTestExecutionListener@fbcba93, org.springframework.boot.test.autoconfigure.web.client.MockRestServiceServerResetTestExecutionListener@39e347c, org.springframework.boot.test.autoconfigure.web.servlet.MockMvcPrintOnlyOnFailureTestExecutionListener@2169596d, org.springframework.boot.test.autoconfigure.web.servlet.WebDriverTestExecutionListener@2300d6fd, org.springframework.boot.test.autoconfigure.webservices.client.MockWebServiceServerTestExecutionListener@4902882c, org.springframework.boot.test.mock.mockito.ResetMocksTestExecutionListener@3b4d78a4]
2022-07-13 19:53:43.993  INFO 38018 --- [    Test worker] .b.t.c.SpringBootTestContextBootstrapper : Neither @ContextConfiguration nor @ContextHierarchy found for test class [com.globantx.cardinalevaluator.CucumberSpringConfiguration], using SpringBootContextLoader
2022-07-13 19:53:43.993  INFO 38018 --- [    Test worker] o.s.t.c.support.AbstractContextLoader    : Could not detect default resource locations for test class [com.globantx.cardinalevaluator.CucumberSpringConfiguration]: no resource found for suffixes {-context.xml, Context.groovy}.
2022-07-13 19:53:43.993  INFO 38018 --- [    Test worker] .b.t.c.SpringBootTestContextBootstrapper : Loaded default TestExecutionListener class names from location [META-INF/spring.factories]: [org.springframework.boot.test.autoconfigure.restdocs.RestDocsTestExecutionListener, org.springframework.boot.test.autoconfigure.web.client.MockRestServiceServerResetTestExecutionListener, org.springframework.boot.test.autoconfigure.web.servlet.MockMvcPrintOnlyOnFailureTestExecutionListener, org.springframework.boot.test.autoconfigure.web.servlet.WebDriverTestExecutionListener, org.springframework.boot.test.autoconfigure.webservices.client.MockWebServiceServerTestExecutionListener, org.springframework.boot.test.mock.mockito.MockitoTestExecutionListener, org.springframework.boot.test.mock.mockito.ResetMocksTestExecutionListener, org.springframework.test.context.web.ServletTestExecutionListener, org.springframework.test.context.support.DirtiesContextBeforeModesTestExecutionListener, org.springframework.test.context.event.ApplicationEventsTestExecutionListener, org.springframework.test.context.support.DependencyInjectionTestExecutionListener, org.springframework.test.context.support.DirtiesContextTestExecutionListener, org.springframework.test.context.transaction.TransactionalTestExecutionListener, org.springframework.test.context.jdbc.SqlScriptsTestExecutionListener, org.springframework.test.context.event.EventPublishingTestExecutionListener]
2022-07-13 19:53:43.994  INFO 38018 --- [    Test worker] .b.t.c.SpringBootTestContextBootstrapper : Using TestExecutionListeners: [org.springframework.test.context.web.ServletTestExecutionListener@5084fc91, org.springframework.test.context.support.DirtiesContextBeforeModesTestExecutionListener@75966f42, org.springframework.test.context.event.ApplicationEventsTestExecutionListener@2808ca34, org.springframework.boot.test.mock.mockito.MockitoTestExecutionListener@78500fc9, org.springframework.boot.test.autoconfigure.SpringBootDependencyInjectionTestExecutionListener@fc71426, org.springframework.test.context.support.DirtiesContextTestExecutionListener@49ed96e3, org.springframework.test.context.event.EventPublishingTestExecutionListener@275aac80, org.springframework.boot.test.autoconfigure.restdocs.RestDocsTestExecutionListener@5f8cd1e5, org.springframework.boot.test.autoconfigure.web.client.MockRestServiceServerResetTestExecutionListener@685d9816, org.springframework.boot.test.autoconfigure.web.servlet.MockMvcPrintOnlyOnFailureTestExecutionListener@4d225170, org.springframework.boot.test.autoconfigure.web.servlet.WebDriverTestExecutionListener@3f6edaf8, org.springframework.boot.test.autoconfigure.webservices.client.MockWebServiceServerTestExecutionListener@6543709, org.springframework.boot.test.mock.mockito.ResetMocksTestExecutionListener@2cd92fd]
2022-07-13 19:53:43.996  INFO 38018 --- [    Test worker] .b.t.c.SpringBootTestContextBootstrapper : Neither @ContextConfiguration nor @ContextHierarchy found for test class [com.globantx.cardinalevaluator.CucumberSpringConfiguration], using SpringBootContextLoader
2022-07-13 19:53:43.996  INFO 38018 --- [    Test worker] o.s.t.c.support.AbstractContextLoader    : Could not detect default resource locations for test class [com.globantx.cardinalevaluator.CucumberSpringConfiguration]: no resource found for suffixes {-context.xml, Context.groovy}.
2022-07-13 19:53:43.996  INFO 38018 --- [    Test worker] .b.t.c.SpringBootTestContextBootstrapper : Loaded default TestExecutionListener class names from location [META-INF/spring.factories]: [org.springframework.boot.test.autoconfigure.restdocs.RestDocsTestExecutionListener, org.springframework.boot.test.autoconfigure.web.client.MockRestServiceServerResetTestExecutionListener, org.springframework.boot.test.autoconfigure.web.servlet.MockMvcPrintOnlyOnFailureTestExecutionListener, org.springframework.boot.test.autoconfigure.web.servlet.WebDriverTestExecutionListener, org.springframework.boot.test.autoconfigure.webservices.client.MockWebServiceServerTestExecutionListener, org.springframework.boot.test.mock.mockito.MockitoTestExecutionListener, org.springframework.boot.test.mock.mockito.ResetMocksTestExecutionListener, org.springframework.test.context.web.ServletTestExecutionListener, org.springframework.test.context.support.DirtiesContextBeforeModesTestExecutionListener, org.springframework.test.context.event.ApplicationEventsTestExecutionListener, org.springframework.test.context.support.DependencyInjectionTestExecutionListener, org.springframework.test.context.support.DirtiesContextTestExecutionListener, org.springframework.test.context.transaction.TransactionalTestExecutionListener, org.springframework.test.context.jdbc.SqlScriptsTestExecutionListener, org.springframework.test.context.event.EventPublishingTestExecutionListener]
2022-07-13 19:53:43.996  INFO 38018 --- [    Test worker] .b.t.c.SpringBootTestContextBootstrapper : Using TestExecutionListeners: [org.springframework.test.context.web.ServletTestExecutionListener@5dbbfa05, org.springframework.test.context.support.DirtiesContextBeforeModesTestExecutionListener@14cb5250, org.springframework.test.context.event.ApplicationEventsTestExecutionListener@3300d3bf, org.springframework.boot.test.mock.mockito.MockitoTestExecutionListener@5db4e558, org.springframework.boot.test.autoconfigure.SpringBootDependencyInjectionTestExecutionListener@5f5d5739, org.springframework.test.context.support.DirtiesContextTestExecutionListener@11cac750, org.springframework.test.context.event.EventPublishingTestExecutionListener@24e273fd, org.springframework.boot.test.autoconfigure.restdocs.RestDocsTestExecutionListener@5e86dc1c, org.springframework.boot.test.autoconfigure.web.client.MockRestServiceServerResetTestExecutionListener@6b57ac6a, org.springframework.boot.test.autoconfigure.web.servlet.MockMvcPrintOnlyOnFailureTestExecutionListener@2ce01617, org.springframework.boot.test.autoconfigure.web.servlet.WebDriverTestExecutionListener@1b2af5ed, org.springframework.boot.test.autoconfigure.webservices.client.MockWebServiceServerTestExecutionListener@7324bca8, org.springframework.boot.test.mock.mockito.ResetMocksTestExecutionListener@25c66a5a]
]]></system-out>
  <system-err><![CDATA[]]></system-err>
</testsuite>
