<?xml version="1.0" encoding="UTF-8"?>
<testsuite name="com.globantx.cardinalevaluator.CucumberConfig" tests="155" skipped="0" failures="0" errors="0" timestamp="2022-07-14T00:16:03" hostname="EC-IT00018" time="1.549">
  <properties/>
  <testcase name="El objetivo es que traduzca frases de todo tipo, que tengan numeros escritos en letras adentro, como por ejemplo: &quot;Quisiera transferir ciento cincuenta pesos a Juan Perez que vive en la calle Rivadavia cuarenta y tres&quot;-&gt; &quot;Quisiera transferir 150 pesos a Juan Perez que vive en la calle Rivadavia 43&quot; - Identificar numeros en una frase" classname="com.globantx.cardinalevaluator.CucumberConfig" time="1.103"/>
  <testcase name="El objetivo es que traduzca frases de todo tipo, que tengan numeros escritos en letras adentro, como por ejemplo: &quot;Quisiera transferir ciento cincuenta pesos a Juan Perez que vive en la calle Rivadavia cuarenta y tres&quot;-&gt; &quot;Quisiera transferir 150 pesos a Juan Perez que vive en la calle Rivadavia 43&quot; - Identificar dos un valor a transferir y una calle" classname="com.globantx.cardinalevaluator.CucumberConfig" time="0.006"/>
  <testcase name="El objetivo es que traduzca frases de todo tipo, que tengan numeros escritos en letras adentro, como por ejemplo: &quot;Quisiera transferir ciento cincuenta pesos a Juan Perez que vive en la calle Rivadavia cuarenta y tres&quot;-&gt; &quot;Quisiera transferir 150 pesos a Juan Perez que vive en la calle Rivadavia 43&quot; - Si la frase es un numero cardinal menor a veinte, se escribe directamente su correspondiente valor numerico - Examples - Example #1" classname="com.globantx.cardinalevaluator.CucumberConfig" time="0.005"/>
  <testcase name="El objetivo es que traduzca frases de todo tipo, que tengan numeros escritos en letras adentro, como por ejemplo: &quot;Quisiera transferir ciento cincuenta pesos a Juan Perez que vive en la calle Rivadavia cuarenta y tres&quot;-&gt; &quot;Quisiera transferir 150 pesos a Juan Perez que vive en la calle Rivadavia 43&quot; - Si la frase es un numero cardinal menor a veinte, se escribe directamente su correspondiente valor numerico - Examples - Example #2" classname="com.globantx.cardinalevaluator.CucumberConfig" time="0.017"/>
  <testcase name="El objetivo es que traduzca frases de todo tipo, que tengan numeros escritos en letras adentro, como por ejemplo: &quot;Quisiera transferir ciento cincuenta pesos a Juan Perez que vive en la calle Rivadavia cuarenta y tres&quot;-&gt; &quot;Quisiera transferir 150 pesos a Juan Perez que vive en la calle Rivadavia 43&quot; - Si la frase es un numero cardinal menor a veinte, se escribe directamente su correspondiente valor numerico - Examples - Example #3" classname="com.globantx.cardinalevaluator.CucumberConfig" time="0.004"/>
  <testcase name="El objetivo es que traduzca frases de todo tipo, que tengan numeros escritos en letras adentro, como por ejemplo: &quot;Quisiera transferir ciento cincuenta pesos a Juan Perez que vive en la calle Rivadavia cuarenta y tres&quot;-&gt; &quot;Quisiera transferir 150 pesos a Juan Perez que vive en la calle Rivadavia 43&quot; - Si la frase es un numero cardinal menor a veinte, se escribe directamente su correspondiente valor numerico - Examples - Example #4" classname="com.globantx.cardinalevaluator.CucumberConfig" time="0.003"/>
  <testcase name="El objetivo es que traduzca frases de todo tipo, que tengan numeros escritos en letras adentro, como por ejemplo: &quot;Quisiera transferir ciento cincuenta pesos a Juan Perez que vive en la calle Rivadavia cuarenta y tres&quot;-&gt; &quot;Quisiera transferir 150 pesos a Juan Perez que vive en la calle Rivadavia 43&quot; - Si la frase es un numero cardinal menor a veinte, se escribe directamente su correspondiente valor numerico - Examples - Example #5" classname="com.globantx.cardinalevaluator.CucumberConfig" time="0.007"/>
  <testcase name="El objetivo es que traduzca frases de todo tipo, que tengan numeros escritos en letras adentro, como por ejemplo: &quot;Quisiera transferir ciento cincuenta pesos a Juan Perez que vive en la calle Rivadavia cuarenta y tres&quot;-&gt; &quot;Quisiera transferir 150 pesos a Juan Perez que vive en la calle Rivadavia 43&quot; - Si la frase es un numero cardinal menor a veinte, se escribe directamente su correspondiente valor numerico - Examples - Example #6" classname="com.globantx.cardinalevaluator.CucumberConfig" time="0.005"/>
  <testcase name="El objetivo es que traduzca frases de todo tipo, que tengan numeros escritos en letras adentro, como por ejemplo: &quot;Quisiera transferir ciento cincuenta pesos a Juan Perez que vive en la calle Rivadavia cuarenta y tres&quot;-&gt; &quot;Quisiera transferir 150 pesos a Juan Perez que vive en la calle Rivadavia 43&quot; - Si la frase es un numero cardinal menor a veinte, se escribe directamente su correspondiente valor numerico - Examples - Example #7" classname="com.globantx.cardinalevaluator.CucumberConfig" time="0.005"/>
  <testcase name="El objetivo es que traduzca frases de todo tipo, que tengan numeros escritos en letras adentro, como por ejemplo: &quot;Quisiera transferir ciento cincuenta pesos a Juan Perez que vive en la calle Rivadavia cuarenta y tres&quot;-&gt; &quot;Quisiera transferir 150 pesos a Juan Perez que vive en la calle Rivadavia 43&quot; - Si la frase es un numero cardinal menor a veinte, se escribe directamente su correspondiente valor numerico - Examples - Example #8" classname="com.globantx.cardinalevaluator.CucumberConfig" time="0.003"/>
  <testcase name="El objetivo es que traduzca frases de todo tipo, que tengan numeros escritos en letras adentro, como por ejemplo: &quot;Quisiera transferir ciento cincuenta pesos a Juan Perez que vive en la calle Rivadavia cuarenta y tres&quot;-&gt; &quot;Quisiera transferir 150 pesos a Juan Perez que vive en la calle Rivadavia 43&quot; - Si la frase es un numero cardinal menor a veinte, se escribe directamente su correspondiente valor numerico - Examples - Example #9" classname="com.globantx.cardinalevaluator.CucumberConfig" time="0.004"/>
  <testcase name="El objetivo es que traduzca frases de todo tipo, que tengan numeros escritos en letras adentro, como por ejemplo: &quot;Quisiera transferir ciento cincuenta pesos a Juan Perez que vive en la calle Rivadavia cuarenta y tres&quot;-&gt; &quot;Quisiera transferir 150 pesos a Juan Perez que vive en la calle Rivadavia 43&quot; - Si la frase es un numero cardinal menor a veinte, se escribe directamente su correspondiente valor numerico - Examples - Example #10" classname="com.globantx.cardinalevaluator.CucumberConfig" time="0.004"/>
  <testcase name="El objetivo es que traduzca frases de todo tipo, que tengan numeros escritos en letras adentro, como por ejemplo: &quot;Quisiera transferir ciento cincuenta pesos a Juan Perez que vive en la calle Rivadavia cuarenta y tres&quot;-&gt; &quot;Quisiera transferir 150 pesos a Juan Perez que vive en la calle Rivadavia 43&quot; - Si la frase es un numero cardinal menor a veinte, se escribe directamente su correspondiente valor numerico - Examples - Example #11" classname="com.globantx.cardinalevaluator.CucumberConfig" time="0.005"/>
  <testcase name="El objetivo es que traduzca frases de todo tipo, que tengan numeros escritos en letras adentro, como por ejemplo: &quot;Quisiera transferir ciento cincuenta pesos a Juan Perez que vive en la calle Rivadavia cuarenta y tres&quot;-&gt; &quot;Quisiera transferir 150 pesos a Juan Perez que vive en la calle Rivadavia 43&quot; - Si la frase es un numero cardinal menor a veinte, se escribe directamente su correspondiente valor numerico - Examples - Example #12" classname="com.globantx.cardinalevaluator.CucumberConfig" time="0.003"/>
  <testcase name="El objetivo es que traduzca frases de todo tipo, que tengan numeros escritos en letras adentro, como por ejemplo: &quot;Quisiera transferir ciento cincuenta pesos a Juan Perez que vive en la calle Rivadavia cuarenta y tres&quot;-&gt; &quot;Quisiera transferir 150 pesos a Juan Perez que vive en la calle Rivadavia 43&quot; - Si la frase es un numero cardinal menor a veinte, se escribe directamente su correspondiente valor numerico - Examples - Example #13" classname="com.globantx.cardinalevaluator.CucumberConfig" time="0.003"/>
  <testcase name="El objetivo es que traduzca frases de todo tipo, que tengan numeros escritos en letras adentro, como por ejemplo: &quot;Quisiera transferir ciento cincuenta pesos a Juan Perez que vive en la calle Rivadavia cuarenta y tres&quot;-&gt; &quot;Quisiera transferir 150 pesos a Juan Perez que vive en la calle Rivadavia 43&quot; - Si la frase es un numero cardinal menor a veinte, se escribe directamente su correspondiente valor numerico - Examples - Example #14" classname="com.globantx.cardinalevaluator.CucumberConfig" time="0.006"/>
  <testcase name="El objetivo es que traduzca frases de todo tipo, que tengan numeros escritos en letras adentro, como por ejemplo: &quot;Quisiera transferir ciento cincuenta pesos a Juan Perez que vive en la calle Rivadavia cuarenta y tres&quot;-&gt; &quot;Quisiera transferir 150 pesos a Juan Perez que vive en la calle Rivadavia 43&quot; - Si la frase es un numero cardinal menor a veinte, se escribe directamente su correspondiente valor numerico - Examples - Example #15" classname="com.globantx.cardinalevaluator.CucumberConfig" time="0.003"/>
  <testcase name="El objetivo es que traduzca frases de todo tipo, que tengan numeros escritos en letras adentro, como por ejemplo: &quot;Quisiera transferir ciento cincuenta pesos a Juan Perez que vive en la calle Rivadavia cuarenta y tres&quot;-&gt; &quot;Quisiera transferir 150 pesos a Juan Perez que vive en la calle Rivadavia 43&quot; - Si la frase es un numero cardinal menor a veinte, se escribe directamente su correspondiente valor numerico - Examples - Example #16" classname="com.globantx.cardinalevaluator.CucumberConfig" time="0.004"/>
  <testcase name="El objetivo es que traduzca frases de todo tipo, que tengan numeros escritos en letras adentro, como por ejemplo: &quot;Quisiera transferir ciento cincuenta pesos a Juan Perez que vive en la calle Rivadavia cuarenta y tres&quot;-&gt; &quot;Quisiera transferir 150 pesos a Juan Perez que vive en la calle Rivadavia 43&quot; - Si la frase es un numero cardinal menor a veinte, se escribe directamente su correspondiente valor numerico - Examples - Example #17" classname="com.globantx.cardinalevaluator.CucumberConfig" time="0.004"/>
  <testcase name="El objetivo es que traduzca frases de todo tipo, que tengan numeros escritos en letras adentro, como por ejemplo: &quot;Quisiera transferir ciento cincuenta pesos a Juan Perez que vive en la calle Rivadavia cuarenta y tres&quot;-&gt; &quot;Quisiera transferir 150 pesos a Juan Perez que vive en la calle Rivadavia 43&quot; - Si la frase es un numero cardinal menor a veinte, se escribe directamente su correspondiente valor numerico - Examples - Example #18" classname="com.globantx.cardinalevaluator.CucumberConfig" time="0.004"/>
  <testcase name="El objetivo es que traduzca frases de todo tipo, que tengan numeros escritos en letras adentro, como por ejemplo: &quot;Quisiera transferir ciento cincuenta pesos a Juan Perez que vive en la calle Rivadavia cuarenta y tres&quot;-&gt; &quot;Quisiera transferir 150 pesos a Juan Perez que vive en la calle Rivadavia 43&quot; - Si la frase es un numero cardinal menor a veinte, se escribe directamente su correspondiente valor numerico - Examples - Example #19" classname="com.globantx.cardinalevaluator.CucumberConfig" time="0.003"/>
  <testcase name="El objetivo es que traduzca frases de todo tipo, que tengan numeros escritos en letras adentro, como por ejemplo: &quot;Quisiera transferir ciento cincuenta pesos a Juan Perez que vive en la calle Rivadavia cuarenta y tres&quot;-&gt; &quot;Quisiera transferir 150 pesos a Juan Perez que vive en la calle Rivadavia 43&quot; - Si la frase es un numero cardinal menor a veinte, se escribe directamente su correspondiente valor numerico - Examples - Example #20" classname="com.globantx.cardinalevaluator.CucumberConfig" time="0.002"/>
  <testcase name="El objetivo es que traduzca frases de todo tipo, que tengan numeros escritos en letras adentro, como por ejemplo: &quot;Quisiera transferir ciento cincuenta pesos a Juan Perez que vive en la calle Rivadavia cuarenta y tres&quot;-&gt; &quot;Quisiera transferir 150 pesos a Juan Perez que vive en la calle Rivadavia 43&quot; - Validar escenarios de numeros que sean invalidos - Examples - Example #1" classname="com.globantx.cardinalevaluator.CucumberConfig" time="0.003"/>
  <testcase name="El objetivo es que traduzca frases de todo tipo, que tengan numeros escritos en letras adentro, como por ejemplo: &quot;Quisiera transferir ciento cincuenta pesos a Juan Perez que vive en la calle Rivadavia cuarenta y tres&quot;-&gt; &quot;Quisiera transferir 150 pesos a Juan Perez que vive en la calle Rivadavia 43&quot; - Validar escenarios de numeros que sean invalidos - Examples - Example #2" classname="com.globantx.cardinalevaluator.CucumberConfig" time="0.003"/>
  <testcase name="El objetivo es que traduzca frases de todo tipo, que tengan numeros escritos en letras adentro, como por ejemplo: &quot;Quisiera transferir ciento cincuenta pesos a Juan Perez que vive en la calle Rivadavia cuarenta y tres&quot;-&gt; &quot;Quisiera transferir 150 pesos a Juan Perez que vive en la calle Rivadavia 43&quot; - Validar escenarios de numeros que sean invalidos - Examples - Example #3" classname="com.globantx.cardinalevaluator.CucumberConfig" time="0.003"/>
  <testcase name="El objetivo es que traduzca frases de todo tipo, que tengan numeros escritos en letras adentro, como por ejemplo: &quot;Quisiera transferir ciento cincuenta pesos a Juan Perez que vive en la calle Rivadavia cuarenta y tres&quot;-&gt; &quot;Quisiera transferir 150 pesos a Juan Perez que vive en la calle Rivadavia 43&quot; - Validar escenarios de numeros que sean invalidos - Examples - Example #4" classname="com.globantx.cardinalevaluator.CucumberConfig" time="0.003"/>
  <testcase name="El objetivo es que traduzca frases de todo tipo, que tengan numeros escritos en letras adentro, como por ejemplo: &quot;Quisiera transferir ciento cincuenta pesos a Juan Perez que vive en la calle Rivadavia cuarenta y tres&quot;-&gt; &quot;Quisiera transferir 150 pesos a Juan Perez que vive en la calle Rivadavia 43&quot; - Validar escenarios de numeros que sean invalidos - Examples - Example #5" classname="com.globantx.cardinalevaluator.CucumberConfig" time="0.002"/>
  <testcase name="El objetivo es que traduzca frases de todo tipo, que tengan numeros escritos en letras adentro, como por ejemplo: &quot;Quisiera transferir ciento cincuenta pesos a Juan Perez que vive en la calle Rivadavia cuarenta y tres&quot;-&gt; &quot;Quisiera transferir 150 pesos a Juan Perez que vive en la calle Rivadavia 43&quot; - Validar escenarios de numeros que sean invalidos - Examples - Example #6" classname="com.globantx.cardinalevaluator.CucumberConfig" time="0.002"/>
  <testcase name="El objetivo es que traduzca frases de todo tipo, que tengan numeros escritos en letras adentro, como por ejemplo: &quot;Quisiera transferir ciento cincuenta pesos a Juan Perez que vive en la calle Rivadavia cuarenta y tres&quot;-&gt; &quot;Quisiera transferir 150 pesos a Juan Perez que vive en la calle Rivadavia 43&quot; - Validar escenarios de numeros que sean invalidos - Examples - Example #7" classname="com.globantx.cardinalevaluator.CucumberConfig" time="0.003"/>
  <testcase name="El objetivo es que traduzca frases de todo tipo, que tengan numeros escritos en letras adentro, como por ejemplo: &quot;Quisiera transferir ciento cincuenta pesos a Juan Perez que vive en la calle Rivadavia cuarenta y tres&quot;-&gt; &quot;Quisiera transferir 150 pesos a Juan Perez que vive en la calle Rivadavia 43&quot; - Validar escenarios de numeros que sean invalidos - Examples - Example #8" classname="com.globantx.cardinalevaluator.CucumberConfig" time="0.003"/>
  <testcase name="El objetivo es que traduzca frases de todo tipo, que tengan numeros escritos en letras adentro, como por ejemplo: &quot;Quisiera transferir ciento cincuenta pesos a Juan Perez que vive en la calle Rivadavia cuarenta y tres&quot;-&gt; &quot;Quisiera transferir 150 pesos a Juan Perez que vive en la calle Rivadavia 43&quot; - Validar escenarios de numeros que sean invalidos - Examples - Example #9" classname="com.globantx.cardinalevaluator.CucumberConfig" time="0.003"/>
  <testcase name="El objetivo es que traduzca frases de todo tipo, que tengan numeros escritos en letras adentro, como por ejemplo: &quot;Quisiera transferir ciento cincuenta pesos a Juan Perez que vive en la calle Rivadavia cuarenta y tres&quot;-&gt; &quot;Quisiera transferir 150 pesos a Juan Perez que vive en la calle Rivadavia 43&quot; - Validar escenarios de numeros que sean invalidos - Examples - Example #10" classname="com.globantx.cardinalevaluator.CucumberConfig" time="0.004"/>
  <testcase name="El objetivo es que traduzca frases de todo tipo, que tengan numeros escritos en letras adentro, como por ejemplo: &quot;Quisiera transferir ciento cincuenta pesos a Juan Perez que vive en la calle Rivadavia cuarenta y tres&quot;-&gt; &quot;Quisiera transferir 150 pesos a Juan Perez que vive en la calle Rivadavia 43&quot; - Validar escenarios de numeros que sean invalidos - Examples - Example #11" classname="com.globantx.cardinalevaluator.CucumberConfig" time="0.003"/>
  <testcase name="El objetivo es que traduzca frases de todo tipo, que tengan numeros escritos en letras adentro, como por ejemplo: &quot;Quisiera transferir ciento cincuenta pesos a Juan Perez que vive en la calle Rivadavia cuarenta y tres&quot;-&gt; &quot;Quisiera transferir 150 pesos a Juan Perez que vive en la calle Rivadavia 43&quot; - Validar escenarios de numeros que sean invalidos - Examples - Example #12" classname="com.globantx.cardinalevaluator.CucumberConfig" time="0.003"/>
  <testcase name="El objetivo es que traduzca frases de todo tipo, que tengan numeros escritos en letras adentro, como por ejemplo: &quot;Quisiera transferir ciento cincuenta pesos a Juan Perez que vive en la calle Rivadavia cuarenta y tres&quot;-&gt; &quot;Quisiera transferir 150 pesos a Juan Perez que vive en la calle Rivadavia 43&quot; - Si la frase es un numero cardinal mayor a 20 y menor o igual a 99, se escribe directamente su correspondiente valor numerico o se compone - Examples - Example #1" classname="com.globantx.cardinalevaluator.CucumberConfig" time="0.003"/>
  <testcase name="El objetivo es que traduzca frases de todo tipo, que tengan numeros escritos en letras adentro, como por ejemplo: &quot;Quisiera transferir ciento cincuenta pesos a Juan Perez que vive en la calle Rivadavia cuarenta y tres&quot;-&gt; &quot;Quisiera transferir 150 pesos a Juan Perez que vive en la calle Rivadavia 43&quot; - Si la frase es un numero cardinal mayor a 20 y menor o igual a 99, se escribe directamente su correspondiente valor numerico o se compone - Examples - Example #2" classname="com.globantx.cardinalevaluator.CucumberConfig" time="0.003"/>
  <testcase name="El objetivo es que traduzca frases de todo tipo, que tengan numeros escritos en letras adentro, como por ejemplo: &quot;Quisiera transferir ciento cincuenta pesos a Juan Perez que vive en la calle Rivadavia cuarenta y tres&quot;-&gt; &quot;Quisiera transferir 150 pesos a Juan Perez que vive en la calle Rivadavia 43&quot; - Si la frase es un numero cardinal mayor a 20 y menor o igual a 99, se escribe directamente su correspondiente valor numerico o se compone - Examples - Example #3" classname="com.globantx.cardinalevaluator.CucumberConfig" time="0.003"/>
  <testcase name="El objetivo es que traduzca frases de todo tipo, que tengan numeros escritos en letras adentro, como por ejemplo: &quot;Quisiera transferir ciento cincuenta pesos a Juan Perez que vive en la calle Rivadavia cuarenta y tres&quot;-&gt; &quot;Quisiera transferir 150 pesos a Juan Perez que vive en la calle Rivadavia 43&quot; - Si la frase es un numero cardinal mayor a 20 y menor o igual a 99, se escribe directamente su correspondiente valor numerico o se compone - Examples - Example #4" classname="com.globantx.cardinalevaluator.CucumberConfig" time="0.003"/>
  <testcase name="El objetivo es que traduzca frases de todo tipo, que tengan numeros escritos en letras adentro, como por ejemplo: &quot;Quisiera transferir ciento cincuenta pesos a Juan Perez que vive en la calle Rivadavia cuarenta y tres&quot;-&gt; &quot;Quisiera transferir 150 pesos a Juan Perez que vive en la calle Rivadavia 43&quot; - Si la frase es un numero cardinal mayor a 20 y menor o igual a 99, se escribe directamente su correspondiente valor numerico o se compone - Examples - Example #5" classname="com.globantx.cardinalevaluator.CucumberConfig" time="0.004"/>
  <testcase name="El objetivo es que traduzca frases de todo tipo, que tengan numeros escritos en letras adentro, como por ejemplo: &quot;Quisiera transferir ciento cincuenta pesos a Juan Perez que vive en la calle Rivadavia cuarenta y tres&quot;-&gt; &quot;Quisiera transferir 150 pesos a Juan Perez que vive en la calle Rivadavia 43&quot; - Si la frase es un numero cardinal mayor a 20 y menor o igual a 99, se escribe directamente su correspondiente valor numerico o se compone - Examples - Example #6" classname="com.globantx.cardinalevaluator.CucumberConfig" time="0.002"/>
  <testcase name="El objetivo es que traduzca frases de todo tipo, que tengan numeros escritos en letras adentro, como por ejemplo: &quot;Quisiera transferir ciento cincuenta pesos a Juan Perez que vive en la calle Rivadavia cuarenta y tres&quot;-&gt; &quot;Quisiera transferir 150 pesos a Juan Perez que vive en la calle Rivadavia 43&quot; - Si la frase es un numero cardinal mayor a 20 y menor o igual a 99, se escribe directamente su correspondiente valor numerico o se compone - Examples - Example #7" classname="com.globantx.cardinalevaluator.CucumberConfig" time="0.002"/>
  <testcase name="El objetivo es que traduzca frases de todo tipo, que tengan numeros escritos en letras adentro, como por ejemplo: &quot;Quisiera transferir ciento cincuenta pesos a Juan Perez que vive en la calle Rivadavia cuarenta y tres&quot;-&gt; &quot;Quisiera transferir 150 pesos a Juan Perez que vive en la calle Rivadavia 43&quot; - Si la frase es un numero cardinal mayor a 20 y menor o igual a 99, se escribe directamente su correspondiente valor numerico o se compone - Examples - Example #8" classname="com.globantx.cardinalevaluator.CucumberConfig" time="0.002"/>
  <testcase name="El objetivo es que traduzca frases de todo tipo, que tengan numeros escritos en letras adentro, como por ejemplo: &quot;Quisiera transferir ciento cincuenta pesos a Juan Perez que vive en la calle Rivadavia cuarenta y tres&quot;-&gt; &quot;Quisiera transferir 150 pesos a Juan Perez que vive en la calle Rivadavia 43&quot; - Si la frase es un numero cardinal mayor a 20 y menor o igual a 99, se escribe directamente su correspondiente valor numerico o se compone - Examples - Example #9" classname="com.globantx.cardinalevaluator.CucumberConfig" time="0.002"/>
  <testcase name="El objetivo es que traduzca frases de todo tipo, que tengan numeros escritos en letras adentro, como por ejemplo: &quot;Quisiera transferir ciento cincuenta pesos a Juan Perez que vive en la calle Rivadavia cuarenta y tres&quot;-&gt; &quot;Quisiera transferir 150 pesos a Juan Perez que vive en la calle Rivadavia 43&quot; - Si la frase es un numero cardinal mayor a 20 y menor o igual a 99, se escribe directamente su correspondiente valor numerico o se compone - Examples - Example #10" classname="com.globantx.cardinalevaluator.CucumberConfig" time="0.003"/>
  <testcase name="El objetivo es que traduzca frases de todo tipo, que tengan numeros escritos en letras adentro, como por ejemplo: &quot;Quisiera transferir ciento cincuenta pesos a Juan Perez que vive en la calle Rivadavia cuarenta y tres&quot;-&gt; &quot;Quisiera transferir 150 pesos a Juan Perez que vive en la calle Rivadavia 43&quot; - Si la frase es un numero cardinal mayor a 20 y menor o igual a 99, se escribe directamente su correspondiente valor numerico o se compone - Examples - Example #11" classname="com.globantx.cardinalevaluator.CucumberConfig" time="0.003"/>
  <testcase name="El objetivo es que traduzca frases de todo tipo, que tengan numeros escritos en letras adentro, como por ejemplo: &quot;Quisiera transferir ciento cincuenta pesos a Juan Perez que vive en la calle Rivadavia cuarenta y tres&quot;-&gt; &quot;Quisiera transferir 150 pesos a Juan Perez que vive en la calle Rivadavia 43&quot; - Si la frase es un numero cardinal mayor a 20 y menor o igual a 99, se escribe directamente su correspondiente valor numerico o se compone - Examples - Example #12" classname="com.globantx.cardinalevaluator.CucumberConfig" time="0.003"/>
  <testcase name="El objetivo es que traduzca frases de todo tipo, que tengan numeros escritos en letras adentro, como por ejemplo: &quot;Quisiera transferir ciento cincuenta pesos a Juan Perez que vive en la calle Rivadavia cuarenta y tres&quot;-&gt; &quot;Quisiera transferir 150 pesos a Juan Perez que vive en la calle Rivadavia 43&quot; - Si la frase es un numero cardinal mayor a 20 y menor o igual a 99, se escribe directamente su correspondiente valor numerico o se compone - Examples - Example #13" classname="com.globantx.cardinalevaluator.CucumberConfig" time="0.004"/>
  <testcase name="El objetivo es que traduzca frases de todo tipo, que tengan numeros escritos en letras adentro, como por ejemplo: &quot;Quisiera transferir ciento cincuenta pesos a Juan Perez que vive en la calle Rivadavia cuarenta y tres&quot;-&gt; &quot;Quisiera transferir 150 pesos a Juan Perez que vive en la calle Rivadavia 43&quot; - Si la frase es un numero cardinal mayor a 20 y menor o igual a 99, se escribe directamente su correspondiente valor numerico o se compone - Examples - Example #14" classname="com.globantx.cardinalevaluator.CucumberConfig" time="0.003"/>
  <testcase name="El objetivo es que traduzca frases de todo tipo, que tengan numeros escritos en letras adentro, como por ejemplo: &quot;Quisiera transferir ciento cincuenta pesos a Juan Perez que vive en la calle Rivadavia cuarenta y tres&quot;-&gt; &quot;Quisiera transferir 150 pesos a Juan Perez que vive en la calle Rivadavia 43&quot; - Si la frase es un numero cardinal mayor a 20 y menor o igual a 99, se escribe directamente su correspondiente valor numerico o se compone - Examples - Example #15" classname="com.globantx.cardinalevaluator.CucumberConfig" time="0.005"/>
  <testcase name="El objetivo es que traduzca frases de todo tipo, que tengan numeros escritos en letras adentro, como por ejemplo: &quot;Quisiera transferir ciento cincuenta pesos a Juan Perez que vive en la calle Rivadavia cuarenta y tres&quot;-&gt; &quot;Quisiera transferir 150 pesos a Juan Perez que vive en la calle Rivadavia 43&quot; - Si la frase es un numero cardinal mayor a 20 y menor o igual a 99, se escribe directamente su correspondiente valor numerico o se compone - Examples - Example #16" classname="com.globantx.cardinalevaluator.CucumberConfig" time="0.003"/>
  <testcase name="El objetivo es que traduzca frases de todo tipo, que tengan numeros escritos en letras adentro, como por ejemplo: &quot;Quisiera transferir ciento cincuenta pesos a Juan Perez que vive en la calle Rivadavia cuarenta y tres&quot;-&gt; &quot;Quisiera transferir 150 pesos a Juan Perez que vive en la calle Rivadavia 43&quot; - Si la frase es un numero cardinal mayor a 20 y menor o igual a 99, se escribe directamente su correspondiente valor numerico o se compone - Examples - Example #17" classname="com.globantx.cardinalevaluator.CucumberConfig" time="0.004"/>
  <testcase name="El objetivo es que traduzca frases de todo tipo, que tengan numeros escritos en letras adentro, como por ejemplo: &quot;Quisiera transferir ciento cincuenta pesos a Juan Perez que vive en la calle Rivadavia cuarenta y tres&quot;-&gt; &quot;Quisiera transferir 150 pesos a Juan Perez que vive en la calle Rivadavia 43&quot; - Si la frase es un numero cardinal mayor a 20 y menor o igual a 99, se escribe directamente su correspondiente valor numerico o se compone - Examples - Example #18" classname="com.globantx.cardinalevaluator.CucumberConfig" time="0.003"/>
  <testcase name="El objetivo es que traduzca frases de todo tipo, que tengan numeros escritos en letras adentro, como por ejemplo: &quot;Quisiera transferir ciento cincuenta pesos a Juan Perez que vive en la calle Rivadavia cuarenta y tres&quot;-&gt; &quot;Quisiera transferir 150 pesos a Juan Perez que vive en la calle Rivadavia 43&quot; - Si la frase es un numero cardinal mayor a 20 y menor o igual a 99, se escribe directamente su correspondiente valor numerico o se compone - Examples - Example #19" classname="com.globantx.cardinalevaluator.CucumberConfig" time="0.003"/>
  <testcase name="El objetivo es que traduzca frases de todo tipo, que tengan numeros escritos en letras adentro, como por ejemplo: &quot;Quisiera transferir ciento cincuenta pesos a Juan Perez que vive en la calle Rivadavia cuarenta y tres&quot;-&gt; &quot;Quisiera transferir 150 pesos a Juan Perez que vive en la calle Rivadavia 43&quot; - Si la frase es un numero cardinal mayor a 20 y menor o igual a 99, se escribe directamente su correspondiente valor numerico o se compone - Examples - Example #20" classname="com.globantx.cardinalevaluator.CucumberConfig" time="0.003"/>
  <testcase name="El objetivo es que traduzca frases de todo tipo, que tengan numeros escritos en letras adentro, como por ejemplo: &quot;Quisiera transferir ciento cincuenta pesos a Juan Perez que vive en la calle Rivadavia cuarenta y tres&quot;-&gt; &quot;Quisiera transferir 150 pesos a Juan Perez que vive en la calle Rivadavia 43&quot; - Si la frase es un numero cardinal mayor a 20 y menor o igual a 99, se escribe directamente su correspondiente valor numerico o se compone - Examples - Example #21" classname="com.globantx.cardinalevaluator.CucumberConfig" time="0.006"/>
  <testcase name="El objetivo es que traduzca frases de todo tipo, que tengan numeros escritos en letras adentro, como por ejemplo: &quot;Quisiera transferir ciento cincuenta pesos a Juan Perez que vive en la calle Rivadavia cuarenta y tres&quot;-&gt; &quot;Quisiera transferir 150 pesos a Juan Perez que vive en la calle Rivadavia 43&quot; - Si la frase es un numero cardinal mayor a 20 y menor o igual a 99, se escribe directamente su correspondiente valor numerico o se compone - Examples - Example #22" classname="com.globantx.cardinalevaluator.CucumberConfig" time="0.002"/>
  <testcase name="El objetivo es que traduzca frases de todo tipo, que tengan numeros escritos en letras adentro, como por ejemplo: &quot;Quisiera transferir ciento cincuenta pesos a Juan Perez que vive en la calle Rivadavia cuarenta y tres&quot;-&gt; &quot;Quisiera transferir 150 pesos a Juan Perez que vive en la calle Rivadavia 43&quot; - Si la frase es un numero cardinal mayor a 20 y menor o igual a 99, se escribe directamente su correspondiente valor numerico o se compone - Examples - Example #23" classname="com.globantx.cardinalevaluator.CucumberConfig" time="0.002"/>
  <testcase name="El objetivo es que traduzca frases de todo tipo, que tengan numeros escritos en letras adentro, como por ejemplo: &quot;Quisiera transferir ciento cincuenta pesos a Juan Perez que vive en la calle Rivadavia cuarenta y tres&quot;-&gt; &quot;Quisiera transferir 150 pesos a Juan Perez que vive en la calle Rivadavia 43&quot; - Si la frase es un numero cardinal mayor a 20 y menor o igual a 99, se escribe directamente su correspondiente valor numerico o se compone - Examples - Example #24" classname="com.globantx.cardinalevaluator.CucumberConfig" time="0.003"/>
  <testcase name="El objetivo es que traduzca frases de todo tipo, que tengan numeros escritos en letras adentro, como por ejemplo: &quot;Quisiera transferir ciento cincuenta pesos a Juan Perez que vive en la calle Rivadavia cuarenta y tres&quot;-&gt; &quot;Quisiera transferir 150 pesos a Juan Perez que vive en la calle Rivadavia 43&quot; - Si la frase es un numero cardinal mayor a 20 y menor o igual a 99, se escribe directamente su correspondiente valor numerico o se compone - Examples - Example #25" classname="com.globantx.cardinalevaluator.CucumberConfig" time="0.003"/>
  <testcase name="El objetivo es que traduzca frases de todo tipo, que tengan numeros escritos en letras adentro, como por ejemplo: &quot;Quisiera transferir ciento cincuenta pesos a Juan Perez que vive en la calle Rivadavia cuarenta y tres&quot;-&gt; &quot;Quisiera transferir 150 pesos a Juan Perez que vive en la calle Rivadavia 43&quot; - Si la frase es un numero cardinal mayor a 20 y menor o igual a 99, se escribe directamente su correspondiente valor numerico o se compone - Examples - Example #26" classname="com.globantx.cardinalevaluator.CucumberConfig" time="0.002"/>
  <testcase name="El objetivo es que traduzca frases de todo tipo, que tengan numeros escritos en letras adentro, como por ejemplo: &quot;Quisiera transferir ciento cincuenta pesos a Juan Perez que vive en la calle Rivadavia cuarenta y tres&quot;-&gt; &quot;Quisiera transferir 150 pesos a Juan Perez que vive en la calle Rivadavia 43&quot; - Si la frase es un numero cardinal mayor a 20 y menor o igual a 99, se escribe directamente su correspondiente valor numerico o se compone - Examples - Example #27" classname="com.globantx.cardinalevaluator.CucumberConfig" time="0.003"/>
  <testcase name="El objetivo es que traduzca frases de todo tipo, que tengan numeros escritos en letras adentro, como por ejemplo: &quot;Quisiera transferir ciento cincuenta pesos a Juan Perez que vive en la calle Rivadavia cuarenta y tres&quot;-&gt; &quot;Quisiera transferir 150 pesos a Juan Perez que vive en la calle Rivadavia 43&quot; - Si la frase es un numero cardinal mayor a 20 y menor o igual a 99, se escribe directamente su correspondiente valor numerico o se compone - Examples - Example #28" classname="com.globantx.cardinalevaluator.CucumberConfig" time="0.002"/>
  <testcase name="El objetivo es que traduzca frases de todo tipo, que tengan numeros escritos en letras adentro, como por ejemplo: &quot;Quisiera transferir ciento cincuenta pesos a Juan Perez que vive en la calle Rivadavia cuarenta y tres&quot;-&gt; &quot;Quisiera transferir 150 pesos a Juan Perez que vive en la calle Rivadavia 43&quot; - Si la frase es un numero cardinal mayor a 20 y menor o igual a 99, se escribe directamente su correspondiente valor numerico o se compone - Examples - Example #29" classname="com.globantx.cardinalevaluator.CucumberConfig" time="0.002"/>
  <testcase name="El objetivo es que traduzca frases de todo tipo, que tengan numeros escritos en letras adentro, como por ejemplo: &quot;Quisiera transferir ciento cincuenta pesos a Juan Perez que vive en la calle Rivadavia cuarenta y tres&quot;-&gt; &quot;Quisiera transferir 150 pesos a Juan Perez que vive en la calle Rivadavia 43&quot; - Si la frase es un numero cardinal mayor a 20 y menor o igual a 99, se escribe directamente su correspondiente valor numerico o se compone - Examples - Example #30" classname="com.globantx.cardinalevaluator.CucumberConfig" time="0.003"/>
  <testcase name="El objetivo es que traduzca frases de todo tipo, que tengan numeros escritos en letras adentro, como por ejemplo: &quot;Quisiera transferir ciento cincuenta pesos a Juan Perez que vive en la calle Rivadavia cuarenta y tres&quot;-&gt; &quot;Quisiera transferir 150 pesos a Juan Perez que vive en la calle Rivadavia 43&quot; - Si la frase es un numero cardinal mayor a 20 y menor o igual a 99, se escribe directamente su correspondiente valor numerico o se compone - Examples - Example #31" classname="com.globantx.cardinalevaluator.CucumberConfig" time="0.003"/>
  <testcase name="El objetivo es que traduzca frases de todo tipo, que tengan numeros escritos en letras adentro, como por ejemplo: &quot;Quisiera transferir ciento cincuenta pesos a Juan Perez que vive en la calle Rivadavia cuarenta y tres&quot;-&gt; &quot;Quisiera transferir 150 pesos a Juan Perez que vive en la calle Rivadavia 43&quot; - Si la frase es un numero cardinal mayor a 20 y menor o igual a 99, se escribe directamente su correspondiente valor numerico o se compone - Examples - Example #32" classname="com.globantx.cardinalevaluator.CucumberConfig" time="0.002"/>
  <testcase name="El objetivo es que traduzca frases de todo tipo, que tengan numeros escritos en letras adentro, como por ejemplo: &quot;Quisiera transferir ciento cincuenta pesos a Juan Perez que vive en la calle Rivadavia cuarenta y tres&quot;-&gt; &quot;Quisiera transferir 150 pesos a Juan Perez que vive en la calle Rivadavia 43&quot; - Si la frase es un numero cardinal mayor a 20 y menor o igual a 99, se escribe directamente su correspondiente valor numerico o se compone - Examples - Example #33" classname="com.globantx.cardinalevaluator.CucumberConfig" time="0.002"/>
  <testcase name="El objetivo es que traduzca frases de todo tipo, que tengan numeros escritos en letras adentro, como por ejemplo: &quot;Quisiera transferir ciento cincuenta pesos a Juan Perez que vive en la calle Rivadavia cuarenta y tres&quot;-&gt; &quot;Quisiera transferir 150 pesos a Juan Perez que vive en la calle Rivadavia 43&quot; - Si la frase es un numero cardinal mayor a 20 y menor o igual a 99, se escribe directamente su correspondiente valor numerico o se compone - Examples - Example #34" classname="com.globantx.cardinalevaluator.CucumberConfig" time="0.003"/>
  <testcase name="El objetivo es que traduzca frases de todo tipo, que tengan numeros escritos en letras adentro, como por ejemplo: &quot;Quisiera transferir ciento cincuenta pesos a Juan Perez que vive en la calle Rivadavia cuarenta y tres&quot;-&gt; &quot;Quisiera transferir 150 pesos a Juan Perez que vive en la calle Rivadavia 43&quot; - Si la frase es un numero cardinal mayor a 20 y menor o igual a 99, se escribe directamente su correspondiente valor numerico o se compone - Examples - Example #35" classname="com.globantx.cardinalevaluator.CucumberConfig" time="0.003"/>
  <testcase name="El objetivo es que traduzca frases de todo tipo, que tengan numeros escritos en letras adentro, como por ejemplo: &quot;Quisiera transferir ciento cincuenta pesos a Juan Perez que vive en la calle Rivadavia cuarenta y tres&quot;-&gt; &quot;Quisiera transferir 150 pesos a Juan Perez que vive en la calle Rivadavia 43&quot; - Si la frase es un numero cardinal mayor a 20 y menor o igual a 99, se escribe directamente su correspondiente valor numerico o se compone - Examples - Example #36" classname="com.globantx.cardinalevaluator.CucumberConfig" time="0.002"/>
  <testcase name="El objetivo es que traduzca frases de todo tipo, que tengan numeros escritos en letras adentro, como por ejemplo: &quot;Quisiera transferir ciento cincuenta pesos a Juan Perez que vive en la calle Rivadavia cuarenta y tres&quot;-&gt; &quot;Quisiera transferir 150 pesos a Juan Perez que vive en la calle Rivadavia 43&quot; - Si la frase es un numero cardinal mayor a 20 y menor o igual a 99, se escribe directamente su correspondiente valor numerico o se compone - Examples - Example #37" classname="com.globantx.cardinalevaluator.CucumberConfig" time="0.002"/>
  <testcase name="El objetivo es que traduzca frases de todo tipo, que tengan numeros escritos en letras adentro, como por ejemplo: &quot;Quisiera transferir ciento cincuenta pesos a Juan Perez que vive en la calle Rivadavia cuarenta y tres&quot;-&gt; &quot;Quisiera transferir 150 pesos a Juan Perez que vive en la calle Rivadavia 43&quot; - Si la frase es un numero cardinal mayor a 20 y menor o igual a 99, se escribe directamente su correspondiente valor numerico o se compone - Examples - Example #38" classname="com.globantx.cardinalevaluator.CucumberConfig" time="0.003"/>
  <testcase name="El objetivo es que traduzca frases de todo tipo, que tengan numeros escritos en letras adentro, como por ejemplo: &quot;Quisiera transferir ciento cincuenta pesos a Juan Perez que vive en la calle Rivadavia cuarenta y tres&quot;-&gt; &quot;Quisiera transferir 150 pesos a Juan Perez que vive en la calle Rivadavia 43&quot; - Si la frase es un numero cardinal mayor a 20 y menor o igual a 99, se escribe directamente su correspondiente valor numerico o se compone - Examples - Example #39" classname="com.globantx.cardinalevaluator.CucumberConfig" time="0.002"/>
  <testcase name="El objetivo es que traduzca frases de todo tipo, que tengan numeros escritos en letras adentro, como por ejemplo: &quot;Quisiera transferir ciento cincuenta pesos a Juan Perez que vive en la calle Rivadavia cuarenta y tres&quot;-&gt; &quot;Quisiera transferir 150 pesos a Juan Perez que vive en la calle Rivadavia 43&quot; - Si la frase es un numero cardinal mayor a 20 y menor o igual a 99, se escribe directamente su correspondiente valor numerico o se compone - Examples - Example #40" classname="com.globantx.cardinalevaluator.CucumberConfig" time="0.003"/>
  <testcase name="El objetivo es que traduzca frases de todo tipo, que tengan numeros escritos en letras adentro, como por ejemplo: &quot;Quisiera transferir ciento cincuenta pesos a Juan Perez que vive en la calle Rivadavia cuarenta y tres&quot;-&gt; &quot;Quisiera transferir 150 pesos a Juan Perez que vive en la calle Rivadavia 43&quot; - Si la frase es un numero cardinal mayor a 20 y menor o igual a 99, se escribe directamente su correspondiente valor numerico o se compone - Examples - Example #41" classname="com.globantx.cardinalevaluator.CucumberConfig" time="0.002"/>
  <testcase name="El objetivo es que traduzca frases de todo tipo, que tengan numeros escritos en letras adentro, como por ejemplo: &quot;Quisiera transferir ciento cincuenta pesos a Juan Perez que vive en la calle Rivadavia cuarenta y tres&quot;-&gt; &quot;Quisiera transferir 150 pesos a Juan Perez que vive en la calle Rivadavia 43&quot; - Si la frase es un numero cardinal mayor a 20 y menor o igual a 99, se escribe directamente su correspondiente valor numerico o se compone - Examples - Example #42" classname="com.globantx.cardinalevaluator.CucumberConfig" time="0.002"/>
  <testcase name="El objetivo es que traduzca frases de todo tipo, que tengan numeros escritos en letras adentro, como por ejemplo: &quot;Quisiera transferir ciento cincuenta pesos a Juan Perez que vive en la calle Rivadavia cuarenta y tres&quot;-&gt; &quot;Quisiera transferir 150 pesos a Juan Perez que vive en la calle Rivadavia 43&quot; - Si la frase es un numero cardinal mayor a 20 y menor o igual a 99, se escribe directamente su correspondiente valor numerico o se compone - Examples - Example #43" classname="com.globantx.cardinalevaluator.CucumberConfig" time="0.003"/>
  <testcase name="El objetivo es que traduzca frases de todo tipo, que tengan numeros escritos en letras adentro, como por ejemplo: &quot;Quisiera transferir ciento cincuenta pesos a Juan Perez que vive en la calle Rivadavia cuarenta y tres&quot;-&gt; &quot;Quisiera transferir 150 pesos a Juan Perez que vive en la calle Rivadavia 43&quot; - Si la frase es un numero cardinal mayor a 20 y menor o igual a 99, se escribe directamente su correspondiente valor numerico o se compone - Examples - Example #44" classname="com.globantx.cardinalevaluator.CucumberConfig" time="0.002"/>
  <testcase name="El objetivo es que traduzca frases de todo tipo, que tengan numeros escritos en letras adentro, como por ejemplo: &quot;Quisiera transferir ciento cincuenta pesos a Juan Perez que vive en la calle Rivadavia cuarenta y tres&quot;-&gt; &quot;Quisiera transferir 150 pesos a Juan Perez que vive en la calle Rivadavia 43&quot; - Si la frase es un numero cardinal mayor a 20 y menor o igual a 99, se escribe directamente su correspondiente valor numerico o se compone - Examples - Example #45" classname="com.globantx.cardinalevaluator.CucumberConfig" time="0.001"/>
  <testcase name="El objetivo es que traduzca frases de todo tipo, que tengan numeros escritos en letras adentro, como por ejemplo: &quot;Quisiera transferir ciento cincuenta pesos a Juan Perez que vive en la calle Rivadavia cuarenta y tres&quot;-&gt; &quot;Quisiera transferir 150 pesos a Juan Perez que vive en la calle Rivadavia 43&quot; - Si la frase es un numero cardinal mayor a 20 y menor o igual a 99, se escribe directamente su correspondiente valor numerico o se compone - Examples - Example #46" classname="com.globantx.cardinalevaluator.CucumberConfig" time="0.001"/>
  <testcase name="El objetivo es que traduzca frases de todo tipo, que tengan numeros escritos en letras adentro, como por ejemplo: &quot;Quisiera transferir ciento cincuenta pesos a Juan Perez que vive en la calle Rivadavia cuarenta y tres&quot;-&gt; &quot;Quisiera transferir 150 pesos a Juan Perez que vive en la calle Rivadavia 43&quot; - Si la frase es un numero cardinal mayor a 20 y menor o igual a 99, se escribe directamente su correspondiente valor numerico o se compone - Examples - Example #47" classname="com.globantx.cardinalevaluator.CucumberConfig" time="0.002"/>
  <testcase name="El objetivo es que traduzca frases de todo tipo, que tengan numeros escritos en letras adentro, como por ejemplo: &quot;Quisiera transferir ciento cincuenta pesos a Juan Perez que vive en la calle Rivadavia cuarenta y tres&quot;-&gt; &quot;Quisiera transferir 150 pesos a Juan Perez que vive en la calle Rivadavia 43&quot; - Si la frase es un numero cardinal mayor a 20 y menor o igual a 99, se escribe directamente su correspondiente valor numerico o se compone - Examples - Example #48" classname="com.globantx.cardinalevaluator.CucumberConfig" time="0.003"/>
  <testcase name="El objetivo es que traduzca frases de todo tipo, que tengan numeros escritos en letras adentro, como por ejemplo: &quot;Quisiera transferir ciento cincuenta pesos a Juan Perez que vive en la calle Rivadavia cuarenta y tres&quot;-&gt; &quot;Quisiera transferir 150 pesos a Juan Perez que vive en la calle Rivadavia 43&quot; - Si la frase es un numero cardinal mayor a 20 y menor o igual a 99, se escribe directamente su correspondiente valor numerico o se compone - Examples - Example #49" classname="com.globantx.cardinalevaluator.CucumberConfig" time="0.003"/>
  <testcase name="El objetivo es que traduzca frases de todo tipo, que tengan numeros escritos en letras adentro, como por ejemplo: &quot;Quisiera transferir ciento cincuenta pesos a Juan Perez que vive en la calle Rivadavia cuarenta y tres&quot;-&gt; &quot;Quisiera transferir 150 pesos a Juan Perez que vive en la calle Rivadavia 43&quot; - Si la frase es un numero cardinal mayor a 20 y menor o igual a 99, se escribe directamente su correspondiente valor numerico o se compone - Examples - Example #50" classname="com.globantx.cardinalevaluator.CucumberConfig" time="0.004"/>
  <testcase name="El objetivo es que traduzca frases de todo tipo, que tengan numeros escritos en letras adentro, como por ejemplo: &quot;Quisiera transferir ciento cincuenta pesos a Juan Perez que vive en la calle Rivadavia cuarenta y tres&quot;-&gt; &quot;Quisiera transferir 150 pesos a Juan Perez que vive en la calle Rivadavia 43&quot; - Si la frase es un numero cardinal mayor a 20 y menor o igual a 99, se escribe directamente su correspondiente valor numerico o se compone - Examples - Example #51" classname="com.globantx.cardinalevaluator.CucumberConfig" time="0.002"/>
  <testcase name="El objetivo es que traduzca frases de todo tipo, que tengan numeros escritos en letras adentro, como por ejemplo: &quot;Quisiera transferir ciento cincuenta pesos a Juan Perez que vive en la calle Rivadavia cuarenta y tres&quot;-&gt; &quot;Quisiera transferir 150 pesos a Juan Perez que vive en la calle Rivadavia 43&quot; - Si la frase es un numero cardinal mayor a 20 y menor o igual a 99, se escribe directamente su correspondiente valor numerico o se compone - Examples - Example #52" classname="com.globantx.cardinalevaluator.CucumberConfig" time="0.002"/>
  <testcase name="El objetivo es que traduzca frases de todo tipo, que tengan numeros escritos en letras adentro, como por ejemplo: &quot;Quisiera transferir ciento cincuenta pesos a Juan Perez que vive en la calle Rivadavia cuarenta y tres&quot;-&gt; &quot;Quisiera transferir 150 pesos a Juan Perez que vive en la calle Rivadavia 43&quot; - Si la frase es un numero cardinal mayor a 20 y menor o igual a 99, se escribe directamente su correspondiente valor numerico o se compone - Examples - Example #53" classname="com.globantx.cardinalevaluator.CucumberConfig" time="0.002"/>
  <testcase name="El objetivo es que traduzca frases de todo tipo, que tengan numeros escritos en letras adentro, como por ejemplo: &quot;Quisiera transferir ciento cincuenta pesos a Juan Perez que vive en la calle Rivadavia cuarenta y tres&quot;-&gt; &quot;Quisiera transferir 150 pesos a Juan Perez que vive en la calle Rivadavia 43&quot; - Si la frase es un numero cardinal mayor a 20 y menor o igual a 99, se escribe directamente su correspondiente valor numerico o se compone - Examples - Example #54" classname="com.globantx.cardinalevaluator.CucumberConfig" time="0.004"/>
  <testcase name="El objetivo es que traduzca frases de todo tipo, que tengan numeros escritos en letras adentro, como por ejemplo: &quot;Quisiera transferir ciento cincuenta pesos a Juan Perez que vive en la calle Rivadavia cuarenta y tres&quot;-&gt; &quot;Quisiera transferir 150 pesos a Juan Perez que vive en la calle Rivadavia 43&quot; - Si la frase es un numero cardinal mayor a 20 y menor o igual a 99, se escribe directamente su correspondiente valor numerico o se compone - Examples - Example #55" classname="com.globantx.cardinalevaluator.CucumberConfig" time="0.002"/>
  <testcase name="El objetivo es que traduzca frases de todo tipo, que tengan numeros escritos en letras adentro, como por ejemplo: &quot;Quisiera transferir ciento cincuenta pesos a Juan Perez que vive en la calle Rivadavia cuarenta y tres&quot;-&gt; &quot;Quisiera transferir 150 pesos a Juan Perez que vive en la calle Rivadavia 43&quot; - Si la frase es un numero cardinal mayor a 20 y menor o igual a 99, se escribe directamente su correspondiente valor numerico o se compone - Examples - Example #56" classname="com.globantx.cardinalevaluator.CucumberConfig" time="0.003"/>
  <testcase name="El objetivo es que traduzca frases de todo tipo, que tengan numeros escritos en letras adentro, como por ejemplo: &quot;Quisiera transferir ciento cincuenta pesos a Juan Perez que vive en la calle Rivadavia cuarenta y tres&quot;-&gt; &quot;Quisiera transferir 150 pesos a Juan Perez que vive en la calle Rivadavia 43&quot; - Si la frase es un numero cardinal mayor a 20 y menor o igual a 99, se escribe directamente su correspondiente valor numerico o se compone - Examples - Example #57" classname="com.globantx.cardinalevaluator.CucumberConfig" time="0.003"/>
  <testcase name="El objetivo es que traduzca frases de todo tipo, que tengan numeros escritos en letras adentro, como por ejemplo: &quot;Quisiera transferir ciento cincuenta pesos a Juan Perez que vive en la calle Rivadavia cuarenta y tres&quot;-&gt; &quot;Quisiera transferir 150 pesos a Juan Perez que vive en la calle Rivadavia 43&quot; - Si la frase es un numero cardinal mayor a 20 y menor o igual a 99, se escribe directamente su correspondiente valor numerico o se compone - Examples - Example #58" classname="com.globantx.cardinalevaluator.CucumberConfig" time="0.003"/>
  <testcase name="El objetivo es que traduzca frases de todo tipo, que tengan numeros escritos en letras adentro, como por ejemplo: &quot;Quisiera transferir ciento cincuenta pesos a Juan Perez que vive en la calle Rivadavia cuarenta y tres&quot;-&gt; &quot;Quisiera transferir 150 pesos a Juan Perez que vive en la calle Rivadavia 43&quot; - Si la frase es un numero cardinal mayor a 20 y menor o igual a 99, se escribe directamente su correspondiente valor numerico o se compone - Examples - Example #59" classname="com.globantx.cardinalevaluator.CucumberConfig" time="0.002"/>
  <testcase name="El objetivo es que traduzca frases de todo tipo, que tengan numeros escritos en letras adentro, como por ejemplo: &quot;Quisiera transferir ciento cincuenta pesos a Juan Perez que vive en la calle Rivadavia cuarenta y tres&quot;-&gt; &quot;Quisiera transferir 150 pesos a Juan Perez que vive en la calle Rivadavia 43&quot; - Si la frase es un numero cardinal mayor a 20 y menor o igual a 99, se escribe directamente su correspondiente valor numerico o se compone - Examples - Example #60" classname="com.globantx.cardinalevaluator.CucumberConfig" time="0.002"/>
  <testcase name="El objetivo es que traduzca frases de todo tipo, que tengan numeros escritos en letras adentro, como por ejemplo: &quot;Quisiera transferir ciento cincuenta pesos a Juan Perez que vive en la calle Rivadavia cuarenta y tres&quot;-&gt; &quot;Quisiera transferir 150 pesos a Juan Perez que vive en la calle Rivadavia 43&quot; - Si la frase es un numero cardinal mayor a 20 y menor o igual a 99, se escribe directamente su correspondiente valor numerico o se compone - Examples - Example #61" classname="com.globantx.cardinalevaluator.CucumberConfig" time="0.002"/>
  <testcase name="El objetivo es que traduzca frases de todo tipo, que tengan numeros escritos en letras adentro, como por ejemplo: &quot;Quisiera transferir ciento cincuenta pesos a Juan Perez que vive en la calle Rivadavia cuarenta y tres&quot;-&gt; &quot;Quisiera transferir 150 pesos a Juan Perez que vive en la calle Rivadavia 43&quot; - Si la frase es un numero cardinal mayor a 20 y menor o igual a 99, se escribe directamente su correspondiente valor numerico o se compone - Examples - Example #62" classname="com.globantx.cardinalevaluator.CucumberConfig" time="0.003"/>
  <testcase name="El objetivo es que traduzca frases de todo tipo, que tengan numeros escritos en letras adentro, como por ejemplo: &quot;Quisiera transferir ciento cincuenta pesos a Juan Perez que vive en la calle Rivadavia cuarenta y tres&quot;-&gt; &quot;Quisiera transferir 150 pesos a Juan Perez que vive en la calle Rivadavia 43&quot; - Si la frase es un numero cardinal mayor a 20 y menor o igual a 99, se escribe directamente su correspondiente valor numerico o se compone - Examples - Example #63" classname="com.globantx.cardinalevaluator.CucumberConfig" time="0.002"/>
  <testcase name="El objetivo es que traduzca frases de todo tipo, que tengan numeros escritos en letras adentro, como por ejemplo: &quot;Quisiera transferir ciento cincuenta pesos a Juan Perez que vive en la calle Rivadavia cuarenta y tres&quot;-&gt; &quot;Quisiera transferir 150 pesos a Juan Perez que vive en la calle Rivadavia 43&quot; - Si la frase es un numero cardinal mayor a 20 y menor o igual a 99, se escribe directamente su correspondiente valor numerico o se compone - Examples - Example #64" classname="com.globantx.cardinalevaluator.CucumberConfig" time="0.002"/>
  <testcase name="El objetivo es que traduzca frases de todo tipo, que tengan numeros escritos en letras adentro, como por ejemplo: &quot;Quisiera transferir ciento cincuenta pesos a Juan Perez que vive en la calle Rivadavia cuarenta y tres&quot;-&gt; &quot;Quisiera transferir 150 pesos a Juan Perez que vive en la calle Rivadavia 43&quot; - Si la frase es un numero cardinal mayor a 20 y menor o igual a 99, se escribe directamente su correspondiente valor numerico o se compone - Examples - Example #65" classname="com.globantx.cardinalevaluator.CucumberConfig" time="0.002"/>
  <testcase name="El objetivo es que traduzca frases de todo tipo, que tengan numeros escritos en letras adentro, como por ejemplo: &quot;Quisiera transferir ciento cincuenta pesos a Juan Perez que vive en la calle Rivadavia cuarenta y tres&quot;-&gt; &quot;Quisiera transferir 150 pesos a Juan Perez que vive en la calle Rivadavia 43&quot; - Si la frase es un numero cardinal mayor a 20 y menor o igual a 99, se escribe directamente su correspondiente valor numerico o se compone - Examples - Example #66" classname="com.globantx.cardinalevaluator.CucumberConfig" time="0.002"/>
  <testcase name="El objetivo es que traduzca frases de todo tipo, que tengan numeros escritos en letras adentro, como por ejemplo: &quot;Quisiera transferir ciento cincuenta pesos a Juan Perez que vive en la calle Rivadavia cuarenta y tres&quot;-&gt; &quot;Quisiera transferir 150 pesos a Juan Perez que vive en la calle Rivadavia 43&quot; - Si la frase es un numero cardinal mayor a 20 y menor o igual a 99, se escribe directamente su correspondiente valor numerico o se compone - Examples - Example #67" classname="com.globantx.cardinalevaluator.CucumberConfig" time="0.002"/>
  <testcase name="El objetivo es que traduzca frases de todo tipo, que tengan numeros escritos en letras adentro, como por ejemplo: &quot;Quisiera transferir ciento cincuenta pesos a Juan Perez que vive en la calle Rivadavia cuarenta y tres&quot;-&gt; &quot;Quisiera transferir 150 pesos a Juan Perez que vive en la calle Rivadavia 43&quot; - Si la frase es un numero cardinal mayor a 20 y menor o igual a 99, se escribe directamente su correspondiente valor numerico o se compone - Examples - Example #68" classname="com.globantx.cardinalevaluator.CucumberConfig" time="0.003"/>
  <testcase name="El objetivo es que traduzca frases de todo tipo, que tengan numeros escritos en letras adentro, como por ejemplo: &quot;Quisiera transferir ciento cincuenta pesos a Juan Perez que vive en la calle Rivadavia cuarenta y tres&quot;-&gt; &quot;Quisiera transferir 150 pesos a Juan Perez que vive en la calle Rivadavia 43&quot; - Si la frase es un numero cardinal mayor a 20 y menor o igual a 99, se escribe directamente su correspondiente valor numerico o se compone - Examples - Example #69" classname="com.globantx.cardinalevaluator.CucumberConfig" time="0.002"/>
  <testcase name="El objetivo es que traduzca frases de todo tipo, que tengan numeros escritos en letras adentro, como por ejemplo: &quot;Quisiera transferir ciento cincuenta pesos a Juan Perez que vive en la calle Rivadavia cuarenta y tres&quot;-&gt; &quot;Quisiera transferir 150 pesos a Juan Perez que vive en la calle Rivadavia 43&quot; - Si la frase es un numero cardinal mayor a 20 y menor o igual a 99, se escribe directamente su correspondiente valor numerico o se compone - Examples - Example #70" classname="com.globantx.cardinalevaluator.CucumberConfig" time="0.002"/>
  <testcase name="El objetivo es que traduzca frases de todo tipo, que tengan numeros escritos en letras adentro, como por ejemplo: &quot;Quisiera transferir ciento cincuenta pesos a Juan Perez que vive en la calle Rivadavia cuarenta y tres&quot;-&gt; &quot;Quisiera transferir 150 pesos a Juan Perez que vive en la calle Rivadavia 43&quot; - Si la frase es un numero cardinal mayor a 20 y menor o igual a 99, se escribe directamente su correspondiente valor numerico o se compone - Examples - Example #71" classname="com.globantx.cardinalevaluator.CucumberConfig" time="0.002"/>
  <testcase name="El objetivo es que traduzca frases de todo tipo, que tengan numeros escritos en letras adentro, como por ejemplo: &quot;Quisiera transferir ciento cincuenta pesos a Juan Perez que vive en la calle Rivadavia cuarenta y tres&quot;-&gt; &quot;Quisiera transferir 150 pesos a Juan Perez que vive en la calle Rivadavia 43&quot; - Si la frase es un numero cardinal mayor a 20 y menor o igual a 99, se escribe directamente su correspondiente valor numerico o se compone - Examples - Example #72" classname="com.globantx.cardinalevaluator.CucumberConfig" time="0.002"/>
  <testcase name="El objetivo es que traduzca frases de todo tipo, que tengan numeros escritos en letras adentro, como por ejemplo: &quot;Quisiera transferir ciento cincuenta pesos a Juan Perez que vive en la calle Rivadavia cuarenta y tres&quot;-&gt; &quot;Quisiera transferir 150 pesos a Juan Perez que vive en la calle Rivadavia 43&quot; - Si la frase es un numero cardinal mayor a 20 y menor o igual a 99, se escribe directamente su correspondiente valor numerico o se compone - Examples - Example #73" classname="com.globantx.cardinalevaluator.CucumberConfig" time="0.002"/>
  <testcase name="El objetivo es que traduzca frases de todo tipo, que tengan numeros escritos en letras adentro, como por ejemplo: &quot;Quisiera transferir ciento cincuenta pesos a Juan Perez que vive en la calle Rivadavia cuarenta y tres&quot;-&gt; &quot;Quisiera transferir 150 pesos a Juan Perez que vive en la calle Rivadavia 43&quot; - Si la frase es un numero cardinal mayor a 20 y menor o igual a 99, se escribe directamente su correspondiente valor numerico o se compone - Examples - Example #74" classname="com.globantx.cardinalevaluator.CucumberConfig" time="0.002"/>
  <testcase name="El objetivo es que traduzca frases de todo tipo, que tengan numeros escritos en letras adentro, como por ejemplo: &quot;Quisiera transferir ciento cincuenta pesos a Juan Perez que vive en la calle Rivadavia cuarenta y tres&quot;-&gt; &quot;Quisiera transferir 150 pesos a Juan Perez que vive en la calle Rivadavia 43&quot; - Si la frase es un numero cardinal mayor a 20 y menor o igual a 99, se escribe directamente su correspondiente valor numerico o se compone - Examples - Example #75" classname="com.globantx.cardinalevaluator.CucumberConfig" time="0.004"/>
  <testcase name="El objetivo es que traduzca frases de todo tipo, que tengan numeros escritos en letras adentro, como por ejemplo: &quot;Quisiera transferir ciento cincuenta pesos a Juan Perez que vive en la calle Rivadavia cuarenta y tres&quot;-&gt; &quot;Quisiera transferir 150 pesos a Juan Perez que vive en la calle Rivadavia 43&quot; - Si la frase es un numero cardinal mayor a 20 y menor o igual a 99, se escribe directamente su correspondiente valor numerico o se compone - Examples - Example #76" classname="com.globantx.cardinalevaluator.CucumberConfig" time="0.002"/>
  <testcase name="El objetivo es que traduzca frases de todo tipo, que tengan numeros escritos en letras adentro, como por ejemplo: &quot;Quisiera transferir ciento cincuenta pesos a Juan Perez que vive en la calle Rivadavia cuarenta y tres&quot;-&gt; &quot;Quisiera transferir 150 pesos a Juan Perez que vive en la calle Rivadavia 43&quot; - Si la frase es un numero cardinal mayor a 20 y menor o igual a 99, se escribe directamente su correspondiente valor numerico o se compone - Examples - Example #77" classname="com.globantx.cardinalevaluator.CucumberConfig" time="0.002"/>
  <testcase name="El objetivo es que traduzca frases de todo tipo, que tengan numeros escritos en letras adentro, como por ejemplo: &quot;Quisiera transferir ciento cincuenta pesos a Juan Perez que vive en la calle Rivadavia cuarenta y tres&quot;-&gt; &quot;Quisiera transferir 150 pesos a Juan Perez que vive en la calle Rivadavia 43&quot; - Si la frase es un numero cardinal mayor a 20 y menor o igual a 99, se escribe directamente su correspondiente valor numerico o se compone - Examples - Example #78" classname="com.globantx.cardinalevaluator.CucumberConfig" time="0.002"/>
  <testcase name="El objetivo es que traduzca frases de todo tipo, que tengan numeros escritos en letras adentro, como por ejemplo: &quot;Quisiera transferir ciento cincuenta pesos a Juan Perez que vive en la calle Rivadavia cuarenta y tres&quot;-&gt; &quot;Quisiera transferir 150 pesos a Juan Perez que vive en la calle Rivadavia 43&quot; - Si la frase es un numero cardinal mayor a 20 y menor o igual a 99, se escribe directamente su correspondiente valor numerico o se compone - Examples - Example #79" classname="com.globantx.cardinalevaluator.CucumberConfig" time="0.002"/>
  <testcase name="El objetivo es que traduzca frases de todo tipo, que tengan numeros escritos en letras adentro, como por ejemplo: &quot;Quisiera transferir ciento cincuenta pesos a Juan Perez que vive en la calle Rivadavia cuarenta y tres&quot;-&gt; &quot;Quisiera transferir 150 pesos a Juan Perez que vive en la calle Rivadavia 43&quot; - Si la frase es un numero cardinal mayor a 20 y menor o igual a 99, se escribe directamente su correspondiente valor numerico o se compone - Examples - Example #80" classname="com.globantx.cardinalevaluator.CucumberConfig" time="0.002"/>
  <testcase name="El objetivo es que traduzca frases de todo tipo, que tengan numeros escritos en letras adentro, como por ejemplo: &quot;Quisiera transferir ciento cincuenta pesos a Juan Perez que vive en la calle Rivadavia cuarenta y tres&quot;-&gt; &quot;Quisiera transferir 150 pesos a Juan Perez que vive en la calle Rivadavia 43&quot; - Si la frase es un numero cardinal mayor a 20 y menor o igual a 99, se escribe directamente su correspondiente valor numerico o se compone - Examples - Example #81" classname="com.globantx.cardinalevaluator.CucumberConfig" time="0.002"/>
  <testcase name="El objetivo es que traduzca frases de todo tipo, que tengan numeros escritos en letras adentro, como por ejemplo: &quot;Quisiera transferir ciento cincuenta pesos a Juan Perez que vive en la calle Rivadavia cuarenta y tres&quot;-&gt; &quot;Quisiera transferir 150 pesos a Juan Perez que vive en la calle Rivadavia 43&quot; - Si la frase es un numero cardinal mayor a 20 y menor o igual a 99, se escribe directamente su correspondiente valor numerico o se compone - Examples - Example #82" classname="com.globantx.cardinalevaluator.CucumberConfig" time="0.002"/>
  <testcase name="El objetivo es que traduzca frases de todo tipo, que tengan numeros escritos en letras adentro, como por ejemplo: &quot;Quisiera transferir ciento cincuenta pesos a Juan Perez que vive en la calle Rivadavia cuarenta y tres&quot;-&gt; &quot;Quisiera transferir 150 pesos a Juan Perez que vive en la calle Rivadavia 43&quot; - Si la frase es un numero cardinal mayor a 20 y menor o igual a 99, se escribe directamente su correspondiente valor numerico o se compone - Examples - Example #83" classname="com.globantx.cardinalevaluator.CucumberConfig" time="0.003"/>
  <testcase name="El objetivo es que traduzca frases de todo tipo, que tengan numeros escritos en letras adentro, como por ejemplo: &quot;Quisiera transferir ciento cincuenta pesos a Juan Perez que vive en la calle Rivadavia cuarenta y tres&quot;-&gt; &quot;Quisiera transferir 150 pesos a Juan Perez que vive en la calle Rivadavia 43&quot; - Si la frase es un numero cardinal mayor a 20 y menor o igual a 99, se escribe directamente su correspondiente valor numerico o se compone - Examples - Example #84" classname="com.globantx.cardinalevaluator.CucumberConfig" time="0.002"/>
  <testcase name="El objetivo es que traduzca frases de todo tipo, que tengan numeros escritos en letras adentro, como por ejemplo: &quot;Quisiera transferir ciento cincuenta pesos a Juan Perez que vive en la calle Rivadavia cuarenta y tres&quot;-&gt; &quot;Quisiera transferir 150 pesos a Juan Perez que vive en la calle Rivadavia 43&quot; - Si la frase es un numero cardinal mayor a 20 y menor o igual a 99, se escribe directamente su correspondiente valor numerico o se compone - Examples - Example #85" classname="com.globantx.cardinalevaluator.CucumberConfig" time="0.002"/>
  <testcase name="El objetivo es que traduzca frases de todo tipo, que tengan numeros escritos en letras adentro, como por ejemplo: &quot;Quisiera transferir ciento cincuenta pesos a Juan Perez que vive en la calle Rivadavia cuarenta y tres&quot;-&gt; &quot;Quisiera transferir 150 pesos a Juan Perez que vive en la calle Rivadavia 43&quot; - Si la frase es un numero cardinal mayor a 20 y menor o igual a 99, se escribe directamente su correspondiente valor numerico o se compone - Examples - Example #86" classname="com.globantx.cardinalevaluator.CucumberConfig" time="0.002"/>
  <testcase name="El objetivo es que traduzca frases de todo tipo, que tengan numeros escritos en letras adentro, como por ejemplo: &quot;Quisiera transferir ciento cincuenta pesos a Juan Perez que vive en la calle Rivadavia cuarenta y tres&quot;-&gt; &quot;Quisiera transferir 150 pesos a Juan Perez que vive en la calle Rivadavia 43&quot; - Si la frase es un numero cardinal mayor a 20 y menor o igual a 99, se escribe directamente su correspondiente valor numerico o se compone - Examples - Example #87" classname="com.globantx.cardinalevaluator.CucumberConfig" time="0.002"/>
  <testcase name="El objetivo es que traduzca frases de todo tipo, que tengan numeros escritos en letras adentro, como por ejemplo: &quot;Quisiera transferir ciento cincuenta pesos a Juan Perez que vive en la calle Rivadavia cuarenta y tres&quot;-&gt; &quot;Quisiera transferir 150 pesos a Juan Perez que vive en la calle Rivadavia 43&quot; - Si la frase es un numero cardinal mayor a 20 y menor o igual a 99, se escribe directamente su correspondiente valor numerico o se compone - Examples - Example #88" classname="com.globantx.cardinalevaluator.CucumberConfig" time="0.002"/>
  <testcase name="El objetivo es que traduzca frases de todo tipo, que tengan numeros escritos en letras adentro, como por ejemplo: &quot;Quisiera transferir ciento cincuenta pesos a Juan Perez que vive en la calle Rivadavia cuarenta y tres&quot;-&gt; &quot;Quisiera transferir 150 pesos a Juan Perez que vive en la calle Rivadavia 43&quot; - Si la frase es un numero cardinal mayor a 20 y menor o igual a 99, se escribe directamente su correspondiente valor numerico o se compone - Examples - Example #89" classname="com.globantx.cardinalevaluator.CucumberConfig" time="0.002"/>
  <testcase name="El objetivo es que traduzca frases de todo tipo, que tengan numeros escritos en letras adentro, como por ejemplo: &quot;Quisiera transferir ciento cincuenta pesos a Juan Perez que vive en la calle Rivadavia cuarenta y tres&quot;-&gt; &quot;Quisiera transferir 150 pesos a Juan Perez que vive en la calle Rivadavia 43&quot; - Si la frase es un numero cardinal mayor a 20 y menor o igual a 99, se escribe directamente su correspondiente valor numerico o se compone - Examples - Example #90" classname="com.globantx.cardinalevaluator.CucumberConfig" time="0.002"/>
  <testcase name="El objetivo es que traduzca frases de todo tipo, que tengan numeros escritos en letras adentro, como por ejemplo: &quot;Quisiera transferir ciento cincuenta pesos a Juan Perez que vive en la calle Rivadavia cuarenta y tres&quot;-&gt; &quot;Quisiera transferir 150 pesos a Juan Perez que vive en la calle Rivadavia 43&quot; - Si la frase es un numero cardinal mayor a 20 y menor o igual a 99, se escribe directamente su correspondiente valor numerico o se compone - Examples - Example #91" classname="com.globantx.cardinalevaluator.CucumberConfig" time="0.002"/>
  <testcase name="El objetivo es que traduzca frases de todo tipo, que tengan numeros escritos en letras adentro, como por ejemplo: &quot;Quisiera transferir ciento cincuenta pesos a Juan Perez que vive en la calle Rivadavia cuarenta y tres&quot;-&gt; &quot;Quisiera transferir 150 pesos a Juan Perez que vive en la calle Rivadavia 43&quot; - Si la frase es un numero cardinal mayor a 20 y menor o igual a 99, se escribe directamente su correspondiente valor numerico o se compone - Examples - Example #92" classname="com.globantx.cardinalevaluator.CucumberConfig" time="0.002"/>
  <testcase name="El objetivo es que traduzca frases de todo tipo, que tengan numeros escritos en letras adentro, como por ejemplo: &quot;Quisiera transferir ciento cincuenta pesos a Juan Perez que vive en la calle Rivadavia cuarenta y tres&quot;-&gt; &quot;Quisiera transferir 150 pesos a Juan Perez que vive en la calle Rivadavia 43&quot; - Si la frase es un numero cardinal mayor a 20 y menor o igual a 99, se escribe directamente su correspondiente valor numerico o se compone - Examples - Example #93" classname="com.globantx.cardinalevaluator.CucumberConfig" time="0.002"/>
  <testcase name="El objetivo es que traduzca frases de todo tipo, que tengan numeros escritos en letras adentro, como por ejemplo: &quot;Quisiera transferir ciento cincuenta pesos a Juan Perez que vive en la calle Rivadavia cuarenta y tres&quot;-&gt; &quot;Quisiera transferir 150 pesos a Juan Perez que vive en la calle Rivadavia 43&quot; - Si la frase es un numero cardinal mayor a 20 y menor o igual a 99, se escribe directamente su correspondiente valor numerico o se compone - Examples - Example #94" classname="com.globantx.cardinalevaluator.CucumberConfig" time="0.003"/>
  <testcase name="El objetivo es que traduzca frases de todo tipo, que tengan numeros escritos en letras adentro, como por ejemplo: &quot;Quisiera transferir ciento cincuenta pesos a Juan Perez que vive en la calle Rivadavia cuarenta y tres&quot;-&gt; &quot;Quisiera transferir 150 pesos a Juan Perez que vive en la calle Rivadavia 43&quot; - Si la frase es un numero cardinal mayor a 20 y menor o igual a 99, se escribe directamente su correspondiente valor numerico o se compone - Examples - Example #95" classname="com.globantx.cardinalevaluator.CucumberConfig" time="0.002"/>
  <testcase name="El objetivo es que traduzca frases de todo tipo, que tengan numeros escritos en letras adentro, como por ejemplo: &quot;Quisiera transferir ciento cincuenta pesos a Juan Perez que vive en la calle Rivadavia cuarenta y tres&quot;-&gt; &quot;Quisiera transferir 150 pesos a Juan Perez que vive en la calle Rivadavia 43&quot; - Si la frase es un numero cardinal mayor a 20 y menor o igual a 99, se escribe directamente su correspondiente valor numerico o se compone - Examples - Example #96" classname="com.globantx.cardinalevaluator.CucumberConfig" time="0.002"/>
  <testcase name="El objetivo es que traduzca frases de todo tipo, que tengan numeros escritos en letras adentro, como por ejemplo: &quot;Quisiera transferir ciento cincuenta pesos a Juan Perez que vive en la calle Rivadavia cuarenta y tres&quot;-&gt; &quot;Quisiera transferir 150 pesos a Juan Perez que vive en la calle Rivadavia 43&quot; - Si la frase es un numero cardinal mayor a 20 y menor o igual a 99, se escribe directamente su correspondiente valor numerico o se compone - Examples - Example #97" classname="com.globantx.cardinalevaluator.CucumberConfig" time="0.001"/>
  <testcase name="El objetivo es que traduzca frases de todo tipo, que tengan numeros escritos en letras adentro, como por ejemplo: &quot;Quisiera transferir ciento cincuenta pesos a Juan Perez que vive en la calle Rivadavia cuarenta y tres&quot;-&gt; &quot;Quisiera transferir 150 pesos a Juan Perez que vive en la calle Rivadavia 43&quot; - Si la frase es un numero cardinal mayor a 20 y menor o igual a 99, se escribe directamente su correspondiente valor numerico o se compone - Examples - Example #98" classname="com.globantx.cardinalevaluator.CucumberConfig" time="0.002"/>
  <testcase name="El objetivo es que traduzca frases de todo tipo, que tengan numeros escritos en letras adentro, como por ejemplo: &quot;Quisiera transferir ciento cincuenta pesos a Juan Perez que vive en la calle Rivadavia cuarenta y tres&quot;-&gt; &quot;Quisiera transferir 150 pesos a Juan Perez que vive en la calle Rivadavia 43&quot; - Si la frase es un numero cardinal mayor a 20 y menor o igual a 99, se escribe directamente su correspondiente valor numerico o se compone - Examples - Example #99" classname="com.globantx.cardinalevaluator.CucumberConfig" time="0.002"/>
  <testcase name="El objetivo es que traduzca frases de todo tipo, que tengan numeros escritos en letras adentro, como por ejemplo: &quot;Quisiera transferir ciento cincuenta pesos a Juan Perez que vive en la calle Rivadavia cuarenta y tres&quot;-&gt; &quot;Quisiera transferir 150 pesos a Juan Perez que vive en la calle Rivadavia 43&quot; - Si la frase es un numero cardinal mayor a 20 y menor o igual a 99, se escribe directamente su correspondiente valor numerico o se compone - Examples - Example #100" classname="com.globantx.cardinalevaluator.CucumberConfig" time="0.002"/>
  <testcase name="El objetivo es que traduzca frases de todo tipo, que tengan numeros escritos en letras adentro, como por ejemplo: &quot;Quisiera transferir ciento cincuenta pesos a Juan Perez que vive en la calle Rivadavia cuarenta y tres&quot;-&gt; &quot;Quisiera transferir 150 pesos a Juan Perez que vive en la calle Rivadavia 43&quot; - Si la frase es un numero cardinal mayor a 20 y menor o igual a 99, se escribe directamente su correspondiente valor numerico o se compone - Examples - Example #101" classname="com.globantx.cardinalevaluator.CucumberConfig" time="0.002"/>
  <testcase name="El objetivo es que traduzca frases de todo tipo, que tengan numeros escritos en letras adentro, como por ejemplo: &quot;Quisiera transferir ciento cincuenta pesos a Juan Perez que vive en la calle Rivadavia cuarenta y tres&quot;-&gt; &quot;Quisiera transferir 150 pesos a Juan Perez que vive en la calle Rivadavia 43&quot; - Si la frase es un numero cardinal mayor a 20 y menor o igual a 99, se escribe directamente su correspondiente valor numerico o se compone - Examples - Example #102" classname="com.globantx.cardinalevaluator.CucumberConfig" time="0.002"/>
  <testcase name="El objetivo es que traduzca frases de todo tipo, que tengan numeros escritos en letras adentro, como por ejemplo: &quot;Quisiera transferir ciento cincuenta pesos a Juan Perez que vive en la calle Rivadavia cuarenta y tres&quot;-&gt; &quot;Quisiera transferir 150 pesos a Juan Perez que vive en la calle Rivadavia 43&quot; - Si la frase es un numero cardinal mayor a 20 y menor o igual a 99, se escribe directamente su correspondiente valor numerico o se compone - Examples - Example #103" classname="com.globantx.cardinalevaluator.CucumberConfig" time="0.002"/>
  <testcase name="El objetivo es que traduzca frases de todo tipo, que tengan numeros escritos en letras adentro, como por ejemplo: &quot;Quisiera transferir ciento cincuenta pesos a Juan Perez que vive en la calle Rivadavia cuarenta y tres&quot;-&gt; &quot;Quisiera transferir 150 pesos a Juan Perez que vive en la calle Rivadavia 43&quot; - Si la frase es un numero cardinal mayor a 20 y menor o igual a 99, se escribe directamente su correspondiente valor numerico o se compone - Examples - Example #104" classname="com.globantx.cardinalevaluator.CucumberConfig" time="0.002"/>
  <testcase name="El objetivo es que traduzca frases de todo tipo, que tengan numeros escritos en letras adentro, como por ejemplo: &quot;Quisiera transferir ciento cincuenta pesos a Juan Perez que vive en la calle Rivadavia cuarenta y tres&quot;-&gt; &quot;Quisiera transferir 150 pesos a Juan Perez que vive en la calle Rivadavia 43&quot; - Si la frase es un numero cardinal mayor a 20 y menor o igual a 99, se escribe directamente su correspondiente valor numerico o se compone - Examples - Example #105" classname="com.globantx.cardinalevaluator.CucumberConfig" time="0.002"/>
  <testcase name="El objetivo es que traduzca frases de todo tipo, que tengan numeros escritos en letras adentro, como por ejemplo: &quot;Quisiera transferir ciento cincuenta pesos a Juan Perez que vive en la calle Rivadavia cuarenta y tres&quot;-&gt; &quot;Quisiera transferir 150 pesos a Juan Perez que vive en la calle Rivadavia 43&quot; - Si la frase es un numero cardinal mayor a 20 y menor o igual a 99, se escribe directamente su correspondiente valor numerico o se compone - Examples - Example #106" classname="com.globantx.cardinalevaluator.CucumberConfig" time="0.002"/>
[...]
2022-07-13 19:16:05.201  INFO 36846 --- [    Test worker] .b.t.c.SpringBootTestContextBootstrapper : Loaded default TestExecutionListener class names from location [META-INF/spring.factories]: [org.springframework.boot.test.autoconfigure.restdocs.RestDocsTestExecutionListener, org.springframework.boot.test.autoconfigure.web.client.MockRestServiceServerResetTestExecutionListener, org.springframework.boot.test.autoconfigure.web.servlet.MockMvcPrintOnlyOnFailureTestExecutionListener, org.springframework.boot.test.autoconfigure.web.servlet.WebDriverTestExecutionListener, org.springframework.boot.test.autoconfigure.webservices.client.MockWebServiceServerTestExecutionListener, org.springframework.boot.test.mock.mockito.MockitoTestExecutionListener, org.springframework.boot.test.mock.mockito.ResetMocksTestExecutionListener, org.springframework.test.context.web.ServletTestExecutionListener, org.springframework.test.context.support.DirtiesContextBeforeModesTestExecutionListener, org.springframework.test.context.event.ApplicationEventsTestExecutionListener, org.springframework.test.context.support.DependencyInjectionTestExecutionListener, org.springframework.test.context.support.DirtiesContextTestExecutionListener, org.springframework.test.context.transaction.TransactionalTestExecutionListener, org.springframework.test.context.jdbc.SqlScriptsTestExecutionListener, org.springframework.test.context.event.EventPublishingTestExecutionListener]
2022-07-13 19:16:05.201  INFO 36846 --- [    Test worker] .b.t.c.SpringBootTestContextBootstrapper : Using TestExecutionListeners: [org.springframework.test.context.web.ServletTestExecutionListener@196d684b, org.springframework.test.context.support.DirtiesContextBeforeModesTestExecutionListener@45d38165, org.springframework.test.context.event.ApplicationEventsTestExecutionListener@1f3f434, org.springframework.boot.test.mock.mockito.MockitoTestExecutionListener@26612078, org.springframework.boot.test.autoconfigure.SpringBootDependencyInjectionTestExecutionListener@54bc3bcf, org.springframework.test.context.support.DirtiesContextTestExecutionListener@d3d5094, org.springframework.test.context.event.EventPublishingTestExecutionListener@13714753, org.springframework.boot.test.autoconfigure.restdocs.RestDocsTestExecutionListener@3c3cd7a5, org.springframework.boot.test.autoconfigure.web.client.MockRestServiceServerResetTestExecutionListener@96be1ae, org.springframework.boot.test.autoconfigure.web.servlet.MockMvcPrintOnlyOnFailureTestExecutionListener@6eb5b9e7, org.springframework.boot.test.autoconfigure.web.servlet.WebDriverTestExecutionListener@77e730bd, org.springframework.boot.test.autoconfigure.webservices.client.MockWebServiceServerTestExecutionListener@2d3c501b, org.springframework.boot.test.mock.mockito.ResetMocksTestExecutionListener@7b8cb283]
2022-07-13 19:16:05.202  INFO 36846 --- [    Test worker] .b.t.c.SpringBootTestContextBootstrapper : Neither @ContextConfiguration nor @ContextHierarchy found for test class [com.globantx.cardinalevaluator.CucumberSpringConfiguration], using SpringBootContextLoader
2022-07-13 19:16:05.202  INFO 36846 --- [    Test worker] o.s.t.c.support.AbstractContextLoader    : Could not detect default resource locations for test class [com.globantx.cardinalevaluator.CucumberSpringConfiguration]: no resource found for suffixes {-context.xml, Context.groovy}.
2022-07-13 19:16:05.202  INFO 36846 --- [    Test worker] .b.t.c.SpringBootTestContextBootstrapper : Loaded default TestExecutionListener class names from location [META-INF/spring.factories]: [org.springframework.boot.test.autoconfigure.restdocs.RestDocsTestExecutionListener, org.springframework.boot.test.autoconfigure.web.client.MockRestServiceServerResetTestExecutionListener, org.springframework.boot.test.autoconfigure.web.servlet.MockMvcPrintOnlyOnFailureTestExecutionListener, org.springframework.boot.test.autoconfigure.web.servlet.WebDriverTestExecutionListener, org.springframework.boot.test.autoconfigure.webservices.client.MockWebServiceServerTestExecutionListener, org.springframework.boot.test.mock.mockito.MockitoTestExecutionListener, org.springframework.boot.test.mock.mockito.ResetMocksTestExecutionListener, org.springframework.test.context.web.ServletTestExecutionListener, org.springframework.test.context.support.DirtiesContextBeforeModesTestExecutionListener, org.springframework.test.context.event.ApplicationEventsTestExecutionListener, org.springframework.test.context.support.DependencyInjectionTestExecutionListener, org.springframework.test.context.support.DirtiesContextTestExecutionListener, org.springframework.test.context.transaction.TransactionalTestExecutionListener, org.springframework.test.context.jdbc.SqlScriptsTestExecutionListener, org.springframework.test.context.event.EventPublishingTestExecutionListener]
2022-07-13 19:16:05.203  INFO 36846 --- [    Test worker] .b.t.c.SpringBootTestContextBootstrapper : Using TestExecutionListeners: [org.springframework.test.context.web.ServletTestExecutionListener@38b54694, org.springframework.test.context.support.DirtiesContextBeforeModesTestExecutionListener@7619fbe7, org.springframework.test.context.event.ApplicationEventsTestExecutionListener@39ead1b7, org.springframework.boot.test.mock.mockito.MockitoTestExecutionListener@27ec74a3, org.springframework.boot.test.autoconfigure.SpringBootDependencyInjectionTestExecutionListener@35ff072c, org.springframework.test.context.support.DirtiesContextTestExecutionListener@c0004b7, org.springframework.test.context.event.EventPublishingTestExecutionListener@63880be9, org.springframework.boot.test.autoconfigure.restdocs.RestDocsTestExecutionListener@27053257, org.springframework.boot.test.autoconfigure.web.client.MockRestServiceServerResetTestExecutionListener@6a0e97fc, org.springframework.boot.test.autoconfigure.web.servlet.MockMvcPrintOnlyOnFailureTestExecutionListener@662713b6, org.springframework.boot.test.autoconfigure.web.servlet.WebDriverTestExecutionListener@45539bd8, org.springframework.boot.test.autoconfigure.webservices.client.MockWebServiceServerTestExecutionListener@4bca8eaf, org.springframework.boot.test.mock.mockito.ResetMocksTestExecutionListener@55e5415d]
2022-07-13 19:16:05.204  INFO 36846 --- [    Test worker] .b.t.c.SpringBootTestContextBootstrapper : Neither @ContextConfiguration nor @ContextHierarchy found for test class [com.globantx.cardinalevaluator.CucumberSpringConfiguration], using SpringBootContextLoader
2022-07-13 19:16:05.204  INFO 36846 --- [    Test worker] o.s.t.c.support.AbstractContextLoader    : Could not detect default resource locations for test class [com.globantx.cardinalevaluator.CucumberSpringConfiguration]: no resource found for suffixes {-context.xml, Context.groovy}.
2022-07-13 19:16:05.205  INFO 36846 --- [    Test worker] .b.t.c.SpringBootTestContextBootstrapper : Loaded default TestExecutionListener class names from location [META-INF/spring.factories]: [org.springframework.boot.test.autoconfigure.restdocs.RestDocsTestExecutionListener, org.springframework.boot.test.autoconfigure.web.client.MockRestServiceServerResetTestExecutionListener, org.springframework.boot.test.autoconfigure.web.servlet.MockMvcPrintOnlyOnFailureTestExecutionListener, org.springframework.boot.test.autoconfigure.web.servlet.WebDriverTestExecutionListener, org.springframework.boot.test.autoconfigure.webservices.client.MockWebServiceServerTestExecutionListener, org.springframework.boot.test.mock.mockito.MockitoTestExecutionListener, org.springframework.boot.test.mock.mockito.ResetMocksTestExecutionListener, org.springframework.test.context.web.ServletTestExecutionListener, org.springframework.test.context.support.DirtiesContextBeforeModesTestExecutionListener, org.springframework.test.context.event.ApplicationEventsTestExecutionListener, org.springframework.test.context.support.DependencyInjectionTestExecutionListener, org.springframework.test.context.support.DirtiesContextTestExecutionListener, org.springframework.test.context.transaction.TransactionalTestExecutionListener, org.springframework.test.context.jdbc.SqlScriptsTestExecutionListener, org.springframework.test.context.event.EventPublishingTestExecutionListener]
2022-07-13 19:16:05.205  INFO 36846 --- [    Test worker] .b.t.c.SpringBootTestContextBootstrapper : Using TestExecutionListeners: [org.springframework.test.context.web.ServletTestExecutionListener@b8142f4, org.springframework.test.context.support.DirtiesContextBeforeModesTestExecutionListener@52d59507, org.springframework.test.context.event.ApplicationEventsTestExecutionListener@4d75c604, org.springframework.boot.test.mock.mockito.MockitoTestExecutionListener@3265995e, org.springframework.boot.test.autoconfigure.SpringBootDependencyInjectionTestExecutionListener@33f2eb04, org.springframework.test.context.support.DirtiesContextTestExecutionListener@4df13dd0, org.springframework.test.context.event.EventPublishingTestExecutionListener@2ed7978c, org.springframework.boot.test.autoconfigure.restdocs.RestDocsTestExecutionListener@30665461, org.springframework.boot.test.autoconfigure.web.client.MockRestServiceServerResetTestExecutionListener@146833a2, org.springframework.boot.test.autoconfigure.web.servlet.MockMvcPrintOnlyOnFailureTestExecutionListener@50b38342, org.springframework.boot.test.autoconfigure.web.servlet.WebDriverTestExecutionListener@424a152f, org.springframework.boot.test.autoconfigure.webservices.client.MockWebServiceServerTestExecutionListener@408d945b, org.springframework.boot.test.mock.mockito.ResetMocksTestExecutionListener@15ad5acb]
2022-07-13 19:16:05.206  INFO 36846 --- [    Test worker] .b.t.c.SpringBootTestContextBootstrapper : Neither @ContextConfiguration nor @ContextHierarchy found for test class [com.globantx.cardinalevaluator.CucumberSpringConfiguration], using SpringBootContextLoader
2022-07-13 19:16:05.206  INFO 36846 --- [    Test worker] o.s.t.c.support.AbstractContextLoader    : Could not detect default resource locations for test class [com.globantx.cardinalevaluator.CucumberSpringConfiguration]: no resource found for suffixes {-context.xml, Context.groovy}.
2022-07-13 19:16:05.207  INFO 36846 --- [    Test worker] .b.t.c.SpringBootTestContextBootstrapper : Loaded default TestExecutionListener class names from location [META-INF/spring.factories]: [org.springframework.boot.test.autoconfigure.restdocs.RestDocsTestExecutionListener, org.springframework.boot.test.autoconfigure.web.client.MockRestServiceServerResetTestExecutionListener, org.springframework.boot.test.autoconfigure.web.servlet.MockMvcPrintOnlyOnFailureTestExecutionListener, org.springframework.boot.test.autoconfigure.web.servlet.WebDriverTestExecutionListener, org.springframework.boot.test.autoconfigure.webservices.client.MockWebServiceServerTestExecutionListener, org.springframework.boot.test.mock.mockito.MockitoTestExecutionListener, org.springframework.boot.test.mock.mockito.ResetMocksTestExecutionListener, org.springframework.test.context.web.ServletTestExecutionListener, org.springframework.test.context.support.DirtiesContextBeforeModesTestExecutionListener, org.springframework.test.context.event.ApplicationEventsTestExecutionListener, org.springframework.test.context.support.DependencyInjectionTestExecutionListener, org.springframework.test.context.support.DirtiesContextTestExecutionListener, org.springframework.test.context.transaction.TransactionalTestExecutionListener, org.springframework.test.context.jdbc.SqlScriptsTestExecutionListener, org.springframework.test.context.event.EventPublishingTestExecutionListener]
2022-07-13 19:16:05.207  INFO 36846 --- [    Test worker] .b.t.c.SpringBootTestContextBootstrapper : Using TestExecutionListeners: [org.springframework.test.context.web.ServletTestExecutionListener@59c862af, org.springframework.test.context.support.DirtiesContextBeforeModesTestExecutionListener@4bb9f7d4, org.springframework.test.context.event.ApplicationEventsTestExecutionListener@673a9db4, org.springframework.boot.test.mock.mockito.MockitoTestExecutionListener@183ef89a, org.springframework.boot.test.autoconfigure.SpringBootDependencyInjectionTestExecutionListener@2792c28, org.springframework.test.context.support.DirtiesContextTestExecutionListener@6fa7ce4, org.springframework.test.context.event.EventPublishingTestExecutionListener@351e86b2, org.springframework.boot.test.autoconfigure.restdocs.RestDocsTestExecutionListener@5a8b42a3, org.springframework.boot.test.autoconfigure.web.client.MockRestServiceServerResetTestExecutionListener@11582db6, org.springframework.boot.test.autoconfigure.web.servlet.MockMvcPrintOnlyOnFailureTestExecutionListener@44106e25, org.springframework.boot.test.autoconfigure.web.servlet.WebDriverTestExecutionListener@57a5b03, org.springframework.boot.test.autoconfigure.webservices.client.MockWebServiceServerTestExecutionListener@5649f55, org.springframework.boot.test.mock.mockito.ResetMocksTestExecutionListener@558127d2]
2022-07-13 19:16:05.208  INFO 36846 --- [    Test worker] .b.t.c.SpringBootTestContextBootstrapper : Neither @ContextConfiguration nor @ContextHierarchy found for test class [com.globantx.cardinalevaluator.CucumberSpringConfiguration], using SpringBootContextLoader
2022-07-13 19:16:05.208  INFO 36846 --- [    Test worker] o.s.t.c.support.AbstractContextLoader    : Could not detect default resource locations for test class [com.globantx.cardinalevaluator.CucumberSpringConfiguration]: no resource found for suffixes {-context.xml, Context.groovy}.
2022-07-13 19:16:05.209  INFO 36846 --- [    Test worker] .b.t.c.SpringBootTestContextBootstrapper : Loaded default TestExecutionListener class names from location [META-INF/spring.factories]: [org.springframework.boot.test.autoconfigure.restdocs.RestDocsTestExecutionListener, org.springframework.boot.test.autoconfigure.web.client.MockRestServiceServerResetTestExecutionListener, org.springframework.boot.test.autoconfigure.web.servlet.MockMvcPrintOnlyOnFailureTestExecutionListener, org.springframework.boot.test.autoconfigure.web.servlet.WebDriverTestExecutionListener, org.springframework.boot.test.autoconfigure.webservices.client.MockWebServiceServerTestExecutionListener, org.springframework.boot.test.mock.mockito.MockitoTestExecutionListener, org.springframework.boot.test.mock.mockito.ResetMocksTestExecutionListener, org.springframework.test.context.web.ServletTestExecutionListener, org.springframework.test.context.support.DirtiesContextBeforeModesTestExecutionListener, org.springframework.test.context.event.ApplicationEventsTestExecutionListener, org.springframework.test.context.support.DependencyInjectionTestExecutionListener, org.springframework.test.context.support.DirtiesContextTestExecutionListener, org.springframework.test.context.transaction.TransactionalTestExecutionListener, org.springframework.test.context.jdbc.SqlScriptsTestExecutionListener, org.springframework.test.context.event.EventPublishingTestExecutionListener]
2022-07-13 19:16:05.209  INFO 36846 --- [    Test worker] .b.t.c.SpringBootTestContextBootstrapper : Using TestExecutionListeners: [org.springframework.test.context.web.ServletTestExecutionListener@12270a01, org.springframework.test.context.support.DirtiesContextBeforeModesTestExecutionListener@4552f905, org.springframework.test.context.event.ApplicationEventsTestExecutionListener@646d58cd, org.springframework.boot.test.mock.mockito.MockitoTestExecutionListener@388e4c25, org.springframework.boot.test.autoconfigure.SpringBootDependencyInjectionTestExecutionListener@12532e37, org.springframework.test.context.support.DirtiesContextTestExecutionListener@401b67a9, org.springframework.test.context.event.EventPublishingTestExecutionListener@4e3ee457, org.springframework.boot.test.autoconfigure.restdocs.RestDocsTestExecutionListener@41b66d1, org.springframework.boot.test.autoconfigure.web.client.MockRestServiceServerResetTestExecutionListener@fb2c2f3, org.springframework.boot.test.autoconfigure.web.servlet.MockMvcPrintOnlyOnFailureTestExecutionListener@148fca83, org.springframework.boot.test.autoconfigure.web.servlet.WebDriverTestExecutionListener@2d2a8819, org.springframework.boot.test.autoconfigure.webservices.client.MockWebServiceServerTestExecutionListener@72585e83, org.springframework.boot.test.mock.mockito.ResetMocksTestExecutionListener@6b64bf61]
2022-07-13 19:16:05.210  INFO 36846 --- [    Test worker] .b.t.c.SpringBootTestContextBootstrapper : Neither @ContextConfiguration nor @ContextHierarchy found for test class [com.globantx.cardinalevaluator.CucumberSpringConfiguration], using SpringBootContextLoader
2022-07-13 19:16:05.210  INFO 36846 --- [    Test worker] o.s.t.c.support.AbstractContextLoader    : Could not detect default resource locations for test class [com.globantx.cardinalevaluator.CucumberSpringConfiguration]: no resource found for suffixes {-context.xml, Context.groovy}.
2022-07-13 19:16:05.211  INFO 36846 --- [    Test worker] .b.t.c.SpringBootTestContextBootstrapper : Loaded default TestExecutionListener class names from location [META-INF/spring.factories]: [org.springframework.boot.test.autoconfigure.restdocs.RestDocsTestExecutionListener, org.springframework.boot.test.autoconfigure.web.client.MockRestServiceServerResetTestExecutionListener, org.springframework.boot.test.autoconfigure.web.servlet.MockMvcPrintOnlyOnFailureTestExecutionListener, org.springframework.boot.test.autoconfigure.web.servlet.WebDriverTestExecutionListener, org.springframework.boot.test.autoconfigure.webservices.client.MockWebServiceServerTestExecutionListener, org.springframework.boot.test.mock.mockito.MockitoTestExecutionListener, org.springframework.boot.test.mock.mockito.ResetMocksTestExecutionListener, org.springframework.test.context.web.ServletTestExecutionListener, org.springframework.test.context.support.DirtiesContextBeforeModesTestExecutionListener, org.springframework.test.context.event.ApplicationEventsTestExecutionListener, org.springframework.test.context.support.DependencyInjectionTestExecutionListener, org.springframework.test.context.support.DirtiesContextTestExecutionListener, org.springframework.test.context.transaction.TransactionalTestExecutionListener, org.springframework.test.context.jdbc.SqlScriptsTestExecutionListener, org.springframework.test.context.event.EventPublishingTestExecutionListener]
2022-07-13 19:16:05.211  INFO 36846 --- [    Test worker] .b.t.c.SpringBootTestContextBootstrapper : Using TestExecutionListeners: [org.springframework.test.context.web.ServletTestExecutionListener@1d5bb5c, org.springframework.test.context.support.DirtiesContextBeforeModesTestExecutionListener@7846913f, org.springframework.test.context.event.ApplicationEventsTestExecutionListener@48da64f2, org.springframework.boot.test.mock.mockito.MockitoTestExecutionListener@60b553f, org.springframework.boot.test.autoconfigure.SpringBootDependencyInjectionTestExecutionListener@2aa811f9, org.springframework.test.context.support.DirtiesContextTestExecutionListener@66abb2fa, org.springframework.test.context.event.EventPublishingTestExecutionListener@7d4da729, org.springframework.boot.test.autoconfigure.restdocs.RestDocsTestExecutionListener@2133b712, org.springframework.boot.test.autoconfigure.web.client.MockRestServiceServerResetTestExecutionListener@4b7e4d14, org.springframework.boot.test.autoconfigure.web.servlet.MockMvcPrintOnlyOnFailureTestExecutionListener@70f91ae3, org.springframework.boot.test.autoconfigure.web.servlet.WebDriverTestExecutionListener@601d9f3a, org.springframework.boot.test.autoconfigure.webservices.client.MockWebServiceServerTestExecutionListener@5c2a3f0c, org.springframework.boot.test.mock.mockito.ResetMocksTestExecutionListener@6585df70]
]]></system-out>
  <system-err><![CDATA[]]></system-err>
</testsuite>
